
*** Running vivado
    with args -log design_1_AXI_GammaCorrection_0_0.vds -m64 -product Vivado -mode batch -messageDb vivado.pb -notrace -source design_1_AXI_GammaCorrection_0_0.tcl


****** Vivado v2022.1 (64-bit)
  **** SW Build 3526262 on Mon Apr 18 15:47:01 MDT 2022
  **** IP Build 3524634 on Mon Apr 18 20:55:01 MDT 2022
    ** Copyright 1986-2022 Xilinx, Inc. All Rights Reserved.

source design_1_AXI_GammaCorrection_0_0.tcl -notrace
create_project: Time (s): cpu = 00:00:07 ; elapsed = 00:00:05 . Memory (MB): peak = 2912.891 ; gain = 5.961 ; free physical = 4862 ; free virtual = 31427
INFO: [IP_Flow 19-234] Refreshing IP repositories
INFO: [IP_Flow 19-1700] Loaded user IP repository '/home/ernesto/workstation/Systems_Cleanbot/MIPI_HDMI_IMAGER/block_compile.ipdefs/digilent_0'.
INFO: [IP_Flow 19-2313] Loaded Vivado IP repository '/opt/Vivado/2022.1/data/ip'.
Command: synth_design -top design_1_AXI_GammaCorrection_0_0 -part xc7z020clg400-1 -incremental_mode off -mode out_of_context
Starting synth_design
Attempting to get a license for feature 'Synthesis' and/or device 'xc7z020'
INFO: [Common 17-349] Got license for feature 'Synthesis' and/or device 'xc7z020'
INFO: [Device 21-403] Loading part xc7z020clg400-1
INFO: [Synth 8-7079] Multithreading enabled for synth_design using a maximum of 4 processes.
INFO: [Synth 8-7078] Launching helper process for spawning children vivado processes
INFO: [Synth 8-7075] Helper process launched with PID 11780
WARNING: [Synth 8-9501] generate block is allowed only inside loop and conditional generate in SystemVerilog mode [/opt/Vivado/2022.1/data/ip/xpm/xpm_fifo/hdl/xpm_fifo.sv:4023]
---------------------------------------------------------------------------------
Starting RTL Elaboration : Time (s): cpu = 00:00:06 ; elapsed = 00:00:09 . Memory (MB): peak = 2912.891 ; gain = 0.000 ; free physical = 2980 ; free virtual = 25238
---------------------------------------------------------------------------------
INFO: [Synth 8-638] synthesizing module 'design_1_AXI_GammaCorrection_0_0' [/home/ernesto/workstation/Systems_Cleanbot/hardware/PiCAM/PiCAM.srcs/sources_1/bd/design_1/ip/design_1_AXI_GammaCorrection_0_0_1/synth/design_1_AXI_GammaCorrection_0_0.vhd:94]
	Parameter kAXI_InputDataWidth bound to: 32 - type: integer 
	Parameter kAXI_OutputDataWidth bound to: 24 - type: integer 
	Parameter kInputColorWidth bound to: 10 - type: integer 
	Parameter C_S_AXI_DATA_WIDTH bound to: 32 - type: integer 
	Parameter C_S_AXI_ADDR_WIDTH bound to: 3 - type: integer 
INFO: [Synth 8-3491] module 'AXI_GammaCorrection' declared at '/home/ernesto/workstation/Systems_Cleanbot/hardware/PiCAM/PiCAM.srcs/sources_1/bd/design_1/ipshared/2846/hdl/AXI_GammaCorrection.vhd:57' bound to instance 'U0' of component 'AXI_GammaCorrection' [/home/ernesto/workstation/Systems_Cleanbot/hardware/PiCAM/PiCAM.srcs/sources_1/bd/design_1/ip/design_1_AXI_GammaCorrection_0_0_1/synth/design_1_AXI_GammaCorrection_0_0.vhd:188]
INFO: [Synth 8-638] synthesizing module 'AXI_GammaCorrection' [/home/ernesto/workstation/Systems_Cleanbot/hardware/PiCAM/PiCAM.srcs/sources_1/bd/design_1/ipshared/2846/hdl/AXI_GammaCorrection.vhd:143]
INFO: [Synth 8-638] synthesizing module 'StoredGammaCoefs' [/home/ernesto/workstation/Systems_Cleanbot/hardware/PiCAM/PiCAM.srcs/sources_1/bd/design_1/ipshared/2846/hdl/StoredGammaCoefs.vhd:53]
INFO: [Synth 8-256] done synthesizing module 'StoredGammaCoefs' (0#1) [/home/ernesto/workstation/Systems_Cleanbot/hardware/PiCAM/PiCAM.srcs/sources_1/bd/design_1/ipshared/2846/hdl/StoredGammaCoefs.vhd:53]
INFO: [Synth 8-256] done synthesizing module 'AXI_GammaCorrection' (0#1) [/home/ernesto/workstation/Systems_Cleanbot/hardware/PiCAM/PiCAM.srcs/sources_1/bd/design_1/ipshared/2846/hdl/AXI_GammaCorrection.vhd:143]
INFO: [Synth 8-256] done synthesizing module 'design_1_AXI_GammaCorrection_0_0' (0#1) [/home/ernesto/workstation/Systems_Cleanbot/hardware/PiCAM/PiCAM.srcs/sources_1/bd/design_1/ip/design_1_AXI_GammaCorrection_0_0_1/synth/design_1_AXI_GammaCorrection_0_0.vhd:94]
WARNING: [Synth 8-6014] Unused sequential element axi_araddr_reg was removed.  [/home/ernesto/workstation/Systems_Cleanbot/hardware/PiCAM/PiCAM.srcs/sources_1/bd/design_1/ipshared/2846/hdl/AXI_GammaCorrection.vhd:367]
WARNING: [Synth 8-7129] Port s_axis_video_tdata[31] in module AXI_GammaCorrection is either unconnected or has no load
WARNING: [Synth 8-7129] Port s_axis_video_tdata[30] in module AXI_GammaCorrection is either unconnected or has no load
WARNING: [Synth 8-7129] Port S_AXI_AWPROT[2] in module AXI_GammaCorrection is either unconnected or has no load
WARNING: [Synth 8-7129] Port S_AXI_AWPROT[1] in module AXI_GammaCorrection is either unconnected or has no load
WARNING: [Synth 8-7129] Port S_AXI_AWPROT[0] in module AXI_GammaCorrection is either unconnected or has no load
WARNING: [Synth 8-7129] Port S_AXI_ARADDR[2] in module AXI_GammaCorrection is either unconnected or has no load
WARNING: [Synth 8-7129] Port S_AXI_ARADDR[1] in module AXI_GammaCorrection is either unconnected or has no load
WARNING: [Synth 8-7129] Port S_AXI_ARADDR[0] in module AXI_GammaCorrection is either unconnected or has no load
WARNING: [Synth 8-7129] Port S_AXI_ARPROT[2] in module AXI_GammaCorrection is either unconnected or has no load
WARNING: [Synth 8-7129] Port S_AXI_ARPROT[1] in module AXI_GammaCorrection is either unconnected or has no load
WARNING: [Synth 8-7129] Port S_AXI_ARPROT[0] in module AXI_GammaCorrection is either unconnected or has no load
---------------------------------------------------------------------------------
Finished RTL Elaboration : Time (s): cpu = 00:00:08 ; elapsed = 00:00:11 . Memory (MB): peak = 2912.891 ; gain = 0.000 ; free physical = 2671 ; free virtual = 25073
---------------------------------------------------------------------------------
---------------------------------------------------------------------------------
Start Handling Custom Attributes
---------------------------------------------------------------------------------
---------------------------------------------------------------------------------
Finished Handling Custom Attributes : Time (s): cpu = 00:00:08 ; elapsed = 00:00:11 . Memory (MB): peak = 2912.891 ; gain = 0.000 ; free physical = 2665 ; free virtual = 25066
---------------------------------------------------------------------------------
---------------------------------------------------------------------------------
Finished RTL Optimization Phase 1 : Time (s): cpu = 00:00:08 ; elapsed = 00:00:11 . Memory (MB): peak = 2912.891 ; gain = 0.000 ; free physical = 2665 ; free virtual = 25066
---------------------------------------------------------------------------------
Netlist sorting complete. Time (s): cpu = 00:00:00.01 ; elapsed = 00:00:00 . Memory (MB): peak = 2912.891 ; gain = 0.000 ; free physical = 2647 ; free virtual = 25049
INFO: [Project 1-570] Preparing netlist for logic optimization

Processing XDC Constraints
Initializing timing engine
Parsing XDC File [/home/ernesto/workstation/Systems_Cleanbot/hardware/PiCAM/PiCAM.srcs/sources_1/bd/design_1/ip/design_1_AXI_GammaCorrection_0_0_1/xdc/AXI_GammaCorrection.xdc] for cell 'U0'
Finished Parsing XDC File [/home/ernesto/workstation/Systems_Cleanbot/hardware/PiCAM/PiCAM.srcs/sources_1/bd/design_1/ip/design_1_AXI_GammaCorrection_0_0_1/xdc/AXI_GammaCorrection.xdc] for cell 'U0'
Parsing XDC File [/home/ernesto/workstation/Systems_Cleanbot/hardware/PiCAM/PiCAM.runs/design_1_AXI_GammaCorrection_0_0_synth_1/dont_touch.xdc]
Finished Parsing XDC File [/home/ernesto/workstation/Systems_Cleanbot/hardware/PiCAM/PiCAM.runs/design_1_AXI_GammaCorrection_0_0_synth_1/dont_touch.xdc]
Completed Processing XDC Constraints

Netlist sorting complete. Time (s): cpu = 00:00:00 ; elapsed = 00:00:00 . Memory (MB): peak = 2976.922 ; gain = 0.000 ; free physical = 1372 ; free virtual = 23834
INFO: [Project 1-111] Unisim Transformation Summary:
No Unisim elements were transformed.

Constraint Validation Runtime : Time (s): cpu = 00:00:00.03 ; elapsed = 00:00:00.04 . Memory (MB): peak = 2976.922 ; gain = 0.000 ; free physical = 1364 ; free virtual = 23827
INFO: [Designutils 20-5008] Incremental synthesis strategy off
---------------------------------------------------------------------------------
Finished Constraint Validation : Time (s): cpu = 00:00:14 ; elapsed = 00:00:19 . Memory (MB): peak = 2976.922 ; gain = 64.031 ; free physical = 2140 ; free virtual = 24650
---------------------------------------------------------------------------------
---------------------------------------------------------------------------------
Start Loading Part and Timing Information
---------------------------------------------------------------------------------
Loading part: xc7z020clg400-1
---------------------------------------------------------------------------------
Finished Loading Part and Timing Information : Time (s): cpu = 00:00:14 ; elapsed = 00:00:19 . Memory (MB): peak = 2976.922 ; gain = 64.031 ; free physical = 2138 ; free virtual = 24648
---------------------------------------------------------------------------------
---------------------------------------------------------------------------------
Start Applying 'set_property' XDC Constraints
---------------------------------------------------------------------------------
Applied set_property KEEP_HIERARCHY = SOFT for U0. (constraint file  /home/ernesto/workstation/Systems_Cleanbot/hardware/PiCAM/PiCAM.runs/design_1_AXI_GammaCorrection_0_0_synth_1/dont_touch.xdc, line 9).
---------------------------------------------------------------------------------
Finished applying 'set_property' XDC Constraints : Time (s): cpu = 00:00:14 ; elapsed = 00:00:19 . Memory (MB): peak = 2976.922 ; gain = 64.031 ; free physical = 2121 ; free virtual = 24636
---------------------------------------------------------------------------------
---------------------------------------------------------------------------------
Finished RTL Optimization Phase 2 : Time (s): cpu = 00:00:15 ; elapsed = 00:00:19 . Memory (MB): peak = 2976.922 ; gain = 64.031 ; free physical = 1955 ; free virtual = 24526
---------------------------------------------------------------------------------
---------------------------------------------------------------------------------
Start RTL Component Statistics 
---------------------------------------------------------------------------------
Detailed RTL Component Info : 
+---Registers : 
	               32 Bit    Registers := 1     
	                8 Bit    Registers := 3     
	                3 Bit    Registers := 1     
	                2 Bit    Registers := 2     
	                1 Bit    Registers := 8     
+---Muxes : 
	   2 Input   32 Bit        Muxes := 2     
	   4 Input    8 Bit        Muxes := 3     
	   2 Input    8 Bit        Muxes := 3     
	   2 Input    1 Bit        Muxes := 6     
---------------------------------------------------------------------------------
Finished RTL Component Statistics 
---------------------------------------------------------------------------------
---------------------------------------------------------------------------------
Start Part Resource Summary
---------------------------------------------------------------------------------
Part Resources:
DSPs: 220 (col length:60)
BRAMs: 280 (col length: RAMB18 60 RAMB36 30)
---------------------------------------------------------------------------------
Finished Part Resource Summary
---------------------------------------------------------------------------------
---------------------------------------------------------------------------------
Start Cross Boundary and Area Optimization
---------------------------------------------------------------------------------
WARNING: [Synth 8-7080] Parallel synthesis criteria is not met
WARNING: [Synth 8-7129] Port s_axis_video_tdata[31] in module AXI_GammaCorrection is either unconnected or has no load
WARNING: [Synth 8-7129] Port s_axis_video_tdata[30] in module AXI_GammaCorrection is either unconnected or has no load
WARNING: [Synth 8-7129] Port S_AXI_AWPROT[2] in module AXI_GammaCorrection is either unconnected or has no load
WARNING: [Synth 8-7129] Port S_AXI_AWPROT[1] in module AXI_GammaCorrection is either unconnected or has no load
WARNING: [Synth 8-7129] Port S_AXI_AWPROT[0] in module AXI_GammaCorrection is either unconnected or has no load
WARNING: [Synth 8-7129] Port S_AXI_ARADDR[2] in module AXI_GammaCorrection is either unconnected or has no load
WARNING: [Synth 8-7129] Port S_AXI_ARADDR[1] in module AXI_GammaCorrection is either unconnected or has no load
WARNING: [Synth 8-7129] Port S_AXI_ARADDR[0] in module AXI_GammaCorrection is either unconnected or has no load
WARNING: [Synth 8-7129] Port S_AXI_ARPROT[2] in module AXI_GammaCorrection is either unconnected or has no load
WARNING: [Synth 8-7129] Port S_AXI_ARPROT[1] in module AXI_GammaCorrection is either unconnected or has no load
WARNING: [Synth 8-7129] Port S_AXI_ARPROT[0] in module AXI_GammaCorrection is either unconnected or has no load
---------------------------------------------------------------------------------
Finished Cross Boundary and Area Optimization : Time (s): cpu = 00:00:50 ; elapsed = 00:00:55 . Memory (MB): peak = 2976.922 ; gain = 64.031 ; free physical = 4456 ; free virtual = 30221
---------------------------------------------------------------------------------
---------------------------------------------------------------------------------
Start ROM, RAM, DSP, Shift Register and Retiming Reporting
---------------------------------------------------------------------------------

ROM: Preliminary Mapping Report
+--------------------+-----------------+---------------+----------------+
|Module Name         | RTL Object      | Depth x Width | Implemented As | 
+--------------------+-----------------+---------------+----------------+
|StoredGammaCoefs    | rStoredCoefs2_2 | 1024x8        | LUT            | 
|StoredGammaCoefs    | rStoredCoefs1_8 | 1024x8        | LUT            | 
|StoredGammaCoefs    | rStoredCoefs1_5 | 1024x8        | LUT            | 
|StoredGammaCoefs    | rStoredCoefs1_2 | 1024x8        | LUT            | 
|AXI_GammaCorrection | p_0_out         | 1024x8        | LUT            | 
|AXI_GammaCorrection | p_0_out         | 1024x8        | LUT            | 
|AXI_GammaCorrection | p_0_out         | 1024x8        | LUT            | 
|AXI_GammaCorrection | p_0_out         | 1024x8        | LUT            | 
|AXI_GammaCorrection | p_0_out         | 1024x8        | LUT            | 
|AXI_GammaCorrection | p_0_out         | 1024x8        | LUT            | 
|AXI_GammaCorrection | p_0_out         | 1024x8        | LUT            | 
|AXI_GammaCorrection | p_0_out         | 1024x8        | LUT            | 
|AXI_GammaCorrection | p_0_out         | 1024x8        | LUT            | 
|AXI_GammaCorrection | p_0_out         | 1024x8        | LUT            | 
|AXI_GammaCorrection | p_0_out         | 1024x8        | LUT            | 
+--------------------+-----------------+---------------+----------------+

---------------------------------------------------------------------------------
Finished ROM, RAM, DSP, Shift Register and Retiming Reporting
---------------------------------------------------------------------------------
---------------------------------------------------------------------------------
Start Applying XDC Timing Constraints
---------------------------------------------------------------------------------
---------------------------------------------------------------------------------
Finished Applying XDC Timing Constraints : Time (s): cpu = 00:00:58 ; elapsed = 00:01:08 . Memory (MB): peak = 2976.922 ; gain = 64.031 ; free physical = 1957 ; free virtual = 25059
---------------------------------------------------------------------------------
---------------------------------------------------------------------------------
Start Timing Optimization
---------------------------------------------------------------------------------
---------------------------------------------------------------------------------
Finished Timing Optimization : Time (s): cpu = 00:00:58 ; elapsed = 00:01:09 . Memory (MB): peak = 2976.922 ; gain = 64.031 ; free physical = 2796 ; free virtual = 25925
---------------------------------------------------------------------------------
---------------------------------------------------------------------------------
Start Technology Mapping
---------------------------------------------------------------------------------
---------------------------------------------------------------------------------
Finished Technology Mapping : Time (s): cpu = 00:00:59 ; elapsed = 00:01:11 . Memory (MB): peak = 2976.922 ; gain = 64.031 ; free physical = 2541 ; free virtual = 25740
---------------------------------------------------------------------------------
---------------------------------------------------------------------------------
Start IO Insertion
---------------------------------------------------------------------------------
---------------------------------------------------------------------------------
Start Flattening Before IO Insertion
---------------------------------------------------------------------------------
---------------------------------------------------------------------------------
Finished Flattening Before IO Insertion
---------------------------------------------------------------------------------
---------------------------------------------------------------------------------
Start Final Netlist Cleanup
---------------------------------------------------------------------------------
---------------------------------------------------------------------------------
Finished Final Netlist Cleanup
---------------------------------------------------------------------------------
---------------------------------------------------------------------------------
Finished IO Insertion : Time (s): cpu = 00:01:05 ; elapsed = 00:01:22 . Memory (MB): peak = 2976.922 ; gain = 64.031 ; free physical = 2035 ; free virtual = 26668
---------------------------------------------------------------------------------
---------------------------------------------------------------------------------
Start Renaming Generated Instances
---------------------------------------------------------------------------------
---------------------------------------------------------------------------------
Finished Renaming Generated Instances : Time (s): cpu = 00:01:05 ; elapsed = 00:01:22 . Memory (MB): peak = 2976.922 ; gain = 64.031 ; free physical = 2035 ; free virtual = 26668
---------------------------------------------------------------------------------
---------------------------------------------------------------------------------
Start Rebuilding User Hierarchy
---------------------------------------------------------------------------------
---------------------------------------------------------------------------------
Finished Rebuilding User Hierarchy : Time (s): cpu = 00:01:05 ; elapsed = 00:01:22 . Memory (MB): peak = 2976.922 ; gain = 64.031 ; free physical = 2018 ; free virtual = 26649
---------------------------------------------------------------------------------
---------------------------------------------------------------------------------
Start Renaming Generated Ports
---------------------------------------------------------------------------------
---------------------------------------------------------------------------------
Finished Renaming Generated Ports : Time (s): cpu = 00:01:05 ; elapsed = 00:01:22 . Memory (MB): peak = 2976.922 ; gain = 64.031 ; free physical = 2022 ; free virtual = 26653
---------------------------------------------------------------------------------
---------------------------------------------------------------------------------
Start Handling Custom Attributes
---------------------------------------------------------------------------------
---------------------------------------------------------------------------------
Finished Handling Custom Attributes : Time (s): cpu = 00:01:05 ; elapsed = 00:01:22 . Memory (MB): peak = 2976.922 ; gain = 64.031 ; free physical = 2025 ; free virtual = 26656
---------------------------------------------------------------------------------
---------------------------------------------------------------------------------
Start Renaming Generated Nets
---------------------------------------------------------------------------------
---------------------------------------------------------------------------------
Finished Renaming Generated Nets : Time (s): cpu = 00:01:05 ; elapsed = 00:01:22 . Memory (MB): peak = 2976.922 ; gain = 64.031 ; free physical = 2018 ; free virtual = 26649
---------------------------------------------------------------------------------
---------------------------------------------------------------------------------
Start Writing Synthesis Report
---------------------------------------------------------------------------------

Report BlackBoxes: 
+-+--------------+----------+
| |BlackBox name |Instances |
+-+--------------+----------+
+-+--------------+----------+

Report Cell Usage: 
+------+------+------+
|      |Cell  |Count |
+------+------+------+
|1     |LUT1  |     1|
|2     |LUT2  |    18|
|3     |LUT3  |    39|
|4     |LUT4  |    34|
|5     |LUT5  |    76|
|6     |LUT6  |  1047|
|7     |MUXF7 |   366|
|8     |MUXF8 |   142|
|9     |FDRE  |    36|
+------+------+------+
---------------------------------------------------------------------------------
Finished Writing Synthesis Report : Time (s): cpu = 00:01:05 ; elapsed = 00:01:22 . Memory (MB): peak = 2976.922 ; gain = 64.031 ; free physical = 2019 ; free virtual = 26655
---------------------------------------------------------------------------------
Synthesis finished with 0 errors, 0 critical warnings and 12 warnings.
Synthesis Optimization Runtime : Time (s): cpu = 00:01:03 ; elapsed = 00:01:20 . Memory (MB): peak = 2976.922 ; gain = 0.000 ; free physical = 2017 ; free virtual = 26673
Synthesis Optimization Complete : Time (s): cpu = 00:01:05 ; elapsed = 00:01:23 . Memory (MB): peak = 2976.922 ; gain = 64.031 ; free physical = 2013 ; free virtual = 26670
INFO: [Project 1-571] Translating synthesized netlist
Netlist sorting complete. Time (s): cpu = 00:00:00.02 ; elapsed = 00:00:00.02 . Memory (MB): peak = 2976.922 ; gain = 0.000 ; free physical = 1937 ; free virtual = 26652
INFO: [Netlist 29-17] Analyzing 508 Unisim elements for replacement
INFO: [Netlist 29-28] Unisim Transformation completed in 0 CPU seconds
INFO: [Project 1-570] Preparing netlist for logic optimization
INFO: [Opt 31-138] Pushed 0 inverter(s) to 0 load pin(s).
Netlist sorting complete. Time (s): cpu = 00:00:00 ; elapsed = 00:00:00.01 . Memory (MB): peak = 2976.922 ; gain = 0.000 ; free physical = 2268 ; free virtual = 27133
INFO: [Project 1-111] Unisim Transformation Summary:
No Unisim elements were transformed.

Synth Design complete, checksum: ecf47baa
INFO: [Common 17-83] Releasing license: Synthesis
25 Infos, 25 Warnings, 0 Critical Warnings and 0 Errors encountered.
synth_design completed successfully
synth_design: Time (s): cpu = 00:01:20 ; elapsed = 00:01:38 . Memory (MB): peak = 2976.922 ; gain = 64.031 ; free physical = 2711 ; free virtual = 27817
INFO: [Common 17-1381] The checkpoint '/home/ernesto/workstation/Systems_Cleanbot/hardware/PiCAM/PiCAM.runs/design_1_AXI_GammaCorrection_0_0_synth_1/design_1_AXI_GammaCorrection_0_0.dcp' has been generated.
INFO: [Coretcl 2-1648] Added synthesis output to IP cache for IP design_1_AXI_GammaCorrection_0_0, cache-ID = 19ee6af0790db42c
INFO: [Coretcl 2-1174] Renamed 4 cell refs.
INFO: [Common 17-1381] The checkpoint '/home/ernesto/workstation/Systems_Cleanbot/hardware/PiCAM/PiCAM.runs/design_1_AXI_GammaCorrection_0_0_synth_1/design_1_AXI_GammaCorrection_0_0.dcp' has been generated.
INFO: [runtcl-4] Executing : report_utilization -file design_1_AXI_GammaCorrection_0_0_utilization_synth.rpt -pb design_1_AXI_GammaCorrection_0_0_utilization_synth.pb
INFO: [Common 17-206] Exiting Vivado at Mon Nov  7 23:09:50 2022...
