
*** Running vivado
    with args -log design_1_dvi2rgb_1_0.vds -m64 -product Vivado -mode batch -messageDb vivado.pb -notrace -source design_1_dvi2rgb_1_0.tcl


****** Vivado v2022.1 (64-bit)
  **** SW Build 3526262 on Mon Apr 18 15:47:01 MDT 2022
  **** IP Build 3524634 on Mon Apr 18 20:55:01 MDT 2022
    ** Copyright 1986-2022 Xilinx, Inc. All Rights Reserved.

source design_1_dvi2rgb_1_0.tcl -notrace
create_project: Time (s): cpu = 00:00:06 ; elapsed = 00:00:06 . Memory (MB): peak = 2885.141 ; gain = 0.023 ; free physical = 5579 ; free virtual = 31172
INFO: [IP_Flow 19-234] Refreshing IP repositories
INFO: [IP_Flow 19-1700] Loaded user IP repository '/home/ernesto/workstation/Systems_Cleanbot/MIPI_HDMI_IMAGER/block_compile.ipdefs/digilent_0'.
INFO: [IP_Flow 19-2313] Loaded Vivado IP repository '/opt/Vivado/2022.1/data/ip'.
Command: synth_design -top design_1_dvi2rgb_1_0 -part xc7z020clg400-1 -incremental_mode off -mode out_of_context
Starting synth_design
INFO: [IP_Flow 19-2162] IP 'design_1_dvi2rgb_1_0' is locked:
* IP 'design_1_dvi2rgb_1_0' contains one or more locked subcores.
Attempting to get a license for feature 'Synthesis' and/or device 'xc7z020'
INFO: [Common 17-349] Got license for feature 'Synthesis' and/or device 'xc7z020'
INFO: [Device 21-403] Loading part xc7z020clg400-1
INFO: [Synth 8-7079] Multithreading enabled for synth_design using a maximum of 4 processes.
INFO: [Synth 8-7078] Launching helper process for spawning children vivado processes
INFO: [Synth 8-7075] Helper process launched with PID 12784
WARNING: [Synth 8-9501] generate block is allowed only inside loop and conditional generate in SystemVerilog mode [/opt/Vivado/2022.1/data/ip/xpm/xpm_fifo/hdl/xpm_fifo.sv:4023]
WARNING: [Synth 8-9889] parameter declaration is not allowed here in this mode of verilog [/home/ernesto/workstation/Systems_Cleanbot/hardware/PiCAM/PiCAM.srcs/sources_1/bd/design_1/ip/design_1_dvi2rgb_1_0/src/ila_pixclk/hdl/ila_v6_2_syn_rfs.v:4411]
WARNING: [Synth 8-9889] parameter declaration is not allowed here in this mode of verilog [/home/ernesto/workstation/Systems_Cleanbot/hardware/PiCAM/PiCAM.srcs/sources_1/bd/design_1/ip/design_1_dvi2rgb_1_0/src/ila_pixclk/hdl/ila_v6_2_syn_rfs.v:4412]
WARNING: [Synth 8-9889] parameter declaration is not allowed here in this mode of verilog [/home/ernesto/workstation/Systems_Cleanbot/hardware/PiCAM/PiCAM.srcs/sources_1/bd/design_1/ip/design_1_dvi2rgb_1_0/src/ila_pixclk/hdl/ila_v6_2_syn_rfs.v:4413]
WARNING: [Synth 8-9889] parameter declaration is not allowed here in this mode of verilog [/home/ernesto/workstation/Systems_Cleanbot/hardware/PiCAM/PiCAM.srcs/sources_1/bd/design_1/ip/design_1_dvi2rgb_1_0/src/ila_pixclk/hdl/ila_v6_2_syn_rfs.v:4414]
WARNING: [Synth 8-9889] parameter declaration is not allowed here in this mode of verilog [/home/ernesto/workstation/Systems_Cleanbot/hardware/PiCAM/PiCAM.srcs/sources_1/bd/design_1/ip/design_1_dvi2rgb_1_0/src/ila_pixclk/hdl/ila_v6_2_syn_rfs.v:4415]
WARNING: [Synth 8-9889] parameter declaration is not allowed here in this mode of verilog [/home/ernesto/workstation/Systems_Cleanbot/hardware/PiCAM/PiCAM.srcs/sources_1/bd/design_1/ip/design_1_dvi2rgb_1_0/src/ila_pixclk/hdl/ila_v6_2_syn_rfs.v:4416]
WARNING: [Synth 8-9889] parameter declaration is not allowed here in this mode of verilog [/home/ernesto/workstation/Systems_Cleanbot/hardware/PiCAM/PiCAM.srcs/sources_1/bd/design_1/ip/design_1_dvi2rgb_1_0/src/ila_pixclk/hdl/ila_v6_2_syn_rfs.v:4470]
WARNING: [Synth 8-9889] parameter declaration is not allowed here in this mode of verilog [/home/ernesto/workstation/Systems_Cleanbot/hardware/PiCAM/PiCAM.srcs/sources_1/bd/design_1/ip/design_1_dvi2rgb_1_0/src/ila_pixclk/hdl/ila_v6_2_syn_rfs.v:4471]
WARNING: [Synth 8-9889] parameter declaration is not allowed here in this mode of verilog [/home/ernesto/workstation/Systems_Cleanbot/hardware/PiCAM/PiCAM.srcs/sources_1/bd/design_1/ip/design_1_dvi2rgb_1_0/src/ila_pixclk/hdl/ila_v6_2_syn_rfs.v:4472]
WARNING: [Synth 8-9889] parameter declaration is not allowed here in this mode of verilog [/home/ernesto/workstation/Systems_Cleanbot/hardware/PiCAM/PiCAM.srcs/sources_1/bd/design_1/ip/design_1_dvi2rgb_1_0/src/ila_pixclk/hdl/ila_v6_2_syn_rfs.v:5370]
---------------------------------------------------------------------------------
Starting RTL Elaboration : Time (s): cpu = 00:00:08 ; elapsed = 00:00:11 . Memory (MB): peak = 2885.141 ; gain = 0.000 ; free physical = 1940 ; free virtual = 25060
---------------------------------------------------------------------------------
WARNING: [Synth 8-9112] actual for formal port 'arst' is neither a static name nor a globally static expression [/home/ernesto/workstation/Systems_Cleanbot/hardware/PiCAM/PiCAM.srcs/sources_1/bd/design_1/ipshared/80ae/src/TMDS_Clocking.vhd:135]
WARNING: [Synth 8-9112] actual for formal port 'arst' is neither a static name nor a globally static expression [/home/ernesto/workstation/Systems_Cleanbot/hardware/PiCAM/PiCAM.srcs/sources_1/bd/design_1/ipshared/80ae/src/dvi2rgb.vhd:211]
WARNING: [Synth 8-9112] actual for formal port 'potherchrdy' is neither a static name nor a globally static expression [/home/ernesto/workstation/Systems_Cleanbot/hardware/PiCAM/PiCAM.srcs/sources_1/bd/design_1/ipshared/80ae/src/dvi2rgb.vhd:232]
WARNING: [Synth 8-9112] actual for formal port 'potherchvld' is neither a static name nor a globally static expression [/home/ernesto/workstation/Systems_Cleanbot/hardware/PiCAM/PiCAM.srcs/sources_1/bd/design_1/ipshared/80ae/src/dvi2rgb.vhd:233]
INFO: [Synth 8-638] synthesizing module 'design_1_dvi2rgb_1_0' [/home/ernesto/workstation/Systems_Cleanbot/hardware/PiCAM/PiCAM.srcs/sources_1/bd/design_1/ip/design_1_dvi2rgb_1_0/synth/design_1_dvi2rgb_1_0.vhd:80]
	Parameter kEmulateDDC bound to: 1 - type: bool 
	Parameter kRstActiveHigh bound to: 0 - type: bool 
	Parameter kClkRange bound to: 1 - type: integer 
	Parameter kIDLY_TapValuePs bound to: 78 - type: integer 
	Parameter kIDLY_TapWidth bound to: 5 - type: integer 
	Parameter kAddBUFG bound to: 0 - type: bool 
	Parameter kEdidFileName bound to: dgl_720p_cea.data - type: string 
	Parameter kDebug bound to: 0 - type: bool 
INFO: [Synth 8-3491] module 'dvi2rgb' declared at '/home/ernesto/workstation/Systems_Cleanbot/hardware/PiCAM/PiCAM.srcs/sources_1/bd/design_1/ipshared/80ae/src/dvi2rgb.vhd:64' bound to instance 'U0' of component 'dvi2rgb' [/home/ernesto/workstation/Systems_Cleanbot/hardware/PiCAM/PiCAM.srcs/sources_1/bd/design_1/ip/design_1_dvi2rgb_1_0/synth/design_1_dvi2rgb_1_0.vhd:151]
INFO: [Synth 8-638] synthesizing module 'dvi2rgb' [/home/ernesto/workstation/Systems_Cleanbot/hardware/PiCAM/PiCAM.srcs/sources_1/bd/design_1/ipshared/80ae/src/dvi2rgb.vhd:111]
INFO: [Synth 8-638] synthesizing module 'TMDS_Clocking' [/home/ernesto/workstation/Systems_Cleanbot/hardware/PiCAM/PiCAM.srcs/sources_1/bd/design_1/ipshared/80ae/src/TMDS_Clocking.vhd:82]
INFO: [Synth 8-638] synthesizing module 'ResetBridge' [/home/ernesto/workstation/Systems_Cleanbot/hardware/PiCAM/PiCAM.srcs/sources_1/bd/design_1/ipshared/80ae/src/SyncAsyncReset.vhd:72]
INFO: [Synth 8-638] synthesizing module 'SyncAsync' [/home/ernesto/workstation/Systems_Cleanbot/hardware/PiCAM/PiCAM.srcs/sources_1/bd/design_1/ipshared/80ae/src/SyncAsync.vhd:72]
INFO: [Synth 8-256] done synthesizing module 'SyncAsync' (0#1) [/home/ernesto/workstation/Systems_Cleanbot/hardware/PiCAM/PiCAM.srcs/sources_1/bd/design_1/ipshared/80ae/src/SyncAsync.vhd:72]
INFO: [Synth 8-256] done synthesizing module 'ResetBridge' (0#1) [/home/ernesto/workstation/Systems_Cleanbot/hardware/PiCAM/PiCAM.srcs/sources_1/bd/design_1/ipshared/80ae/src/SyncAsyncReset.vhd:72]
INFO: [Synth 8-113] binding component instance 'IDelayCtrlX' to cell 'IDELAYCTRL' [/home/ernesto/workstation/Systems_Cleanbot/hardware/PiCAM/PiCAM.srcs/sources_1/bd/design_1/ipshared/80ae/src/TMDS_Clocking.vhd:125]
	Parameter DIFF_TERM bound to: 0 - type: bool 
	Parameter IBUF_LOW_PWR bound to: 1 - type: bool 
	Parameter IOSTANDARD bound to: TMDS_33 - type: string 
INFO: [Synth 8-113] binding component instance 'InputBuffer' to cell 'IBUFDS' [/home/ernesto/workstation/Systems_Cleanbot/hardware/PiCAM/PiCAM.srcs/sources_1/bd/design_1/ipshared/80ae/src/TMDS_Clocking.vhd:139]
	Parameter BANDWIDTH bound to: OPTIMIZED - type: string 
	Parameter CLKFBOUT_MULT_F bound to: 5.000000 - type: double 
	Parameter CLKFBOUT_PHASE bound to: 0.000000 - type: double 
	Parameter CLKFBOUT_USE_FINE_PS bound to: 0 - type: bool 
	Parameter CLKIN1_PERIOD bound to: 6.000000 - type: double 
	Parameter CLKOUT0_DIVIDE_F bound to: 1.000000 - type: double 
	Parameter CLKOUT0_DUTY_CYCLE bound to: 0.500000 - type: double 
	Parameter CLKOUT0_PHASE bound to: 0.000000 - type: double 
	Parameter CLKOUT0_USE_FINE_PS bound to: 0 - type: bool 
	Parameter CLKOUT4_CASCADE bound to: 0 - type: bool 
	Parameter COMPENSATION bound to: ZHOLD - type: string 
	Parameter DIVCLK_DIVIDE bound to: 1 - type: integer 
	Parameter REF_JITTER1 bound to: 0.010000 - type: double 
	Parameter STARTUP_WAIT bound to: 0 - type: bool 
INFO: [Synth 8-113] binding component instance 'DVI_ClkGenerator' to cell 'MMCME2_ADV' [/home/ernesto/workstation/Systems_Cleanbot/hardware/PiCAM/PiCAM.srcs/sources_1/bd/design_1/ipshared/80ae/src/TMDS_Clocking.vhd:180]
INFO: [Synth 8-113] binding component instance 'SerialClkBuffer' to cell 'BUFIO' [/home/ernesto/workstation/Systems_Cleanbot/hardware/PiCAM/PiCAM.srcs/sources_1/bd/design_1/ipshared/80ae/src/TMDS_Clocking.vhd:239]
	Parameter BUFR_DIVIDE bound to: 5 - type: string 
	Parameter SIM_DEVICE bound to: 7SERIES - type: string 
INFO: [Synth 8-113] binding component instance 'PixelClkBuffer' to cell 'BUFR' [/home/ernesto/workstation/Systems_Cleanbot/hardware/PiCAM/PiCAM.srcs/sources_1/bd/design_1/ipshared/80ae/src/TMDS_Clocking.vhd:245]
INFO: [Synth 8-638] synthesizing module 'SyncAsync__parameterized0' [/home/ernesto/workstation/Systems_Cleanbot/hardware/PiCAM/PiCAM.srcs/sources_1/bd/design_1/ipshared/80ae/src/SyncAsync.vhd:72]
INFO: [Synth 8-256] done synthesizing module 'SyncAsync__parameterized0' (0#1) [/home/ernesto/workstation/Systems_Cleanbot/hardware/PiCAM/PiCAM.srcs/sources_1/bd/design_1/ipshared/80ae/src/SyncAsync.vhd:72]
INFO: [Synth 8-256] done synthesizing module 'TMDS_Clocking' (0#1) [/home/ernesto/workstation/Systems_Cleanbot/hardware/PiCAM/PiCAM.srcs/sources_1/bd/design_1/ipshared/80ae/src/TMDS_Clocking.vhd:82]
INFO: [Synth 8-638] synthesizing module 'TMDS_Decoder' [/home/ernesto/workstation/Systems_Cleanbot/hardware/PiCAM/PiCAM.srcs/sources_1/bd/design_1/ipshared/80ae/src/TMDS_Decoder.vhd:98]
INFO: [Synth 8-638] synthesizing module 'InputSERDES' [/home/ernesto/workstation/Systems_Cleanbot/hardware/PiCAM/PiCAM.srcs/sources_1/bd/design_1/ipshared/80ae/src/InputSERDES.vhd:85]
	Parameter DIFF_TERM bound to: 0 - type: bool 
	Parameter IOSTANDARD bound to: TMDS_33 - type: string 
INFO: [Synth 8-113] binding component instance 'InputBuffer' to cell 'IBUFDS' [/home/ernesto/workstation/Systems_Cleanbot/hardware/PiCAM/PiCAM.srcs/sources_1/bd/design_1/ipshared/80ae/src/InputSERDES.vhd:92]
	Parameter CINVCTRL_SEL bound to: FALSE - type: string 
	Parameter DELAY_SRC bound to: IDATAIN - type: string 
	Parameter HIGH_PERFORMANCE_MODE bound to: TRUE - type: string 
	Parameter IDELAY_TYPE bound to: VARIABLE - type: string 
	Parameter IDELAY_VALUE bound to: 0 - type: integer 
	Parameter PIPE_SEL bound to: FALSE - type: string 
	Parameter REFCLK_FREQUENCY bound to: 200.000000 - type: double 
	Parameter SIGNAL_PATTERN bound to: DATA - type: string 
INFO: [Synth 8-113] binding component instance 'InputDelay' to cell 'IDELAYE2' [/home/ernesto/workstation/Systems_Cleanbot/hardware/PiCAM/PiCAM.srcs/sources_1/bd/design_1/ipshared/80ae/src/InputSERDES.vhd:102]
	Parameter DATA_RATE bound to: DDR - type: string 
	Parameter DATA_WIDTH bound to: 10 - type: integer 
	Parameter DYN_CLKDIV_INV_EN bound to: FALSE - type: string 
	Parameter DYN_CLK_INV_EN bound to: FALSE - type: string 
	Parameter INTERFACE_TYPE bound to: NETWORKING - type: string 
	Parameter IOBDELAY bound to: IFD - type: string 
	Parameter NUM_CE bound to: 2 - type: integer 
	Parameter OFB_USED bound to: FALSE - type: string 
	Parameter SERDES_MODE bound to: MASTER - type: string 
INFO: [Synth 8-113] binding component instance 'DeserializerMaster' to cell 'ISERDESE2' [/home/ernesto/workstation/Systems_Cleanbot/hardware/PiCAM/PiCAM.srcs/sources_1/bd/design_1/ipshared/80ae/src/InputSERDES.vhd:130]
	Parameter DATA_RATE bound to: DDR - type: string 
	Parameter DATA_WIDTH bound to: 10 - type: integer 
	Parameter DYN_CLKDIV_INV_EN bound to: FALSE - type: string 
	Parameter DYN_CLK_INV_EN bound to: FALSE - type: string 
	Parameter INTERFACE_TYPE bound to: NETWORKING - type: string 
	Parameter IOBDELAY bound to: IFD - type: string 
	Parameter NUM_CE bound to: 2 - type: integer 
	Parameter OFB_USED bound to: FALSE - type: string 
	Parameter SERDES_MODE bound to: SLAVE - type: string 
INFO: [Synth 8-113] binding component instance 'DeserializerSlave' to cell 'ISERDESE2' [/home/ernesto/workstation/Systems_Cleanbot/hardware/PiCAM/PiCAM.srcs/sources_1/bd/design_1/ipshared/80ae/src/InputSERDES.vhd:172]
INFO: [Synth 8-256] done synthesizing module 'InputSERDES' (0#1) [/home/ernesto/workstation/Systems_Cleanbot/hardware/PiCAM/PiCAM.srcs/sources_1/bd/design_1/ipshared/80ae/src/InputSERDES.vhd:85]
INFO: [Synth 8-638] synthesizing module 'SyncBase' [/home/ernesto/workstation/Systems_Cleanbot/hardware/PiCAM/PiCAM.srcs/sources_1/bd/design_1/ipshared/80ae/src/SyncBase.vhd:74]
INFO: [Synth 8-638] synthesizing module 'SyncAsync__parameterized1' [/home/ernesto/workstation/Systems_Cleanbot/hardware/PiCAM/PiCAM.srcs/sources_1/bd/design_1/ipshared/80ae/src/SyncAsync.vhd:72]
INFO: [Synth 8-256] done synthesizing module 'SyncAsync__parameterized1' (0#1) [/home/ernesto/workstation/Systems_Cleanbot/hardware/PiCAM/PiCAM.srcs/sources_1/bd/design_1/ipshared/80ae/src/SyncAsync.vhd:72]
INFO: [Synth 8-256] done synthesizing module 'SyncBase' (0#1) [/home/ernesto/workstation/Systems_Cleanbot/hardware/PiCAM/PiCAM.srcs/sources_1/bd/design_1/ipshared/80ae/src/SyncBase.vhd:74]
INFO: [Synth 8-638] synthesizing module 'SyncBase__parameterized0' [/home/ernesto/workstation/Systems_Cleanbot/hardware/PiCAM/PiCAM.srcs/sources_1/bd/design_1/ipshared/80ae/src/SyncBase.vhd:74]
INFO: [Synth 8-256] done synthesizing module 'SyncBase__parameterized0' (0#1) [/home/ernesto/workstation/Systems_Cleanbot/hardware/PiCAM/PiCAM.srcs/sources_1/bd/design_1/ipshared/80ae/src/SyncBase.vhd:74]
INFO: [Synth 8-638] synthesizing module 'PhaseAlign' [/home/ernesto/workstation/Systems_Cleanbot/hardware/PiCAM/PiCAM.srcs/sources_1/bd/design_1/ipshared/80ae/src/PhaseAlign.vhd:95]
INFO: [Synth 8-256] done synthesizing module 'PhaseAlign' (0#1) [/home/ernesto/workstation/Systems_Cleanbot/hardware/PiCAM/PiCAM.srcs/sources_1/bd/design_1/ipshared/80ae/src/PhaseAlign.vhd:95]
INFO: [Synth 8-638] synthesizing module 'ChannelBond' [/home/ernesto/workstation/Systems_Cleanbot/hardware/PiCAM/PiCAM.srcs/sources_1/bd/design_1/ipshared/80ae/src/ChannelBond.vhd:74]
INFO: [Synth 8-256] done synthesizing module 'ChannelBond' (0#1) [/home/ernesto/workstation/Systems_Cleanbot/hardware/PiCAM/PiCAM.srcs/sources_1/bd/design_1/ipshared/80ae/src/ChannelBond.vhd:74]
INFO: [Synth 8-256] done synthesizing module 'TMDS_Decoder' (0#1) [/home/ernesto/workstation/Systems_Cleanbot/hardware/PiCAM/PiCAM.srcs/sources_1/bd/design_1/ipshared/80ae/src/TMDS_Decoder.vhd:98]
INFO: [Synth 8-638] synthesizing module 'EEPROM_8b' [/home/ernesto/workstation/Systems_Cleanbot/hardware/PiCAM/PiCAM.srcs/sources_1/bd/design_1/ipshared/80ae/src/EEPROM_8b.vhd:85]
INFO: [Synth 8-638] synthesizing module 'TWI_SlaveCtl' [/home/ernesto/workstation/Systems_Cleanbot/hardware/PiCAM/PiCAM.srcs/sources_1/bd/design_1/ipshared/80ae/src/TWI_SlaveCtl.vhd:87]
INFO: [Synth 8-638] synthesizing module 'GlitchFilter' [/home/ernesto/workstation/Systems_Cleanbot/hardware/PiCAM/PiCAM.srcs/sources_1/bd/design_1/ipshared/80ae/src/GlitchFilter.vhd:69]
INFO: [Synth 8-256] done synthesizing module 'GlitchFilter' (0#1) [/home/ernesto/workstation/Systems_Cleanbot/hardware/PiCAM/PiCAM.srcs/sources_1/bd/design_1/ipshared/80ae/src/GlitchFilter.vhd:69]
INFO: [Synth 8-256] done synthesizing module 'TWI_SlaveCtl' (0#1) [/home/ernesto/workstation/Systems_Cleanbot/hardware/PiCAM/PiCAM.srcs/sources_1/bd/design_1/ipshared/80ae/src/TWI_SlaveCtl.vhd:87]
INFO: [Synth 8-226] default block is never used [/home/ernesto/workstation/Systems_Cleanbot/hardware/PiCAM/PiCAM.srcs/sources_1/bd/design_1/ipshared/80ae/src/EEPROM_8b.vhd:201]
INFO: [Synth 8-256] done synthesizing module 'EEPROM_8b' (0#1) [/home/ernesto/workstation/Systems_Cleanbot/hardware/PiCAM/PiCAM.srcs/sources_1/bd/design_1/ipshared/80ae/src/EEPROM_8b.vhd:85]
INFO: [Synth 8-256] done synthesizing module 'dvi2rgb' (0#1) [/home/ernesto/workstation/Systems_Cleanbot/hardware/PiCAM/PiCAM.srcs/sources_1/bd/design_1/ipshared/80ae/src/dvi2rgb.vhd:111]
INFO: [Synth 8-256] done synthesizing module 'design_1_dvi2rgb_1_0' (0#1) [/home/ernesto/workstation/Systems_Cleanbot/hardware/PiCAM/PiCAM.srcs/sources_1/bd/design_1/ip/design_1_dvi2rgb_1_0/synth/design_1_dvi2rgb_1_0.vhd:80]
WARNING: [Synth 8-6014] Unused sequential element pTkn0FlagQ_reg was removed.  [/home/ernesto/workstation/Systems_Cleanbot/hardware/PiCAM/PiCAM.srcs/sources_1/bd/design_1/ipshared/80ae/src/PhaseAlign.vhd:172]
WARNING: [Synth 8-6014] Unused sequential element pTkn1FlagQ_reg was removed.  [/home/ernesto/workstation/Systems_Cleanbot/hardware/PiCAM/PiCAM.srcs/sources_1/bd/design_1/ipshared/80ae/src/PhaseAlign.vhd:173]
WARNING: [Synth 8-6014] Unused sequential element pTkn2FlagQ_reg was removed.  [/home/ernesto/workstation/Systems_Cleanbot/hardware/PiCAM/PiCAM.srcs/sources_1/bd/design_1/ipshared/80ae/src/PhaseAlign.vhd:174]
WARNING: [Synth 8-6014] Unused sequential element pTkn3FlagQ_reg was removed.  [/home/ernesto/workstation/Systems_Cleanbot/hardware/PiCAM/PiCAM.srcs/sources_1/bd/design_1/ipshared/80ae/src/PhaseAlign.vhd:175]
WARNING: [Synth 8-6014] Unused sequential element pDelayFastOvf_reg was removed.  [/home/ernesto/workstation/Systems_Cleanbot/hardware/PiCAM/PiCAM.srcs/sources_1/bd/design_1/ipshared/80ae/src/PhaseAlign.vhd:209]
WARNING: [Synth 8-7129] Port aRst in module dvi2rgb is either unconnected or has no load
WARNING: [Synth 8-7129] Port pRst in module dvi2rgb is either unconnected or has no load
---------------------------------------------------------------------------------
Finished RTL Elaboration : Time (s): cpu = 00:00:13 ; elapsed = 00:00:17 . Memory (MB): peak = 2885.141 ; gain = 0.000 ; free physical = 2834 ; free virtual = 26215
---------------------------------------------------------------------------------
---------------------------------------------------------------------------------
Start Handling Custom Attributes
---------------------------------------------------------------------------------
---------------------------------------------------------------------------------
Finished Handling Custom Attributes : Time (s): cpu = 00:00:13 ; elapsed = 00:00:17 . Memory (MB): peak = 2885.141 ; gain = 0.000 ; free physical = 2790 ; free virtual = 26174
---------------------------------------------------------------------------------
---------------------------------------------------------------------------------
Finished RTL Optimization Phase 1 : Time (s): cpu = 00:00:13 ; elapsed = 00:00:17 . Memory (MB): peak = 2885.141 ; gain = 0.000 ; free physical = 2790 ; free virtual = 26174
---------------------------------------------------------------------------------
Netlist sorting complete. Time (s): cpu = 00:00:00.01 ; elapsed = 00:00:00.02 . Memory (MB): peak = 2885.141 ; gain = 0.000 ; free physical = 2753 ; free virtual = 26138
INFO: [Netlist 29-17] Analyzing 15 Unisim elements for replacement
INFO: [Netlist 29-28] Unisim Transformation completed in 0 CPU seconds
INFO: [Project 1-570] Preparing netlist for logic optimization

Processing XDC Constraints
Initializing timing engine
CRITICAL WARNING: [Designutils 20-1280] Could not find module 'ila_pixclk'. The XDC file /home/ernesto/workstation/Systems_Cleanbot/hardware/PiCAM/PiCAM.srcs/sources_1/bd/design_1/ip/design_1_dvi2rgb_1_0/src/ila_pixclk/ila_v6_2/constraints/ila.xdc will not be read for any cell of this module.
CRITICAL WARNING: [Designutils 20-1280] Could not find module 'ila_refclk'. The XDC file /home/ernesto/workstation/Systems_Cleanbot/hardware/PiCAM/PiCAM.srcs/sources_1/bd/design_1/ip/design_1_dvi2rgb_1_0/src/ila_refclk/ila_v6_2/constraints/ila.xdc will not be read for any cell of this module.
Parsing XDC File [/home/ernesto/workstation/Systems_Cleanbot/hardware/PiCAM/PiCAM.srcs/sources_1/bd/design_1/ip/design_1_dvi2rgb_1_0/src/dvi2rgb.xdc] for cell 'U0'
Finished Parsing XDC File [/home/ernesto/workstation/Systems_Cleanbot/hardware/PiCAM/PiCAM.srcs/sources_1/bd/design_1/ip/design_1_dvi2rgb_1_0/src/dvi2rgb.xdc] for cell 'U0'
Parsing XDC File [/home/ernesto/workstation/Systems_Cleanbot/hardware/PiCAM/PiCAM.srcs/sources_1/bd/design_1/ip/design_1_dvi2rgb_1_0/src/dvi2rgb_ooc.xdc] for cell 'U0'
Finished Parsing XDC File [/home/ernesto/workstation/Systems_Cleanbot/hardware/PiCAM/PiCAM.srcs/sources_1/bd/design_1/ip/design_1_dvi2rgb_1_0/src/dvi2rgb_ooc.xdc] for cell 'U0'
Parsing XDC File [/home/ernesto/workstation/Systems_Cleanbot/hardware/PiCAM/PiCAM.runs/design_1_dvi2rgb_1_0_synth_1/dont_touch.xdc]
Finished Parsing XDC File [/home/ernesto/workstation/Systems_Cleanbot/hardware/PiCAM/PiCAM.runs/design_1_dvi2rgb_1_0_synth_1/dont_touch.xdc]
INFO: [Project 1-236] Implementation specific constraints were found while reading constraint file [/home/ernesto/workstation/Systems_Cleanbot/hardware/PiCAM/PiCAM.runs/design_1_dvi2rgb_1_0_synth_1/dont_touch.xdc]. These constraints will be ignored for synthesis but will be used in implementation. Impacted constraints are listed in the file [.Xil/design_1_dvi2rgb_1_0_propImpl.xdc].
Resolution: To avoid this warning, move constraints listed in [.Xil/design_1_dvi2rgb_1_0_propImpl.xdc] to another XDC file and exclude this new file from synthesis with the used_in_synthesis property (File Properties dialog in GUI) and re-run elaboration/synthesis.
INFO: [Timing 38-2] Deriving generated clocks
Parsing XDC File [/home/ernesto/workstation/Systems_Cleanbot/hardware/PiCAM/PiCAM.srcs/sources_1/bd/design_1/ip/design_1_dvi2rgb_1_0/src/ila_timing_workaround.xdc] for cell 'U0'
WARNING: [Vivado 12-180] No cells matched 'get_cells -hierarchical -filter { NAME =~  "*ila_core_inst/u_ila_regs/reg_15/I_EN_CTL_EQ1.U_CTL/xsdb_reg_reg*" && IS_SEQUENTIAL }'. [/home/ernesto/workstation/Systems_Cleanbot/hardware/PiCAM/PiCAM.srcs/sources_1/bd/design_1/ip/design_1_dvi2rgb_1_0/src/ila_timing_workaround.xdc:1]
WARNING: [Vivado 12-180] No cells matched 'get_cells -hierarchical -filter { NAME =~ "*ila_core_inst/use_probe_debug_circuit_2_reg*" && IS_SEQUENTIAL}'. [/home/ernesto/workstation/Systems_Cleanbot/hardware/PiCAM/PiCAM.srcs/sources_1/bd/design_1/ip/design_1_dvi2rgb_1_0/src/ila_timing_workaround.xdc:1]
CRITICAL WARNING: [Vivado 12-4739] set_false_path:No valid object(s) found for '-from [get_cells -hierarchical -filter { NAME =~  "*ila_core_inst/u_ila_regs/reg_15/I_EN_CTL_EQ1.U_CTL/xsdb_reg_reg*" && IS_SEQUENTIAL }]'. [/home/ernesto/workstation/Systems_Cleanbot/hardware/PiCAM/PiCAM.srcs/sources_1/bd/design_1/ip/design_1_dvi2rgb_1_0/src/ila_timing_workaround.xdc:1]
Resolution: Check if the specified object(s) exists in the current design. If it does, ensure that the correct design hierarchy was specified for the object. If you are working with clocks, make sure create_clock was used to create the clock object before it is referenced.
WARNING: [Vivado 12-180] No cells matched 'get_cells -hierarchical -filter { NAME =~  "*ila_core_inst/u_ila_regs/reg_15/I_EN_CTL_EQ1.U_CTL/xsdb_reg_reg*" && IS_SEQUENTIAL }'. [/home/ernesto/workstation/Systems_Cleanbot/hardware/PiCAM/PiCAM.srcs/sources_1/bd/design_1/ip/design_1_dvi2rgb_1_0/src/ila_timing_workaround.xdc:2]
WARNING: [Vivado 12-180] No cells matched 'get_cells -hierarchical -filter { NAME =~ "*ila_core_inst/en_adv_trigger_2_reg*" && IS_SEQUENTIAL}'. [/home/ernesto/workstation/Systems_Cleanbot/hardware/PiCAM/PiCAM.srcs/sources_1/bd/design_1/ip/design_1_dvi2rgb_1_0/src/ila_timing_workaround.xdc:2]
CRITICAL WARNING: [Vivado 12-4739] set_false_path:No valid object(s) found for '-from [get_cells -hierarchical -filter { NAME =~  "*ila_core_inst/u_ila_regs/reg_15/I_EN_CTL_EQ1.U_CTL/xsdb_reg_reg*" && IS_SEQUENTIAL }]'. [/home/ernesto/workstation/Systems_Cleanbot/hardware/PiCAM/PiCAM.srcs/sources_1/bd/design_1/ip/design_1_dvi2rgb_1_0/src/ila_timing_workaround.xdc:2]
Resolution: Check if the specified object(s) exists in the current design. If it does, ensure that the correct design hierarchy was specified for the object. If you are working with clocks, make sure create_clock was used to create the clock object before it is referenced.
WARNING: [Vivado 12-180] No cells matched 'get_cells -hierarchical -filter { NAME =~  "*ila_core_inst/u_ila_regs/reg_1a/I_EN_CTL_EQ1.U_CTL/xsdb_reg_reg*" && IS_SEQUENTIAL }'. [/home/ernesto/workstation/Systems_Cleanbot/hardware/PiCAM/PiCAM.srcs/sources_1/bd/design_1/ip/design_1_dvi2rgb_1_0/src/ila_timing_workaround.xdc:3]
WARNING: [Vivado 12-180] No cells matched 'get_cells -hierarchical -filter { NAME =~ "*ila_core_inst/en_adv_trigger_2_reg*" && IS_SEQUENTIAL}'. [/home/ernesto/workstation/Systems_Cleanbot/hardware/PiCAM/PiCAM.srcs/sources_1/bd/design_1/ip/design_1_dvi2rgb_1_0/src/ila_timing_workaround.xdc:3]
CRITICAL WARNING: [Vivado 12-4739] set_false_path:No valid object(s) found for '-from [get_cells -hierarchical -filter { NAME =~  "*ila_core_inst/u_ila_regs/reg_1a/I_EN_CTL_EQ1.U_CTL/xsdb_reg_reg*" && IS_SEQUENTIAL }]'. [/home/ernesto/workstation/Systems_Cleanbot/hardware/PiCAM/PiCAM.srcs/sources_1/bd/design_1/ip/design_1_dvi2rgb_1_0/src/ila_timing_workaround.xdc:3]
Resolution: Check if the specified object(s) exists in the current design. If it does, ensure that the correct design hierarchy was specified for the object. If you are working with clocks, make sure create_clock was used to create the clock object before it is referenced.
WARNING: [Vivado 12-180] No cells matched 'get_cells -hierarchical -filter { NAME =~  "*ila_core_inst/u_ila_reset_ctrl/asyncrounous_transfer.arm_in_transfer_inst/dout_reg*" && IS_SEQUENTIAL }'. [/home/ernesto/workstation/Systems_Cleanbot/hardware/PiCAM/PiCAM.srcs/sources_1/bd/design_1/ip/design_1_dvi2rgb_1_0/src/ila_timing_workaround.xdc:4]
WARNING: [Vivado 12-180] No cells matched 'get_cells -hierarchical -filter { NAME =~  "*ila_core_inst/u_ila_reset_ctrl/asyncrounous_transfer.arm_in_transfer_inst/temp_reg0_reg*" && IS_SEQUENTIAL }'. [/home/ernesto/workstation/Systems_Cleanbot/hardware/PiCAM/PiCAM.srcs/sources_1/bd/design_1/ip/design_1_dvi2rgb_1_0/src/ila_timing_workaround.xdc:4]
CRITICAL WARNING: [Vivado 12-4739] set_false_path:No valid object(s) found for '-from [get_cells -hierarchical -filter { NAME =~  "*ila_core_inst/u_ila_reset_ctrl/asyncrounous_transfer.arm_in_transfer_inst/dout_reg*" && IS_SEQUENTIAL }]'. [/home/ernesto/workstation/Systems_Cleanbot/hardware/PiCAM/PiCAM.srcs/sources_1/bd/design_1/ip/design_1_dvi2rgb_1_0/src/ila_timing_workaround.xdc:4]
Resolution: Check if the specified object(s) exists in the current design. If it does, ensure that the correct design hierarchy was specified for the object. If you are working with clocks, make sure create_clock was used to create the clock object before it is referenced.
WARNING: [Vivado 12-180] No cells matched 'get_cells -hierarchical -filter { NAME =~  "*ila_core_inst/u_ila_reset_ctrl/asyncrounous_transfer.halt_in_transfer_inst/dout_reg*" && IS_SEQUENTIAL }'. [/home/ernesto/workstation/Systems_Cleanbot/hardware/PiCAM/PiCAM.srcs/sources_1/bd/design_1/ip/design_1_dvi2rgb_1_0/src/ila_timing_workaround.xdc:5]
WARNING: [Vivado 12-180] No cells matched 'get_cells -hierarchical -filter { NAME =~  "*ila_core_inst/u_ila_reset_ctrl/asyncrounous_transfer.halt_in_transfer_inst/temp_reg0_reg*" && IS_SEQUENTIAL }'. [/home/ernesto/workstation/Systems_Cleanbot/hardware/PiCAM/PiCAM.srcs/sources_1/bd/design_1/ip/design_1_dvi2rgb_1_0/src/ila_timing_workaround.xdc:5]
CRITICAL WARNING: [Vivado 12-4739] set_false_path:No valid object(s) found for '-from [get_cells -hierarchical -filter { NAME =~  "*ila_core_inst/u_ila_reset_ctrl/asyncrounous_transfer.halt_in_transfer_inst/dout_reg*" && IS_SEQUENTIAL }]'. [/home/ernesto/workstation/Systems_Cleanbot/hardware/PiCAM/PiCAM.srcs/sources_1/bd/design_1/ip/design_1_dvi2rgb_1_0/src/ila_timing_workaround.xdc:5]
Resolution: Check if the specified object(s) exists in the current design. If it does, ensure that the correct design hierarchy was specified for the object. If you are working with clocks, make sure create_clock was used to create the clock object before it is referenced.
WARNING: [Vivado 12-180] No cells matched 'get_cells -hierarchical -filter { NAME =~  "*ila_core_inst/u_ila_reset_ctrl/asyncrounous_transfer.halt_out_transfer_inst/dout_reg*" && IS_SEQUENTIAL }'. [/home/ernesto/workstation/Systems_Cleanbot/hardware/PiCAM/PiCAM.srcs/sources_1/bd/design_1/ip/design_1_dvi2rgb_1_0/src/ila_timing_workaround.xdc:6]
WARNING: [Vivado 12-180] No cells matched 'get_cells -hierarchical -filter { NAME =~  "*ila_core_inst/u_ila_reset_ctrl/asyncrounous_transfer.halt_out_transfer_inst/temp_reg0_reg*" && IS_SEQUENTIAL }'. [/home/ernesto/workstation/Systems_Cleanbot/hardware/PiCAM/PiCAM.srcs/sources_1/bd/design_1/ip/design_1_dvi2rgb_1_0/src/ila_timing_workaround.xdc:6]
CRITICAL WARNING: [Vivado 12-4739] set_false_path:No valid object(s) found for '-from [get_cells -hierarchical -filter { NAME =~  "*ila_core_inst/u_ila_reset_ctrl/asyncrounous_transfer.halt_out_transfer_inst/dout_reg*" && IS_SEQUENTIAL }]'. [/home/ernesto/workstation/Systems_Cleanbot/hardware/PiCAM/PiCAM.srcs/sources_1/bd/design_1/ip/design_1_dvi2rgb_1_0/src/ila_timing_workaround.xdc:6]
Resolution: Check if the specified object(s) exists in the current design. If it does, ensure that the correct design hierarchy was specified for the object. If you are working with clocks, make sure create_clock was used to create the clock object before it is referenced.
WARNING: [Vivado 12-180] No cells matched 'get_cells -hierarchical -filter { NAME =~  "*ila_core_inst/u_ila_reset_ctrl/asyncrounous_transfer.arm_out_transfer_inst/dout_reg*" && IS_SEQUENTIAL }'. [/home/ernesto/workstation/Systems_Cleanbot/hardware/PiCAM/PiCAM.srcs/sources_1/bd/design_1/ip/design_1_dvi2rgb_1_0/src/ila_timing_workaround.xdc:7]
WARNING: [Vivado 12-180] No cells matched 'get_cells -hierarchical -filter { NAME =~  "*ila_core_inst/u_ila_reset_ctrl/asyncrounous_transfer.arm_out_transfer_inst/temp_reg0_reg*" && IS_SEQUENTIAL }'. [/home/ernesto/workstation/Systems_Cleanbot/hardware/PiCAM/PiCAM.srcs/sources_1/bd/design_1/ip/design_1_dvi2rgb_1_0/src/ila_timing_workaround.xdc:7]
CRITICAL WARNING: [Vivado 12-4739] set_false_path:No valid object(s) found for '-from [get_cells -hierarchical -filter { NAME =~  "*ila_core_inst/u_ila_reset_ctrl/asyncrounous_transfer.arm_out_transfer_inst/dout_reg*" && IS_SEQUENTIAL }]'. [/home/ernesto/workstation/Systems_Cleanbot/hardware/PiCAM/PiCAM.srcs/sources_1/bd/design_1/ip/design_1_dvi2rgb_1_0/src/ila_timing_workaround.xdc:7]
Resolution: Check if the specified object(s) exists in the current design. If it does, ensure that the correct design hierarchy was specified for the object. If you are working with clocks, make sure create_clock was used to create the clock object before it is referenced.
Finished Parsing XDC File [/home/ernesto/workstation/Systems_Cleanbot/hardware/PiCAM/PiCAM.srcs/sources_1/bd/design_1/ip/design_1_dvi2rgb_1_0/src/ila_timing_workaround.xdc] for cell 'U0'
Completed Processing XDC Constraints

Netlist sorting complete. Time (s): cpu = 00:00:00 ; elapsed = 00:00:00 . Memory (MB): peak = 3004.953 ; gain = 0.000 ; free physical = 2621 ; free virtual = 26913
INFO: [Project 1-111] Unisim Transformation Summary:
No Unisim elements were transformed.

Constraint Validation Runtime : Time (s): cpu = 00:00:00.03 ; elapsed = 00:00:00.02 . Memory (MB): peak = 3004.953 ; gain = 0.000 ; free physical = 2616 ; free virtual = 26907
INFO: [Designutils 20-5008] Incremental synthesis strategy off
---------------------------------------------------------------------------------
Finished Constraint Validation : Time (s): cpu = 00:00:20 ; elapsed = 00:00:25 . Memory (MB): peak = 3004.953 ; gain = 119.812 ; free physical = 2053 ; free virtual = 26683
---------------------------------------------------------------------------------
---------------------------------------------------------------------------------
Start Loading Part and Timing Information
---------------------------------------------------------------------------------
Loading part: xc7z020clg400-1
---------------------------------------------------------------------------------
Finished Loading Part and Timing Information : Time (s): cpu = 00:00:20 ; elapsed = 00:00:25 . Memory (MB): peak = 3004.953 ; gain = 119.812 ; free physical = 2053 ; free virtual = 26683
---------------------------------------------------------------------------------
---------------------------------------------------------------------------------
Start Applying 'set_property' XDC Constraints
---------------------------------------------------------------------------------
Applied set_property KEEP_HIERARCHY = SOFT for U0. (constraint file  /home/ernesto/workstation/Systems_Cleanbot/hardware/PiCAM/PiCAM.runs/design_1_dvi2rgb_1_0_synth_1/dont_touch.xdc, line 25).
---------------------------------------------------------------------------------
Finished applying 'set_property' XDC Constraints : Time (s): cpu = 00:00:20 ; elapsed = 00:00:25 . Memory (MB): peak = 3004.953 ; gain = 119.812 ; free physical = 2047 ; free virtual = 26677
---------------------------------------------------------------------------------
INFO: [Synth 8-802] inferred FSM for state register 'pState_reg' in module 'PhaseAlign'
INFO: [Synth 8-802] inferred FSM for state register 'state_reg' in module 'TWI_SlaveCtl'
INFO: [Synth 8-802] inferred FSM for state register 'sState_reg' in module 'EEPROM_8b'
---------------------------------------------------------------------------------------------------
                   State |                     New Encoding |                Previous Encoding 
---------------------------------------------------------------------------------------------------
*
                 resetst |                      00000000001 |                      00000000001
                  idlest |                      00000000010 |                      00000000010
                 tokenst |                      00000000100 |                      00000000100
               eyeopenst |                      00000001000 |                      00000001000
               jtrzonest |                      00000010000 |                      00000010000
                dlydecst |                      00010000000 |                      00010000000
          dlytstcenterst |                      00100000000 |                      00100000000
               alignedst |                      01000000000 |                      01000000000
                dlyincst |                      00000100000 |                      00000100000
             dlytstovfst |                      00001000000 |                      00001000000
            alignerrorst |                      10000000000 |                      10000000000
---------------------------------------------------------------------------------------------------
INFO: [Synth 8-3898] No Re-encoding of one hot register 'pState_reg' in module 'PhaseAlign'
---------------------------------------------------------------------------------------------------
                   State |                     New Encoding |                Previous Encoding 
---------------------------------------------------------------------------------------------------
                  stidle |                              000 |                              000
               staddress |                              011 |                              001
            stturnaround |                              110 |                              110
                  stsack |                              100 |                              100
                  stread |                              001 |                              010
                  stmack |                              010 |                              101
                 stwrite |                              111 |                              011
---------------------------------------------------------------------------------------------------
INFO: [Synth 8-3354] encoded FSM with state register 'state_reg' using encoding 'gray' in module 'TWI_SlaveCtl'
---------------------------------------------------------------------------------------------------
                   State |                     New Encoding |                Previous Encoding 
---------------------------------------------------------------------------------------------------
                  stidle |                             0001 |                               00
                  stread |                             0010 |                               01
            stregaddress |                             0100 |                               11
                 stwrite |                             1000 |                               10
---------------------------------------------------------------------------------------------------
INFO: [Synth 8-3354] encoded FSM with state register 'sState_reg' using encoding 'one-hot' in module 'EEPROM_8b'
---------------------------------------------------------------------------------
Finished RTL Optimization Phase 2 : Time (s): cpu = 00:00:21 ; elapsed = 00:00:26 . Memory (MB): peak = 3004.953 ; gain = 119.812 ; free physical = 1971 ; free virtual = 26661
---------------------------------------------------------------------------------
---------------------------------------------------------------------------------
Start RTL Component Statistics 
---------------------------------------------------------------------------------
Detailed RTL Component Info : 
+---Adders : 
	   2 Input    8 Bit       Adders := 1     
	   2 Input    7 Bit       Adders := 3     
	   2 Input    6 Bit       Adders := 3     
	   2 Input    5 Bit       Adders := 13    
	   2 Input    4 Bit       Adders := 2     
	   2 Input    3 Bit       Adders := 1     
	   2 Input    2 Bit       Adders := 6     
+---XORs : 
	   2 Input      1 Bit         XORs := 42    
+---Registers : 
	               10 Bit    Registers := 6     
	                8 Bit    Registers := 6     
	                7 Bit    Registers := 3     
	                6 Bit    Registers := 3     
	                5 Bit    Registers := 13    
	                4 Bit    Registers := 2     
	                3 Bit    Registers := 1     
	                2 Bit    Registers := 20    
	                1 Bit    Registers := 102   
+---RAMs : 
	              320 Bit	(32 X 10 bit)          RAMs := 3     
+---Muxes : 
	  12 Input   11 Bit        Muxes := 3     
	   2 Input   11 Bit        Muxes := 3     
	   2 Input   10 Bit        Muxes := 3     
	   2 Input    8 Bit        Muxes := 8     
	   5 Input    8 Bit        Muxes := 3     
	 257 Input    8 Bit        Muxes := 1     
	   2 Input    6 Bit        Muxes := 6     
	   2 Input    5 Bit        Muxes := 3     
	   2 Input    4 Bit        Muxes := 7     
	   4 Input    4 Bit        Muxes := 1     
	   7 Input    3 Bit        Muxes := 1     
	   2 Input    3 Bit        Muxes := 15    
	   2 Input    2 Bit        Muxes := 1     
	   2 Input    1 Bit        Muxes := 83    
	  12 Input    1 Bit        Muxes := 3     
	   3 Input    1 Bit        Muxes := 7     
	   4 Input    1 Bit        Muxes := 4     
	   5 Input    1 Bit        Muxes := 6     
	   7 Input    1 Bit        Muxes := 1     
---------------------------------------------------------------------------------
Finished RTL Component Statistics 
---------------------------------------------------------------------------------
---------------------------------------------------------------------------------
Start Part Resource Summary
---------------------------------------------------------------------------------
Part Resources:
DSPs: 220 (col length:60)
BRAMs: 280 (col length: RAMB18 60 RAMB36 30)
---------------------------------------------------------------------------------
Finished Part Resource Summary
---------------------------------------------------------------------------------
---------------------------------------------------------------------------------
Start Cross Boundary and Area Optimization
---------------------------------------------------------------------------------
WARNING: [Synth 8-7080] Parallel synthesis criteria is not met
WARNING: [Synth 8-7129] Port aRst in module dvi2rgb is either unconnected or has no load
WARNING: [Synth 8-7129] Port pRst in module dvi2rgb is either unconnected or has no load
---------------------------------------------------------------------------------
Finished Cross Boundary and Area Optimization : Time (s): cpu = 00:00:25 ; elapsed = 00:00:30 . Memory (MB): peak = 3004.953 ; gain = 119.812 ; free physical = 2582 ; free virtual = 27695
---------------------------------------------------------------------------------
---------------------------------------------------------------------------------
Start ROM, RAM, DSP, Shift Register and Retiming Reporting
---------------------------------------------------------------------------------

Distributed RAM: Preliminary Mapping Report (see note below)
+------------+-------------------------------------------------+-----------+----------------------+-------------+
|Module Name | RTL Object                                      | Inference | Size (Depth x Width) | Primitives  | 
+------------+-------------------------------------------------+-----------+----------------------+-------------+
|U0          | DataDecoders[2].DecoderX/ChannelBondX/pFIFO_reg | Implied   | 32 x 10              | RAM32M x 2  | 
|U0          | DataDecoders[1].DecoderX/ChannelBondX/pFIFO_reg | Implied   | 32 x 10              | RAM32M x 2  | 
|U0          | DataDecoders[0].DecoderX/ChannelBondX/pFIFO_reg | Implied   | 32 x 10              | RAM32M x 2  | 
+------------+-------------------------------------------------+-----------+----------------------+-------------+

Note: The table above is a preliminary report that shows the Distributed RAMs at the current stage of the synthesis flow. Some Distributed RAMs may be reimplemented as non Distributed RAM primitives later in the synthesis flow. Multiple instantiated RAMs are reported only once.
---------------------------------------------------------------------------------
Finished ROM, RAM, DSP, Shift Register and Retiming Reporting
---------------------------------------------------------------------------------
---------------------------------------------------------------------------------
Start Applying XDC Timing Constraints
---------------------------------------------------------------------------------
---------------------------------------------------------------------------------
Finished Applying XDC Timing Constraints : Time (s): cpu = 00:00:30 ; elapsed = 00:00:35 . Memory (MB): peak = 3004.953 ; gain = 119.812 ; free physical = 2395 ; free virtual = 27633
---------------------------------------------------------------------------------
---------------------------------------------------------------------------------
Start Timing Optimization
---------------------------------------------------------------------------------
---------------------------------------------------------------------------------
Finished Timing Optimization : Time (s): cpu = 00:00:30 ; elapsed = 00:00:36 . Memory (MB): peak = 3004.953 ; gain = 119.812 ; free physical = 2320 ; free virtual = 27585
---------------------------------------------------------------------------------
---------------------------------------------------------------------------------
Start ROM, RAM, DSP, Shift Register and Retiming Reporting
---------------------------------------------------------------------------------

Distributed RAM: Final Mapping Report
+------------+-------------------------------------------------+-----------+----------------------+-------------+
|Module Name | RTL Object                                      | Inference | Size (Depth x Width) | Primitives  | 
+------------+-------------------------------------------------+-----------+----------------------+-------------+
|U0          | DataDecoders[2].DecoderX/ChannelBondX/pFIFO_reg | Implied   | 32 x 10              | RAM32M x 2  | 
|U0          | DataDecoders[1].DecoderX/ChannelBondX/pFIFO_reg | Implied   | 32 x 10              | RAM32M x 2  | 
|U0          | DataDecoders[0].DecoderX/ChannelBondX/pFIFO_reg | Implied   | 32 x 10              | RAM32M x 2  | 
+------------+-------------------------------------------------+-----------+----------------------+-------------+

---------------------------------------------------------------------------------
Finished ROM, RAM, DSP, Shift Register and Retiming Reporting
---------------------------------------------------------------------------------
---------------------------------------------------------------------------------
Start Technology Mapping
---------------------------------------------------------------------------------
---------------------------------------------------------------------------------
Finished Technology Mapping : Time (s): cpu = 00:00:30 ; elapsed = 00:00:36 . Memory (MB): peak = 3004.953 ; gain = 119.812 ; free physical = 2486 ; free virtual = 27784
---------------------------------------------------------------------------------
---------------------------------------------------------------------------------
Start IO Insertion
---------------------------------------------------------------------------------
---------------------------------------------------------------------------------
Start Flattening Before IO Insertion
---------------------------------------------------------------------------------
---------------------------------------------------------------------------------
Finished Flattening Before IO Insertion
---------------------------------------------------------------------------------
---------------------------------------------------------------------------------
Start Final Netlist Cleanup
---------------------------------------------------------------------------------
---------------------------------------------------------------------------------
Finished Final Netlist Cleanup
---------------------------------------------------------------------------------
---------------------------------------------------------------------------------
Finished IO Insertion : Time (s): cpu = 00:00:34 ; elapsed = 00:00:39 . Memory (MB): peak = 3004.953 ; gain = 119.812 ; free physical = 2839 ; free virtual = 28364
---------------------------------------------------------------------------------
---------------------------------------------------------------------------------
Start Renaming Generated Instances
---------------------------------------------------------------------------------
---------------------------------------------------------------------------------
Finished Renaming Generated Instances : Time (s): cpu = 00:00:34 ; elapsed = 00:00:39 . Memory (MB): peak = 3004.953 ; gain = 119.812 ; free physical = 2838 ; free virtual = 28363
---------------------------------------------------------------------------------
---------------------------------------------------------------------------------
Start Rebuilding User Hierarchy
---------------------------------------------------------------------------------
---------------------------------------------------------------------------------
Finished Rebuilding User Hierarchy : Time (s): cpu = 00:00:34 ; elapsed = 00:00:39 . Memory (MB): peak = 3004.953 ; gain = 119.812 ; free physical = 2867 ; free virtual = 28378
---------------------------------------------------------------------------------
---------------------------------------------------------------------------------
Start Renaming Generated Ports
---------------------------------------------------------------------------------
---------------------------------------------------------------------------------
Finished Renaming Generated Ports : Time (s): cpu = 00:00:34 ; elapsed = 00:00:39 . Memory (MB): peak = 3004.953 ; gain = 119.812 ; free physical = 2867 ; free virtual = 28378
---------------------------------------------------------------------------------
---------------------------------------------------------------------------------
Start Handling Custom Attributes
---------------------------------------------------------------------------------
---------------------------------------------------------------------------------
Finished Handling Custom Attributes : Time (s): cpu = 00:00:34 ; elapsed = 00:00:40 . Memory (MB): peak = 3004.953 ; gain = 119.812 ; free physical = 2874 ; free virtual = 28387
---------------------------------------------------------------------------------
---------------------------------------------------------------------------------
Start Renaming Generated Nets
---------------------------------------------------------------------------------
---------------------------------------------------------------------------------
Finished Renaming Generated Nets : Time (s): cpu = 00:00:34 ; elapsed = 00:00:40 . Memory (MB): peak = 3004.953 ; gain = 119.812 ; free physical = 2906 ; free virtual = 28420
---------------------------------------------------------------------------------
---------------------------------------------------------------------------------
Start Writing Synthesis Report
---------------------------------------------------------------------------------

Report BlackBoxes: 
+-+--------------+----------+
| |BlackBox name |Instances |
+-+--------------+----------+
+-+--------------+----------+

Report Cell Usage: 
+------+-----------+------+
|      |Cell       |Count |
+------+-----------+------+
|1     |BUFIO      |     1|
|2     |BUFR       |     1|
|3     |CARRY4     |    18|
|4     |IDELAYCTRL |     1|
|5     |IDELAYE2   |     3|
|6     |ISERDESE2  |     6|
|8     |LUT1       |    25|
|9     |LUT2       |    58|
|10    |LUT3       |    77|
|11    |LUT4       |    74|
|12    |LUT5       |   100|
|13    |LUT6       |   156|
|14    |MMCME2_ADV |     1|
|15    |MUXF7      |    16|
|16    |MUXF8      |     8|
|17    |RAM32M     |     6|
|18    |FDCE       |    10|
|19    |FDPE       |    20|
|20    |FDRE       |   422|
|21    |FDSE       |    12|
|22    |IBUFDS     |     4|
+------+-----------+------+
---------------------------------------------------------------------------------
Finished Writing Synthesis Report : Time (s): cpu = 00:00:34 ; elapsed = 00:00:40 . Memory (MB): peak = 3004.953 ; gain = 119.812 ; free physical = 2931 ; free virtual = 28445
---------------------------------------------------------------------------------
Synthesis finished with 0 errors, 0 critical warnings and 3 warnings.
Synthesis Optimization Runtime : Time (s): cpu = 00:00:31 ; elapsed = 00:00:37 . Memory (MB): peak = 3004.953 ; gain = 0.000 ; free physical = 3001 ; free virtual = 28517
Synthesis Optimization Complete : Time (s): cpu = 00:00:34 ; elapsed = 00:00:40 . Memory (MB): peak = 3004.953 ; gain = 119.812 ; free physical = 3001 ; free virtual = 28517
INFO: [Project 1-571] Translating synthesized netlist
Netlist sorting complete. Time (s): cpu = 00:00:00.01 ; elapsed = 00:00:00.01 . Memory (MB): peak = 3004.953 ; gain = 0.000 ; free physical = 3077 ; free virtual = 28598
INFO: [Netlist 29-17] Analyzing 63 Unisim elements for replacement
INFO: [Netlist 29-28] Unisim Transformation completed in 0 CPU seconds
INFO: [Project 1-570] Preparing netlist for logic optimization
INFO: [Opt 31-138] Pushed 1 inverter(s) to 6 load pin(s).
Netlist sorting complete. Time (s): cpu = 00:00:00 ; elapsed = 00:00:00 . Memory (MB): peak = 3004.953 ; gain = 0.000 ; free physical = 3184 ; free virtual = 28736
INFO: [Project 1-111] Unisim Transformation Summary:
  A total of 6 instances were transformed.
  RAM32M => RAM32M (RAMD32(x6), RAMS32(x2)): 6 instances

Synth Design complete, checksum: e82cbf34
INFO: [Common 17-83] Releasing license: Synthesis
72 Infos, 39 Warnings, 9 Critical Warnings and 0 Errors encountered.
synth_design completed successfully
synth_design: Time (s): cpu = 00:00:46 ; elapsed = 00:00:45 . Memory (MB): peak = 3004.953 ; gain = 119.812 ; free physical = 3377 ; free virtual = 28942
INFO: [Common 17-1381] The checkpoint '/home/ernesto/workstation/Systems_Cleanbot/hardware/PiCAM/PiCAM.runs/design_1_dvi2rgb_1_0_synth_1/design_1_dvi2rgb_1_0.dcp' has been generated.
INFO: [runtcl-6] Synthesis results are not added to the cache due to CRITICAL_WARNING
INFO: [Coretcl 2-1174] Renamed 39 cell refs.
INFO: [Common 17-1381] The checkpoint '/home/ernesto/workstation/Systems_Cleanbot/hardware/PiCAM/PiCAM.runs/design_1_dvi2rgb_1_0_synth_1/design_1_dvi2rgb_1_0.dcp' has been generated.
INFO: [runtcl-4] Executing : report_utilization -file design_1_dvi2rgb_1_0_utilization_synth.rpt -pb design_1_dvi2rgb_1_0_utilization_synth.pb
INFO: [Common 17-206] Exiting Vivado at Mon Nov  7 23:10:01 2022...
