
*** Running vivado
    with args -log design_1_MIPI_CSI_2_RX_1_0.vds -m64 -product Vivado -mode batch -messageDb vivado.pb -notrace -source design_1_MIPI_CSI_2_RX_1_0.tcl


****** Vivado v2022.1 (64-bit)
  **** SW Build 3526262 on Mon Apr 18 15:47:01 MDT 2022
  **** IP Build 3524634 on Mon Apr 18 20:55:01 MDT 2022
    ** Copyright 1986-2022 Xilinx, Inc. All Rights Reserved.

source design_1_MIPI_CSI_2_RX_1_0.tcl -notrace
INFO: [IP_Flow 19-234] Refreshing IP repositories
INFO: [IP_Flow 19-1700] Loaded user IP repository '/home/ernesto/workstation/Systems_Cleanbot/MIPI_HDMI_IMAGER/block_compile.ipdefs/digilent_0'.
INFO: [IP_Flow 19-2313] Loaded Vivado IP repository '/opt/Vivado/2022.1/data/ip'.
Command: synth_design -top design_1_MIPI_CSI_2_RX_1_0 -part xc7z020clg400-1 -incremental_mode off -mode out_of_context
Starting synth_design
INFO: [IP_Flow 19-2162] IP 'design_1_MIPI_CSI_2_RX_1_0' is locked:
* IP 'design_1_MIPI_CSI_2_RX_1_0' contains one or more locked subcores.
Attempting to get a license for feature 'Synthesis' and/or device 'xc7z020'
INFO: [Common 17-349] Got license for feature 'Synthesis' and/or device 'xc7z020'
INFO: [Device 21-403] Loading part xc7z020clg400-1
INFO: [Synth 8-7079] Multithreading enabled for synth_design using a maximum of 4 processes.
INFO: [Synth 8-7078] Launching helper process for spawning children vivado processes
INFO: [Synth 8-7075] Helper process launched with PID 12864
WARNING: [Synth 8-9501] generate block is allowed only inside loop and conditional generate in SystemVerilog mode [/opt/Vivado/2022.1/data/ip/xpm/xpm_fifo/hdl/xpm_fifo.sv:4023]
WARNING: [Synth 8-9889] parameter declaration is not allowed here in this mode of verilog [/home/ernesto/workstation/Systems_Cleanbot/hardware/PiCAM/PiCAM.srcs/sources_1/bd/design_1/ip/design_1_MIPI_CSI_2_RX_1_0_1/hdl/ila_vidclk/hdl/ila_v6_2_syn_rfs.v:4411]
WARNING: [Synth 8-9889] parameter declaration is not allowed here in this mode of verilog [/home/ernesto/workstation/Systems_Cleanbot/hardware/PiCAM/PiCAM.srcs/sources_1/bd/design_1/ip/design_1_MIPI_CSI_2_RX_1_0_1/hdl/ila_vidclk/hdl/ila_v6_2_syn_rfs.v:4412]
WARNING: [Synth 8-9889] parameter declaration is not allowed here in this mode of verilog [/home/ernesto/workstation/Systems_Cleanbot/hardware/PiCAM/PiCAM.srcs/sources_1/bd/design_1/ip/design_1_MIPI_CSI_2_RX_1_0_1/hdl/ila_vidclk/hdl/ila_v6_2_syn_rfs.v:4413]
WARNING: [Synth 8-9889] parameter declaration is not allowed here in this mode of verilog [/home/ernesto/workstation/Systems_Cleanbot/hardware/PiCAM/PiCAM.srcs/sources_1/bd/design_1/ip/design_1_MIPI_CSI_2_RX_1_0_1/hdl/ila_vidclk/hdl/ila_v6_2_syn_rfs.v:4414]
WARNING: [Synth 8-9889] parameter declaration is not allowed here in this mode of verilog [/home/ernesto/workstation/Systems_Cleanbot/hardware/PiCAM/PiCAM.srcs/sources_1/bd/design_1/ip/design_1_MIPI_CSI_2_RX_1_0_1/hdl/ila_vidclk/hdl/ila_v6_2_syn_rfs.v:4415]
WARNING: [Synth 8-9889] parameter declaration is not allowed here in this mode of verilog [/home/ernesto/workstation/Systems_Cleanbot/hardware/PiCAM/PiCAM.srcs/sources_1/bd/design_1/ip/design_1_MIPI_CSI_2_RX_1_0_1/hdl/ila_vidclk/hdl/ila_v6_2_syn_rfs.v:4416]
WARNING: [Synth 8-9889] parameter declaration is not allowed here in this mode of verilog [/home/ernesto/workstation/Systems_Cleanbot/hardware/PiCAM/PiCAM.srcs/sources_1/bd/design_1/ip/design_1_MIPI_CSI_2_RX_1_0_1/hdl/ila_vidclk/hdl/ila_v6_2_syn_rfs.v:4470]
WARNING: [Synth 8-9889] parameter declaration is not allowed here in this mode of verilog [/home/ernesto/workstation/Systems_Cleanbot/hardware/PiCAM/PiCAM.srcs/sources_1/bd/design_1/ip/design_1_MIPI_CSI_2_RX_1_0_1/hdl/ila_vidclk/hdl/ila_v6_2_syn_rfs.v:4471]
WARNING: [Synth 8-9889] parameter declaration is not allowed here in this mode of verilog [/home/ernesto/workstation/Systems_Cleanbot/hardware/PiCAM/PiCAM.srcs/sources_1/bd/design_1/ip/design_1_MIPI_CSI_2_RX_1_0_1/hdl/ila_vidclk/hdl/ila_v6_2_syn_rfs.v:4472]
WARNING: [Synth 8-9889] parameter declaration is not allowed here in this mode of verilog [/home/ernesto/workstation/Systems_Cleanbot/hardware/PiCAM/PiCAM.srcs/sources_1/bd/design_1/ip/design_1_MIPI_CSI_2_RX_1_0_1/hdl/ila_vidclk/hdl/ila_v6_2_syn_rfs.v:5370]
---------------------------------------------------------------------------------
Starting RTL Elaboration : Time (s): cpu = 00:00:10 ; elapsed = 00:00:13 . Memory (MB): peak = 2912.895 ; gain = 0.000 ; free physical = 2582 ; free virtual = 25911
---------------------------------------------------------------------------------
WARNING: [Synth 8-9112] actual for formal port 'idatain' is neither a static name nor a globally static expression [/home/ernesto/workstation/Systems_Cleanbot/hardware/PiCAM/PiCAM.srcs/sources_1/bd/design_1/ipshared/1a11/hdl/LM.vhd:148]
WARNING: [Synth 8-9112] actual for formal port 's_axis_aresetn' is neither a static name nor a globally static expression [/home/ernesto/workstation/Systems_Cleanbot/hardware/PiCAM/PiCAM.srcs/sources_1/bd/design_1/ipshared/1a11/hdl/LLP.vhd:581]
WARNING: [Synth 8-9112] actual for formal port 'rbrst' is neither a static name nor a globally static expression [/home/ernesto/workstation/Systems_Cleanbot/hardware/PiCAM/PiCAM.srcs/sources_1/bd/design_1/ipshared/1a11/hdl/MIPI_CSI2_Rx.vhd:279]
INFO: [Synth 8-638] synthesizing module 'design_1_MIPI_CSI_2_RX_1_0' [/home/ernesto/workstation/Systems_Cleanbot/hardware/PiCAM/PiCAM.srcs/sources_1/bd/design_1/ip/design_1_MIPI_CSI_2_RX_1_0_1/synth/design_1_MIPI_CSI_2_RX_1_0.vhd:112]
	Parameter C_S_AXI_LITE_DATA_WIDTH bound to: 32 - type: integer 
	Parameter C_S_AXI_LITE_ADDR_WIDTH bound to: 4 - type: integer 
	Parameter kVersionMajor bound to: 1 - type: integer 
	Parameter kVersionMinor bound to: 1 - type: integer 
	Parameter kTargetDT bound to: RAW10 - type: string 
	Parameter kGenerateAXIL bound to: 1 - type: bool 
	Parameter kDebug bound to: 0 - type: bool 
	Parameter kLaneCount bound to: 2 - type: integer 
	Parameter C_M_AXIS_COMPONENT_WIDTH bound to: 10 - type: integer 
	Parameter C_M_AXIS_TDATA_WIDTH bound to: 40 - type: integer 
	Parameter C_M_MAX_SAMPLES_PER_CLOCK bound to: 4 - type: integer 
INFO: [Synth 8-3491] module 'mipi_csi2_rx_top' declared at '/home/ernesto/workstation/Systems_Cleanbot/hardware/PiCAM/PiCAM.srcs/sources_1/bd/design_1/ipshared/1a11/hdl/MIPI_CSI2_RxTop.vhd:46' bound to instance 'U0' of component 'mipi_csi2_rx_top' [/home/ernesto/workstation/Systems_Cleanbot/hardware/PiCAM/PiCAM.srcs/sources_1/bd/design_1/ip/design_1_MIPI_CSI_2_RX_1_0_1/synth/design_1_MIPI_CSI_2_RX_1_0.vhd:248]
INFO: [Synth 8-638] synthesizing module 'mipi_csi2_rx_top' [/home/ernesto/workstation/Systems_Cleanbot/hardware/PiCAM/PiCAM.srcs/sources_1/bd/design_1/ipshared/1a11/hdl/MIPI_CSI2_RxTop.vhd:131]
INFO: [Synth 8-638] synthesizing module 'MIPI_CSI2_Rx' [/home/ernesto/workstation/Systems_Cleanbot/hardware/PiCAM/PiCAM.srcs/sources_1/bd/design_1/ipshared/1a11/hdl/MIPI_CSI2_Rx.vhd:77]
INFO: [Synth 8-638] synthesizing module 'ResetBridge' [/home/ernesto/workstation/Systems_Cleanbot/hardware/PiCAM/PiCAM.srcs/sources_1/bd/design_1/ipshared/1a11/hdl/SyncAsyncReset.vhd:65]
INFO: [Synth 8-638] synthesizing module 'SyncAsync' [/home/ernesto/workstation/Systems_Cleanbot/hardware/PiCAM/PiCAM.srcs/sources_1/bd/design_1/ipshared/1a11/hdl/SyncAsync.vhd:66]
INFO: [Synth 8-256] done synthesizing module 'SyncAsync' (0#1) [/home/ernesto/workstation/Systems_Cleanbot/hardware/PiCAM/PiCAM.srcs/sources_1/bd/design_1/ipshared/1a11/hdl/SyncAsync.vhd:66]
INFO: [Synth 8-256] done synthesizing module 'ResetBridge' (0#1) [/home/ernesto/workstation/Systems_Cleanbot/hardware/PiCAM/PiCAM.srcs/sources_1/bd/design_1/ipshared/1a11/hdl/SyncAsyncReset.vhd:65]
	Parameter kMaxLaneCount bound to: 4 - type: integer 
	Parameter kLaneCount bound to: 2 - type: integer 
INFO: [Synth 8-3491] module 'LM' declared at '/home/ernesto/workstation/Systems_Cleanbot/hardware/PiCAM/PiCAM.srcs/sources_1/bd/design_1/ipshared/1a11/hdl/LM.vhd:48' bound to instance 'LM_inst' of component 'LM' [/home/ernesto/workstation/Systems_Cleanbot/hardware/PiCAM/PiCAM.srcs/sources_1/bd/design_1/ipshared/1a11/hdl/MIPI_CSI2_Rx.vhd:257]
INFO: [Synth 8-638] synthesizing module 'LM' [/home/ernesto/workstation/Systems_Cleanbot/hardware/PiCAM/PiCAM.srcs/sources_1/bd/design_1/ipshared/1a11/hdl/LM.vhd:79]
INFO: [Synth 8-638] synthesizing module 'SimpleFIFO' [/home/ernesto/workstation/Systems_Cleanbot/hardware/PiCAM/PiCAM.srcs/sources_1/bd/design_1/ipshared/1a11/hdl/SimpleFIFO.vhd:62]
INFO: [Synth 8-256] done synthesizing module 'SimpleFIFO' (0#1) [/home/ernesto/workstation/Systems_Cleanbot/hardware/PiCAM/PiCAM.srcs/sources_1/bd/design_1/ipshared/1a11/hdl/SimpleFIFO.vhd:62]
INFO: [Synth 8-256] done synthesizing module 'LM' (0#1) [/home/ernesto/workstation/Systems_Cleanbot/hardware/PiCAM/PiCAM.srcs/sources_1/bd/design_1/ipshared/1a11/hdl/LM.vhd:79]
	Parameter kMaxLaneCount bound to: 4 - type: integer 
	Parameter kLaneCount bound to: 2 - type: integer 
	Parameter kTargetDT bound to: RAW10 - type: string 
INFO: [Synth 8-3491] module 'LLP' declared at '/home/ernesto/workstation/Systems_Cleanbot/hardware/PiCAM/PiCAM.srcs/sources_1/bd/design_1/ipshared/1a11/hdl/LLP.vhd:48' bound to instance 'LLP_inst' of component 'LLP' [/home/ernesto/workstation/Systems_Cleanbot/hardware/PiCAM/PiCAM.srcs/sources_1/bd/design_1/ipshared/1a11/hdl/MIPI_CSI2_Rx.vhd:291]
INFO: [Synth 8-638] synthesizing module 'LLP' [/home/ernesto/workstation/Systems_Cleanbot/hardware/PiCAM/PiCAM.srcs/sources_1/bd/design_1/ipshared/1a11/hdl/LLP.vhd:79]
INFO: [Synth 8-638] synthesizing module 'ResetBridge__parameterized0' [/home/ernesto/workstation/Systems_Cleanbot/hardware/PiCAM/PiCAM.srcs/sources_1/bd/design_1/ipshared/1a11/hdl/SyncAsyncReset.vhd:65]
INFO: [Synth 8-638] synthesizing module 'SyncAsync__parameterized0' [/home/ernesto/workstation/Systems_Cleanbot/hardware/PiCAM/PiCAM.srcs/sources_1/bd/design_1/ipshared/1a11/hdl/SyncAsync.vhd:66]
INFO: [Synth 8-256] done synthesizing module 'SyncAsync__parameterized0' (0#1) [/home/ernesto/workstation/Systems_Cleanbot/hardware/PiCAM/PiCAM.srcs/sources_1/bd/design_1/ipshared/1a11/hdl/SyncAsync.vhd:66]
INFO: [Synth 8-256] done synthesizing module 'ResetBridge__parameterized0' (0#1) [/home/ernesto/workstation/Systems_Cleanbot/hardware/PiCAM/PiCAM.srcs/sources_1/bd/design_1/ipshared/1a11/hdl/SyncAsyncReset.vhd:65]
INFO: [Synth 8-3491] module 'cdc_fifo' declared at '/home/ernesto/workstation/Systems_Cleanbot/hardware/PiCAM/PiCAM.srcs/sources_1/bd/design_1/ip/design_1_MIPI_CSI_2_RX_1_0_1/hdl/cdc_fifo/synth/cdc_fifo.vhd:59' bound to instance 'DataFIFO' of component 'cdc_fifo' [/home/ernesto/workstation/Systems_Cleanbot/hardware/PiCAM/PiCAM.srcs/sources_1/bd/design_1/ipshared/1a11/hdl/LLP.vhd:221]
INFO: [Synth 8-638] synthesizing module 'cdc_fifo' [/home/ernesto/workstation/Systems_Cleanbot/hardware/PiCAM/PiCAM.srcs/sources_1/bd/design_1/ip/design_1_MIPI_CSI_2_RX_1_0_1/hdl/cdc_fifo/synth/cdc_fifo.vhd:77]
	Parameter C_COMMON_CLOCK bound to: 0 - type: integer 
	Parameter C_SELECT_XPM bound to: 0 - type: integer 
	Parameter C_COUNT_TYPE bound to: 0 - type: integer 
	Parameter C_DATA_COUNT_WIDTH bound to: 10 - type: integer 
	Parameter C_DEFAULT_VALUE bound to: BlankString - type: string 
	Parameter C_DIN_WIDTH bound to: 18 - type: integer 
	Parameter C_DOUT_RST_VAL bound to: 0 - type: string 
	Parameter C_DOUT_WIDTH bound to: 18 - type: integer 
	Parameter C_ENABLE_RLOCS bound to: 0 - type: integer 
	Parameter C_FAMILY bound to: zynq - type: string 
	Parameter C_FULL_FLAGS_RST_VAL bound to: 1 - type: integer 
	Parameter C_HAS_ALMOST_EMPTY bound to: 0 - type: integer 
	Parameter C_HAS_ALMOST_FULL bound to: 0 - type: integer 
	Parameter C_HAS_BACKUP bound to: 0 - type: integer 
	Parameter C_HAS_DATA_COUNT bound to: 0 - type: integer 
	Parameter C_HAS_INT_CLK bound to: 0 - type: integer 
	Parameter C_HAS_MEMINIT_FILE bound to: 0 - type: integer 
	Parameter C_HAS_OVERFLOW bound to: 0 - type: integer 
	Parameter C_HAS_RD_DATA_COUNT bound to: 0 - type: integer 
	Parameter C_HAS_RD_RST bound to: 0 - type: integer 
	Parameter C_HAS_RST bound to: 1 - type: integer 
	Parameter C_HAS_SRST bound to: 0 - type: integer 
	Parameter C_HAS_UNDERFLOW bound to: 0 - type: integer 
	Parameter C_HAS_VALID bound to: 0 - type: integer 
	Parameter C_HAS_WR_ACK bound to: 0 - type: integer 
	Parameter C_HAS_WR_DATA_COUNT bound to: 0 - type: integer 
	Parameter C_HAS_WR_RST bound to: 0 - type: integer 
	Parameter C_IMPLEMENTATION_TYPE bound to: 0 - type: integer 
	Parameter C_INIT_WR_PNTR_VAL bound to: 0 - type: integer 
	Parameter C_MEMORY_TYPE bound to: 1 - type: integer 
	Parameter C_MIF_FILE_NAME bound to: BlankString - type: string 
	Parameter C_OPTIMIZATION_MODE bound to: 0 - type: integer 
	Parameter C_OVERFLOW_LOW bound to: 0 - type: integer 
	Parameter C_PRELOAD_LATENCY bound to: 1 - type: integer 
	Parameter C_PRELOAD_REGS bound to: 0 - type: integer 
	Parameter C_PRIM_FIFO_TYPE bound to: 4kx4 - type: string 
	Parameter C_PROG_EMPTY_THRESH_ASSERT_VAL bound to: 2 - type: integer 
	Parameter C_PROG_EMPTY_THRESH_NEGATE_VAL bound to: 3 - type: integer 
	Parameter C_PROG_EMPTY_TYPE bound to: 0 - type: integer 
	Parameter C_PROG_FULL_THRESH_ASSERT_VAL bound to: 1022 - type: integer 
	Parameter C_PROG_FULL_THRESH_NEGATE_VAL bound to: 1021 - type: integer 
	Parameter C_PROG_FULL_TYPE bound to: 0 - type: integer 
	Parameter C_RD_DATA_COUNT_WIDTH bound to: 10 - type: integer 
	Parameter C_RD_DEPTH bound to: 1024 - type: integer 
	Parameter C_RD_FREQ bound to: 1 - type: integer 
	Parameter C_RD_PNTR_WIDTH bound to: 10 - type: integer 
	Parameter C_UNDERFLOW_LOW bound to: 0 - type: integer 
	Parameter C_USE_DOUT_RST bound to: 1 - type: integer 
	Parameter C_USE_ECC bound to: 0 - type: integer 
	Parameter C_USE_EMBEDDED_REG bound to: 0 - type: integer 
	Parameter C_USE_PIPELINE_REG bound to: 0 - type: integer 
	Parameter C_POWER_SAVING_MODE bound to: 0 - type: integer 
	Parameter C_USE_FIFO16_FLAGS bound to: 0 - type: integer 
	Parameter C_USE_FWFT_DATA_COUNT bound to: 0 - type: integer 
	Parameter C_VALID_LOW bound to: 0 - type: integer 
	Parameter C_WR_ACK_LOW bound to: 0 - type: integer 
	Parameter C_WR_DATA_COUNT_WIDTH bound to: 10 - type: integer 
	Parameter C_WR_DEPTH bound to: 1024 - type: integer 
	Parameter C_WR_FREQ bound to: 1 - type: integer 
	Parameter C_WR_PNTR_WIDTH bound to: 10 - type: integer 
	Parameter C_WR_RESPONSE_LATENCY bound to: 1 - type: integer 
	Parameter C_MSGON_VAL bound to: 1 - type: integer 
	Parameter C_ENABLE_RST_SYNC bound to: 1 - type: integer 
	Parameter C_EN_SAFETY_CKT bound to: 0 - type: integer 
	Parameter C_ERROR_INJECTION_TYPE bound to: 0 - type: integer 
	Parameter C_SYNCHRONIZER_STAGE bound to: 2 - type: integer 
	Parameter C_INTERFACE_TYPE bound to: 1 - type: integer 
	Parameter C_AXI_TYPE bound to: 1 - type: integer 
	Parameter C_HAS_AXI_WR_CHANNEL bound to: 1 - type: integer 
	Parameter C_HAS_AXI_RD_CHANNEL bound to: 1 - type: integer 
	Parameter C_HAS_SLAVE_CE bound to: 0 - type: integer 
	Parameter C_HAS_MASTER_CE bound to: 0 - type: integer 
	Parameter C_ADD_NGC_CONSTRAINT bound to: 0 - type: integer 
	Parameter C_USE_COMMON_OVERFLOW bound to: 0 - type: integer 
	Parameter C_USE_COMMON_UNDERFLOW bound to: 0 - type: integer 
	Parameter C_USE_DEFAULT_SETTINGS bound to: 0 - type: integer 
	Parameter C_AXI_ID_WIDTH bound to: 1 - type: integer 
	Parameter C_AXI_ADDR_WIDTH bound to: 32 - type: integer 
	Parameter C_AXI_DATA_WIDTH bound to: 64 - type: integer 
	Parameter C_AXI_LEN_WIDTH bound to: 8 - type: integer 
	Parameter C_AXI_LOCK_WIDTH bound to: 1 - type: integer 
	Parameter C_HAS_AXI_ID bound to: 0 - type: integer 
	Parameter C_HAS_AXI_AWUSER bound to: 0 - type: integer 
	Parameter C_HAS_AXI_WUSER bound to: 0 - type: integer 
	Parameter C_HAS_AXI_BUSER bound to: 0 - type: integer 
	Parameter C_HAS_AXI_ARUSER bound to: 0 - type: integer 
	Parameter C_HAS_AXI_RUSER bound to: 0 - type: integer 
	Parameter C_AXI_ARUSER_WIDTH bound to: 1 - type: integer 
	Parameter C_AXI_AWUSER_WIDTH bound to: 1 - type: integer 
	Parameter C_AXI_WUSER_WIDTH bound to: 1 - type: integer 
	Parameter C_AXI_BUSER_WIDTH bound to: 1 - type: integer 
	Parameter C_AXI_RUSER_WIDTH bound to: 1 - type: integer 
	Parameter C_HAS_AXIS_TDATA bound to: 1 - type: integer 
	Parameter C_HAS_AXIS_TID bound to: 0 - type: integer 
	Parameter C_HAS_AXIS_TDEST bound to: 0 - type: integer 
	Parameter C_HAS_AXIS_TUSER bound to: 0 - type: integer 
	Parameter C_HAS_AXIS_TREADY bound to: 1 - type: integer 
	Parameter C_HAS_AXIS_TLAST bound to: 1 - type: integer 
	Parameter C_HAS_AXIS_TSTRB bound to: 0 - type: integer 
	Parameter C_HAS_AXIS_TKEEP bound to: 1 - type: integer 
	Parameter C_AXIS_TDATA_WIDTH bound to: 32 - type: integer 
	Parameter C_AXIS_TID_WIDTH bound to: 1 - type: integer 
	Parameter C_AXIS_TDEST_WIDTH bound to: 1 - type: integer 
	Parameter C_AXIS_TUSER_WIDTH bound to: 1 - type: integer 
	Parameter C_AXIS_TSTRB_WIDTH bound to: 4 - type: integer 
	Parameter C_AXIS_TKEEP_WIDTH bound to: 4 - type: integer 
	Parameter C_WACH_TYPE bound to: 0 - type: integer 
	Parameter C_WDCH_TYPE bound to: 0 - type: integer 
	Parameter C_WRCH_TYPE bound to: 0 - type: integer 
	Parameter C_RACH_TYPE bound to: 0 - type: integer 
	Parameter C_RDCH_TYPE bound to: 0 - type: integer 
	Parameter C_AXIS_TYPE bound to: 0 - type: integer 
	Parameter C_IMPLEMENTATION_TYPE_WACH bound to: 12 - type: integer 
	Parameter C_IMPLEMENTATION_TYPE_WDCH bound to: 11 - type: integer 
	Parameter C_IMPLEMENTATION_TYPE_WRCH bound to: 12 - type: integer 
	Parameter C_IMPLEMENTATION_TYPE_RACH bound to: 12 - type: integer 
	Parameter C_IMPLEMENTATION_TYPE_RDCH bound to: 11 - type: integer 
	Parameter C_IMPLEMENTATION_TYPE_AXIS bound to: 12 - type: integer 
	Parameter C_APPLICATION_TYPE_WACH bound to: 0 - type: integer 
	Parameter C_APPLICATION_TYPE_WDCH bound to: 0 - type: integer 
	Parameter C_APPLICATION_TYPE_WRCH bound to: 0 - type: integer 
	Parameter C_APPLICATION_TYPE_RACH bound to: 0 - type: integer 
	Parameter C_APPLICATION_TYPE_RDCH bound to: 0 - type: integer 
	Parameter C_APPLICATION_TYPE_AXIS bound to: 0 - type: integer 
	Parameter C_PRIM_FIFO_TYPE_WACH bound to: 512x36 - type: string 
	Parameter C_PRIM_FIFO_TYPE_WDCH bound to: 1kx36 - type: string 
	Parameter C_PRIM_FIFO_TYPE_WRCH bound to: 512x36 - type: string 
	Parameter C_PRIM_FIFO_TYPE_RACH bound to: 512x36 - type: string 
	Parameter C_PRIM_FIFO_TYPE_RDCH bound to: 1kx36 - type: string 
	Parameter C_PRIM_FIFO_TYPE_AXIS bound to: 512x72 - type: string 
	Parameter C_USE_ECC_WACH bound to: 0 - type: integer 
	Parameter C_USE_ECC_WDCH bound to: 0 - type: integer 
	Parameter C_USE_ECC_WRCH bound to: 0 - type: integer 
	Parameter C_USE_ECC_RACH bound to: 0 - type: integer 
	Parameter C_USE_ECC_RDCH bound to: 0 - type: integer 
	Parameter C_USE_ECC_AXIS bound to: 0 - type: integer 
	Parameter C_ERROR_INJECTION_TYPE_WACH bound to: 0 - type: integer 
	Parameter C_ERROR_INJECTION_TYPE_WDCH bound to: 0 - type: integer 
	Parameter C_ERROR_INJECTION_TYPE_WRCH bound to: 0 - type: integer 
	Parameter C_ERROR_INJECTION_TYPE_RACH bound to: 0 - type: integer 
	Parameter C_ERROR_INJECTION_TYPE_RDCH bound to: 0 - type: integer 
	Parameter C_ERROR_INJECTION_TYPE_AXIS bound to: 0 - type: integer 
	Parameter C_DIN_WIDTH_WACH bound to: 32 - type: integer 
	Parameter C_DIN_WIDTH_WDCH bound to: 64 - type: integer 
	Parameter C_DIN_WIDTH_WRCH bound to: 2 - type: integer 
	Parameter C_DIN_WIDTH_RACH bound to: 32 - type: integer 
	Parameter C_DIN_WIDTH_RDCH bound to: 64 - type: integer 
	Parameter C_DIN_WIDTH_AXIS bound to: 37 - type: integer 
	Parameter C_WR_DEPTH_WACH bound to: 16 - type: integer 
	Parameter C_WR_DEPTH_WDCH bound to: 1024 - type: integer 
	Parameter C_WR_DEPTH_WRCH bound to: 16 - type: integer 
	Parameter C_WR_DEPTH_RACH bound to: 16 - type: integer 
	Parameter C_WR_DEPTH_RDCH bound to: 1024 - type: integer 
	Parameter C_WR_DEPTH_AXIS bound to: 32 - type: integer 
	Parameter C_WR_PNTR_WIDTH_WACH bound to: 4 - type: integer 
	Parameter C_WR_PNTR_WIDTH_WDCH bound to: 10 - type: integer 
	Parameter C_WR_PNTR_WIDTH_WRCH bound to: 4 - type: integer 
	Parameter C_WR_PNTR_WIDTH_RACH bound to: 4 - type: integer 
	Parameter C_WR_PNTR_WIDTH_RDCH bound to: 10 - type: integer 
	Parameter C_WR_PNTR_WIDTH_AXIS bound to: 5 - type: integer 
	Parameter C_HAS_DATA_COUNTS_WACH bound to: 0 - type: integer 
	Parameter C_HAS_DATA_COUNTS_WDCH bound to: 0 - type: integer 
	Parameter C_HAS_DATA_COUNTS_WRCH bound to: 0 - type: integer 
	Parameter C_HAS_DATA_COUNTS_RACH bound to: 0 - type: integer 
	Parameter C_HAS_DATA_COUNTS_RDCH bound to: 0 - type: integer 
	Parameter C_HAS_DATA_COUNTS_AXIS bound to: 0 - type: integer 
	Parameter C_HAS_PROG_FLAGS_WACH bound to: 0 - type: integer 
	Parameter C_HAS_PROG_FLAGS_WDCH bound to: 0 - type: integer 
	Parameter C_HAS_PROG_FLAGS_WRCH bound to: 0 - type: integer 
	Parameter C_HAS_PROG_FLAGS_RACH bound to: 0 - type: integer 
	Parameter C_HAS_PROG_FLAGS_RDCH bound to: 0 - type: integer 
	Parameter C_HAS_PROG_FLAGS_AXIS bound to: 0 - type: integer 
	Parameter C_PROG_FULL_TYPE_WACH bound to: 0 - type: integer 
	Parameter C_PROG_FULL_TYPE_WDCH bound to: 0 - type: integer 
	Parameter C_PROG_FULL_TYPE_WRCH bound to: 0 - type: integer 
	Parameter C_PROG_FULL_TYPE_RACH bound to: 0 - type: integer 
	Parameter C_PROG_FULL_TYPE_RDCH bound to: 0 - type: integer 
	Parameter C_PROG_FULL_TYPE_AXIS bound to: 0 - type: integer 
	Parameter C_PROG_FULL_THRESH_ASSERT_VAL_WACH bound to: 15 - type: integer 
	Parameter C_PROG_FULL_THRESH_ASSERT_VAL_WDCH bound to: 1023 - type: integer 
	Parameter C_PROG_FULL_THRESH_ASSERT_VAL_WRCH bound to: 15 - type: integer 
	Parameter C_PROG_FULL_THRESH_ASSERT_VAL_RACH bound to: 15 - type: integer 
	Parameter C_PROG_FULL_THRESH_ASSERT_VAL_RDCH bound to: 1023 - type: integer 
	Parameter C_PROG_FULL_THRESH_ASSERT_VAL_AXIS bound to: 31 - type: integer 
	Parameter C_PROG_EMPTY_TYPE_WACH bound to: 0 - type: integer 
	Parameter C_PROG_EMPTY_TYPE_WDCH bound to: 0 - type: integer 
	Parameter C_PROG_EMPTY_TYPE_WRCH bound to: 0 - type: integer 
	Parameter C_PROG_EMPTY_TYPE_RACH bound to: 0 - type: integer 
	Parameter C_PROG_EMPTY_TYPE_RDCH bound to: 0 - type: integer 
	Parameter C_PROG_EMPTY_TYPE_AXIS bound to: 0 - type: integer 
	Parameter C_PROG_EMPTY_THRESH_ASSERT_VAL_WACH bound to: 13 - type: integer 
	Parameter C_PROG_EMPTY_THRESH_ASSERT_VAL_WDCH bound to: 1021 - type: integer 
	Parameter C_PROG_EMPTY_THRESH_ASSERT_VAL_WRCH bound to: 13 - type: integer 
	Parameter C_PROG_EMPTY_THRESH_ASSERT_VAL_RACH bound to: 13 - type: integer 
	Parameter C_PROG_EMPTY_THRESH_ASSERT_VAL_RDCH bound to: 1021 - type: integer 
	Parameter C_PROG_EMPTY_THRESH_ASSERT_VAL_AXIS bound to: 29 - type: integer 
	Parameter C_REG_SLICE_MODE_WACH bound to: 0 - type: integer 
	Parameter C_REG_SLICE_MODE_WDCH bound to: 0 - type: integer 
	Parameter C_REG_SLICE_MODE_WRCH bound to: 0 - type: integer 
	Parameter C_REG_SLICE_MODE_RACH bound to: 0 - type: integer 
	Parameter C_REG_SLICE_MODE_RDCH bound to: 0 - type: integer 
	Parameter C_REG_SLICE_MODE_AXIS bound to: 0 - type: integer 
INFO: [Synth 8-3491] module 'fifo_generator_v13_2_1' declared at '/home/ernesto/workstation/Systems_Cleanbot/hardware/PiCAM/PiCAM.srcs/sources_1/bd/design_1/ip/design_1_MIPI_CSI_2_RX_1_0_1/hdl/cdc_fifo/hdl/fifo_generator_v13_2_vhsyn_rfs.vhd:38483' bound to instance 'U0' of component 'fifo_generator_v13_2_1' [/home/ernesto/workstation/Systems_Cleanbot/hardware/PiCAM/PiCAM.srcs/sources_1/bd/design_1/ip/design_1_MIPI_CSI_2_RX_1_0_1/hdl/cdc_fifo/synth/cdc_fifo.vhd:555]
INFO: [Synth 8-6157] synthesizing module 'xpm_cdc_async_rst' [/opt/Vivado/2022.1/data/ip/xpm/xpm_cdc/hdl/xpm_cdc.sv:1174]
INFO: [Synth 8-6155] done synthesizing module 'xpm_cdc_async_rst' (0#1) [/opt/Vivado/2022.1/data/ip/xpm/xpm_cdc/hdl/xpm_cdc.sv:1174]
INFO: [Synth 8-6157] synthesizing module 'xpm_cdc_single' [/opt/Vivado/2022.1/data/ip/xpm/xpm_cdc/hdl/xpm_cdc.sv:152]
INFO: [Synth 8-6155] done synthesizing module 'xpm_cdc_single' (0#1) [/opt/Vivado/2022.1/data/ip/xpm/xpm_cdc/hdl/xpm_cdc.sv:152]
INFO: [Synth 8-6157] synthesizing module 'xpm_cdc_gray' [/opt/Vivado/2022.1/data/ip/xpm/xpm_cdc/hdl/xpm_cdc.sv:283]
INFO: [Synth 8-6155] done synthesizing module 'xpm_cdc_gray' (0#1) [/opt/Vivado/2022.1/data/ip/xpm/xpm_cdc/hdl/xpm_cdc.sv:283]
INFO: [Synth 8-256] done synthesizing module 'cdc_fifo' (0#1) [/home/ernesto/workstation/Systems_Cleanbot/hardware/PiCAM/PiCAM.srcs/sources_1/bd/design_1/ip/design_1_MIPI_CSI_2_RX_1_0_1/hdl/cdc_fifo/synth/cdc_fifo.vhd:77]
INFO: [Synth 8-638] synthesizing module 'ECC' [/home/ernesto/workstation/Systems_Cleanbot/hardware/PiCAM/PiCAM.srcs/sources_1/bd/design_1/ipshared/1a11/hdl/ECC.vhd:63]
INFO: [Synth 8-226] default block is never used [/home/ernesto/workstation/Systems_Cleanbot/hardware/PiCAM/PiCAM.srcs/sources_1/bd/design_1/ipshared/1a11/hdl/ECC.vhd:160]
INFO: [Synth 8-256] done synthesizing module 'ECC' (0#1) [/home/ernesto/workstation/Systems_Cleanbot/hardware/PiCAM/PiCAM.srcs/sources_1/bd/design_1/ipshared/1a11/hdl/ECC.vhd:63]
INFO: [Synth 8-638] synthesizing module 'CRC16' [/home/ernesto/workstation/Systems_Cleanbot/hardware/PiCAM/PiCAM.srcs/sources_1/bd/design_1/ipshared/1a11/hdl/CRC16_behavioral.vhd:63]
INFO: [Synth 8-256] done synthesizing module 'CRC16' (0#1) [/home/ernesto/workstation/Systems_Cleanbot/hardware/PiCAM/PiCAM.srcs/sources_1/bd/design_1/ipshared/1a11/hdl/CRC16_behavioral.vhd:63]
INFO: [Synth 8-3491] module 'line_buffer' declared at '/home/ernesto/workstation/Systems_Cleanbot/hardware/PiCAM/PiCAM.srcs/sources_1/bd/design_1/ip/design_1_MIPI_CSI_2_RX_1_0_1/hdl/line_buffer/synth/line_buffer.v:53' bound to instance 'LineBufferFIFO' of component 'line_buffer' [/home/ernesto/workstation/Systems_Cleanbot/hardware/PiCAM/PiCAM.srcs/sources_1/bd/design_1/ipshared/1a11/hdl/LLP.vhd:578]
INFO: [Synth 8-6157] synthesizing module 'line_buffer' [/home/ernesto/workstation/Systems_Cleanbot/hardware/PiCAM/PiCAM.srcs/sources_1/bd/design_1/ip/design_1_MIPI_CSI_2_RX_1_0_1/hdl/line_buffer/synth/line_buffer.v:53]
INFO: [Synth 8-6157] synthesizing module 'axis_data_fifo_v1_1_16_axis_data_fifo' [/home/ernesto/workstation/Systems_Cleanbot/hardware/PiCAM/PiCAM.srcs/sources_1/bd/design_1/ip/design_1_MIPI_CSI_2_RX_1_0_1/hdl/line_buffer/hdl/axis_data_fifo_v1_1_vl_rfs.v:62]
INFO: [Synth 8-6157] synthesizing module 'axis_infrastructure_v1_1_0_util_aclken_converter_wrapper' [/home/ernesto/workstation/Systems_Cleanbot/hardware/PiCAM/PiCAM.srcs/sources_1/bd/design_1/ip/design_1_MIPI_CSI_2_RX_1_0_1/hdl/line_buffer/hdl/axis_infrastructure_v1_1_vl_rfs.v:599]
INFO: [Synth 8-6157] synthesizing module 'axis_infrastructure_v1_1_0_util_axis2vector' [/home/ernesto/workstation/Systems_Cleanbot/hardware/PiCAM/PiCAM.srcs/sources_1/bd/design_1/ip/design_1_MIPI_CSI_2_RX_1_0_1/hdl/line_buffer/hdl/axis_infrastructure_v1_1_vl_rfs.v:809]
INFO: [Synth 8-6155] done synthesizing module 'axis_infrastructure_v1_1_0_util_axis2vector' (0#1) [/home/ernesto/workstation/Systems_Cleanbot/hardware/PiCAM/PiCAM.srcs/sources_1/bd/design_1/ip/design_1_MIPI_CSI_2_RX_1_0_1/hdl/line_buffer/hdl/axis_infrastructure_v1_1_vl_rfs.v:809]
INFO: [Synth 8-6157] synthesizing module 'axis_infrastructure_v1_1_0_util_vector2axis' [/home/ernesto/workstation/Systems_Cleanbot/hardware/PiCAM/PiCAM.srcs/sources_1/bd/design_1/ip/design_1_MIPI_CSI_2_RX_1_0_1/hdl/line_buffer/hdl/axis_infrastructure_v1_1_vl_rfs.v:991]
INFO: [Synth 8-6155] done synthesizing module 'axis_infrastructure_v1_1_0_util_vector2axis' (0#1) [/home/ernesto/workstation/Systems_Cleanbot/hardware/PiCAM/PiCAM.srcs/sources_1/bd/design_1/ip/design_1_MIPI_CSI_2_RX_1_0_1/hdl/line_buffer/hdl/axis_infrastructure_v1_1_vl_rfs.v:991]
INFO: [Synth 8-6155] done synthesizing module 'axis_infrastructure_v1_1_0_util_aclken_converter_wrapper' (0#1) [/home/ernesto/workstation/Systems_Cleanbot/hardware/PiCAM/PiCAM.srcs/sources_1/bd/design_1/ip/design_1_MIPI_CSI_2_RX_1_0_1/hdl/line_buffer/hdl/axis_infrastructure_v1_1_vl_rfs.v:599]
INFO: [Synth 8-6157] synthesizing module 'xpm_cdc_sync_rst' [/opt/Vivado/2022.1/data/ip/xpm/xpm_cdc/hdl/xpm_cdc.sv:1058]
INFO: [Synth 8-6155] done synthesizing module 'xpm_cdc_sync_rst' (0#1) [/opt/Vivado/2022.1/data/ip/xpm/xpm_cdc/hdl/xpm_cdc.sv:1058]
INFO: [Synth 8-6155] done synthesizing module 'axis_data_fifo_v1_1_16_axis_data_fifo' (0#1) [/home/ernesto/workstation/Systems_Cleanbot/hardware/PiCAM/PiCAM.srcs/sources_1/bd/design_1/ip/design_1_MIPI_CSI_2_RX_1_0_1/hdl/line_buffer/hdl/axis_data_fifo_v1_1_vl_rfs.v:62]
INFO: [Synth 8-6155] done synthesizing module 'line_buffer' (0#1) [/home/ernesto/workstation/Systems_Cleanbot/hardware/PiCAM/PiCAM.srcs/sources_1/bd/design_1/ip/design_1_MIPI_CSI_2_RX_1_0_1/hdl/line_buffer/synth/line_buffer.v:53]
INFO: [Synth 8-256] done synthesizing module 'LLP' (0#1) [/home/ernesto/workstation/Systems_Cleanbot/hardware/PiCAM/PiCAM.srcs/sources_1/bd/design_1/ipshared/1a11/hdl/LLP.vhd:79]
INFO: [Synth 8-256] done synthesizing module 'MIPI_CSI2_Rx' (0#1) [/home/ernesto/workstation/Systems_Cleanbot/hardware/PiCAM/PiCAM.srcs/sources_1/bd/design_1/ipshared/1a11/hdl/MIPI_CSI2_Rx.vhd:77]
INFO: [Synth 8-638] synthesizing module 'MIPI_CSI_2_RX_S_AXI_LITE' [/home/ernesto/workstation/Systems_Cleanbot/hardware/PiCAM/PiCAM.srcs/sources_1/bd/design_1/ipshared/1a11/hdl/MIPI_CSI_2_RX_v1_0_S_AXI_LITE.vhd:119]
INFO: [Synth 8-256] done synthesizing module 'MIPI_CSI_2_RX_S_AXI_LITE' (0#1) [/home/ernesto/workstation/Systems_Cleanbot/hardware/PiCAM/PiCAM.srcs/sources_1/bd/design_1/ipshared/1a11/hdl/MIPI_CSI_2_RX_v1_0_S_AXI_LITE.vhd:119]
INFO: [Synth 8-638] synthesizing module 'SyncAsync__parameterized1' [/home/ernesto/workstation/Systems_Cleanbot/hardware/PiCAM/PiCAM.srcs/sources_1/bd/design_1/ipshared/1a11/hdl/SyncAsync.vhd:66]
INFO: [Synth 8-256] done synthesizing module 'SyncAsync__parameterized1' (0#1) [/home/ernesto/workstation/Systems_Cleanbot/hardware/PiCAM/PiCAM.srcs/sources_1/bd/design_1/ipshared/1a11/hdl/SyncAsync.vhd:66]
INFO: [Synth 8-256] done synthesizing module 'mipi_csi2_rx_top' (0#1) [/home/ernesto/workstation/Systems_Cleanbot/hardware/PiCAM/PiCAM.srcs/sources_1/bd/design_1/ipshared/1a11/hdl/MIPI_CSI2_RxTop.vhd:131]
INFO: [Synth 8-256] done synthesizing module 'design_1_MIPI_CSI_2_RX_1_0' (0#1) [/home/ernesto/workstation/Systems_Cleanbot/hardware/PiCAM/PiCAM.srcs/sources_1/bd/design_1/ip/design_1_MIPI_CSI_2_RX_1_0_1/synth/design_1_MIPI_CSI_2_RX_1_0.vhd:112]
WARNING: [Synth 8-3848] Net dbgLMLane[2][rbSkwRdEn] in module/entity LM does not have driver. [/home/ernesto/workstation/Systems_Cleanbot/hardware/PiCAM/PiCAM.srcs/sources_1/bd/design_1/ipshared/1a11/hdl/LM.vhd:74]
WARNING: [Synth 8-3848] Net dbgLMLane[2][rbSkwWrEn] in module/entity LM does not have driver. [/home/ernesto/workstation/Systems_Cleanbot/hardware/PiCAM/PiCAM.srcs/sources_1/bd/design_1/ipshared/1a11/hdl/LM.vhd:74]
WARNING: [Synth 8-3848] Net dbgLMLane[2][rbSkwFull] in module/entity LM does not have driver. [/home/ernesto/workstation/Systems_Cleanbot/hardware/PiCAM/PiCAM.srcs/sources_1/bd/design_1/ipshared/1a11/hdl/LM.vhd:74]
WARNING: [Synth 8-3848] Net dbgLMLane[2][rbActiveHS] in module/entity LM does not have driver. [/home/ernesto/workstation/Systems_Cleanbot/hardware/PiCAM/PiCAM.srcs/sources_1/bd/design_1/ipshared/1a11/hdl/LM.vhd:74]
WARNING: [Synth 8-3848] Net dbgLMLane[2][rbSyncHS] in module/entity LM does not have driver. [/home/ernesto/workstation/Systems_Cleanbot/hardware/PiCAM/PiCAM.srcs/sources_1/bd/design_1/ipshared/1a11/hdl/LM.vhd:74]
WARNING: [Synth 8-3848] Net dbgLMLane[2][rbValidHS] in module/entity LM does not have driver. [/home/ernesto/workstation/Systems_Cleanbot/hardware/PiCAM/PiCAM.srcs/sources_1/bd/design_1/ipshared/1a11/hdl/LM.vhd:74]
WARNING: [Synth 8-3848] Net dbgLMLane[2][rbDataHS] in module/entity LM does not have driver. [/home/ernesto/workstation/Systems_Cleanbot/hardware/PiCAM/PiCAM.srcs/sources_1/bd/design_1/ipshared/1a11/hdl/LM.vhd:74]
WARNING: [Synth 8-3848] Net dbgLMLane[3][rbSkwRdEn] in module/entity LM does not have driver. [/home/ernesto/workstation/Systems_Cleanbot/hardware/PiCAM/PiCAM.srcs/sources_1/bd/design_1/ipshared/1a11/hdl/LM.vhd:74]
WARNING: [Synth 8-3848] Net dbgLMLane[3][rbSkwWrEn] in module/entity LM does not have driver. [/home/ernesto/workstation/Systems_Cleanbot/hardware/PiCAM/PiCAM.srcs/sources_1/bd/design_1/ipshared/1a11/hdl/LM.vhd:74]
WARNING: [Synth 8-3848] Net dbgLMLane[3][rbSkwFull] in module/entity LM does not have driver. [/home/ernesto/workstation/Systems_Cleanbot/hardware/PiCAM/PiCAM.srcs/sources_1/bd/design_1/ipshared/1a11/hdl/LM.vhd:74]
WARNING: [Synth 8-3848] Net dbgLMLane[3][rbActiveHS] in module/entity LM does not have driver. [/home/ernesto/workstation/Systems_Cleanbot/hardware/PiCAM/PiCAM.srcs/sources_1/bd/design_1/ipshared/1a11/hdl/LM.vhd:74]
WARNING: [Synth 8-3848] Net dbgLMLane[3][rbSyncHS] in module/entity LM does not have driver. [/home/ernesto/workstation/Systems_Cleanbot/hardware/PiCAM/PiCAM.srcs/sources_1/bd/design_1/ipshared/1a11/hdl/LM.vhd:74]
WARNING: [Synth 8-3848] Net dbgLMLane[3][rbValidHS] in module/entity LM does not have driver. [/home/ernesto/workstation/Systems_Cleanbot/hardware/PiCAM/PiCAM.srcs/sources_1/bd/design_1/ipshared/1a11/hdl/LM.vhd:74]
WARNING: [Synth 8-3848] Net dbgLMLane[3][rbDataHS] in module/entity LM does not have driver. [/home/ernesto/workstation/Systems_Cleanbot/hardware/PiCAM/PiCAM.srcs/sources_1/bd/design_1/ipshared/1a11/hdl/LM.vhd:74]
WARNING: [Synth 8-6014] Unused sequential element sParity_reg was removed.  [/home/ernesto/workstation/Systems_Cleanbot/hardware/PiCAM/PiCAM.srcs/sources_1/bd/design_1/ipshared/1a11/hdl/ECC.vhd:107]
WARNING: [Synth 8-6014] Unused sequential element mDataType_reg was removed.  [/home/ernesto/workstation/Systems_Cleanbot/hardware/PiCAM/PiCAM.srcs/sources_1/bd/design_1/ipshared/1a11/hdl/LLP.vhd:324]
WARNING: [Synth 8-3848] Net dbgLLP[rbOvf] in module/entity LLP does not have driver. [/home/ernesto/workstation/Systems_Cleanbot/hardware/PiCAM/PiCAM.srcs/sources_1/bd/design_1/ipshared/1a11/hdl/LLP.vhd:75]
WARNING: [Synth 8-3936] Found unconnected internal register 'aDEnableInt_reg' and it is trimmed from '4' to '2' bits. [/home/ernesto/workstation/Systems_Cleanbot/hardware/PiCAM/PiCAM.srcs/sources_1/bd/design_1/ipshared/1a11/hdl/MIPI_CSI2_Rx.vhd:209]
WARNING: [Synth 8-3848] Net aD2Enable in module/entity mipi_csi2_rx_top does not have driver. [/home/ernesto/workstation/Systems_Cleanbot/hardware/PiCAM/PiCAM.srcs/sources_1/bd/design_1/ipshared/1a11/hdl/MIPI_CSI2_RxTop.vhd:86]
WARNING: [Synth 8-3848] Net aD3Enable in module/entity mipi_csi2_rx_top does not have driver. [/home/ernesto/workstation/Systems_Cleanbot/hardware/PiCAM/PiCAM.srcs/sources_1/bd/design_1/ipshared/1a11/hdl/MIPI_CSI2_RxTop.vhd:92]
WARNING: [Synth 8-7129] Port S_AXI_AWPROT[2] in module MIPI_CSI_2_RX_S_AXI_LITE is either unconnected or has no load
WARNING: [Synth 8-7129] Port S_AXI_AWPROT[1] in module MIPI_CSI_2_RX_S_AXI_LITE is either unconnected or has no load
WARNING: [Synth 8-7129] Port S_AXI_AWPROT[0] in module MIPI_CSI_2_RX_S_AXI_LITE is either unconnected or has no load
WARNING: [Synth 8-7129] Port S_AXI_ARPROT[2] in module MIPI_CSI_2_RX_S_AXI_LITE is either unconnected or has no load
WARNING: [Synth 8-7129] Port S_AXI_ARPROT[1] in module MIPI_CSI_2_RX_S_AXI_LITE is either unconnected or has no load
WARNING: [Synth 8-7129] Port S_AXI_ARPROT[0] in module MIPI_CSI_2_RX_S_AXI_LITE is either unconnected or has no load
WARNING: [Synth 8-7129] Port ACLK in module axis_infrastructure_v1_1_0_util_aclken_converter_wrapper is either unconnected or has no load
WARNING: [Synth 8-7129] Port ARESETN in module axis_infrastructure_v1_1_0_util_aclken_converter_wrapper is either unconnected or has no load
WARNING: [Synth 8-7129] Port S_ACLKEN in module axis_infrastructure_v1_1_0_util_aclken_converter_wrapper is either unconnected or has no load
WARNING: [Synth 8-7129] Port M_ACLKEN in module axis_infrastructure_v1_1_0_util_aclken_converter_wrapper is either unconnected or has no load
WARNING: [Synth 8-7129] Port ALMOST_FULL_I in module fifo_generator_v13_2_1_output_blk__parameterized0 is either unconnected or has no load
WARNING: [Synth 8-7129] Port PROG_FULL_I in module fifo_generator_v13_2_1_output_blk__parameterized0 is either unconnected or has no load
WARNING: [Synth 8-7129] Port ALMOST_EMPTY_I in module fifo_generator_v13_2_1_output_blk__parameterized0 is either unconnected or has no load
WARNING: [Synth 8-7129] Port PROG_EMPTY_I in module fifo_generator_v13_2_1_output_blk__parameterized0 is either unconnected or has no load
WARNING: [Synth 8-7129] Port WR_ACK_I in module fifo_generator_v13_2_1_output_blk__parameterized0 is either unconnected or has no load
WARNING: [Synth 8-7129] Port VALID_I in module fifo_generator_v13_2_1_output_blk__parameterized0 is either unconnected or has no load
WARNING: [Synth 8-7129] Port OVERFLOW_I in module fifo_generator_v13_2_1_output_blk__parameterized0 is either unconnected or has no load
WARNING: [Synth 8-7129] Port UNDERFLOW_I in module fifo_generator_v13_2_1_output_blk__parameterized0 is either unconnected or has no load
WARNING: [Synth 8-7129] Port WR_DATA_COUNT_I[11] in module fifo_generator_v13_2_1_output_blk__parameterized0 is either unconnected or has no load
WARNING: [Synth 8-7129] Port WR_DATA_COUNT_I[10] in module fifo_generator_v13_2_1_output_blk__parameterized0 is either unconnected or has no load
WARNING: [Synth 8-7129] Port WR_DATA_COUNT_I[9] in module fifo_generator_v13_2_1_output_blk__parameterized0 is either unconnected or has no load
WARNING: [Synth 8-7129] Port WR_DATA_COUNT_I[8] in module fifo_generator_v13_2_1_output_blk__parameterized0 is either unconnected or has no load
WARNING: [Synth 8-7129] Port WR_DATA_COUNT_I[7] in module fifo_generator_v13_2_1_output_blk__parameterized0 is either unconnected or has no load
WARNING: [Synth 8-7129] Port WR_DATA_COUNT_I[6] in module fifo_generator_v13_2_1_output_blk__parameterized0 is either unconnected or has no load
WARNING: [Synth 8-7129] Port WR_DATA_COUNT_I[5] in module fifo_generator_v13_2_1_output_blk__parameterized0 is either unconnected or has no load
WARNING: [Synth 8-7129] Port WR_DATA_COUNT_I[4] in module fifo_generator_v13_2_1_output_blk__parameterized0 is either unconnected or has no load
WARNING: [Synth 8-7129] Port WR_DATA_COUNT_I[3] in module fifo_generator_v13_2_1_output_blk__parameterized0 is either unconnected or has no load
WARNING: [Synth 8-7129] Port WR_DATA_COUNT_I[2] in module fifo_generator_v13_2_1_output_blk__parameterized0 is either unconnected or has no load
WARNING: [Synth 8-7129] Port WR_DATA_COUNT_I[1] in module fifo_generator_v13_2_1_output_blk__parameterized0 is either unconnected or has no load
WARNING: [Synth 8-7129] Port WR_DATA_COUNT_I[0] in module fifo_generator_v13_2_1_output_blk__parameterized0 is either unconnected or has no load
WARNING: [Synth 8-7129] Port RD_DATA_COUNT_I[11] in module fifo_generator_v13_2_1_output_blk__parameterized0 is either unconnected or has no load
WARNING: [Synth 8-7129] Port RD_DATA_COUNT_I[10] in module fifo_generator_v13_2_1_output_blk__parameterized0 is either unconnected or has no load
WARNING: [Synth 8-7129] Port RD_DATA_COUNT_I[9] in module fifo_generator_v13_2_1_output_blk__parameterized0 is either unconnected or has no load
WARNING: [Synth 8-7129] Port RD_DATA_COUNT_I[8] in module fifo_generator_v13_2_1_output_blk__parameterized0 is either unconnected or has no load
WARNING: [Synth 8-7129] Port RD_DATA_COUNT_I[7] in module fifo_generator_v13_2_1_output_blk__parameterized0 is either unconnected or has no load
WARNING: [Synth 8-7129] Port RD_DATA_COUNT_I[6] in module fifo_generator_v13_2_1_output_blk__parameterized0 is either unconnected or has no load
WARNING: [Synth 8-7129] Port RD_DATA_COUNT_I[5] in module fifo_generator_v13_2_1_output_blk__parameterized0 is either unconnected or has no load
WARNING: [Synth 8-7129] Port RD_DATA_COUNT_I[4] in module fifo_generator_v13_2_1_output_blk__parameterized0 is either unconnected or has no load
WARNING: [Synth 8-7129] Port RD_DATA_COUNT_I[3] in module fifo_generator_v13_2_1_output_blk__parameterized0 is either unconnected or has no load
WARNING: [Synth 8-7129] Port RD_DATA_COUNT_I[2] in module fifo_generator_v13_2_1_output_blk__parameterized0 is either unconnected or has no load
WARNING: [Synth 8-7129] Port RD_DATA_COUNT_I[1] in module fifo_generator_v13_2_1_output_blk__parameterized0 is either unconnected or has no load
WARNING: [Synth 8-7129] Port RD_DATA_COUNT_I[0] in module fifo_generator_v13_2_1_output_blk__parameterized0 is either unconnected or has no load
WARNING: [Synth 8-7129] Port SBITERR_I in module fifo_generator_v13_2_1_output_blk__parameterized0 is either unconnected or has no load
WARNING: [Synth 8-7129] Port DBITERR_I in module fifo_generator_v13_2_1_output_blk__parameterized0 is either unconnected or has no load
WARNING: [Synth 8-7129] Port RST_FULL_FF in module fifo_generator_v13_2_1_wr_status_flags_ss is either unconnected or has no load
WARNING: [Synth 8-7129] Port WR_RST in module fifo_generator_v13_2_1_wr_status_flags_ss is either unconnected or has no load
WARNING: [Synth 8-7129] Port SRST in module fifo_generator_v13_2_1_wr_status_flags_ss is either unconnected or has no load
WARNING: [Synth 8-7129] Port SAFETY_CKT_WR_RST in module fifo_generator_v13_2_1_wr_status_flags_ss is either unconnected or has no load
WARNING: [Synth 8-7129] Port WR_PNTR_PLUS2[10] in module fifo_generator_v13_2_1_wr_status_flags_ss is either unconnected or has no load
WARNING: [Synth 8-7129] Port WR_PNTR_PLUS2[9] in module fifo_generator_v13_2_1_wr_status_flags_ss is either unconnected or has no load
WARNING: [Synth 8-7129] Port WR_PNTR_PLUS2[8] in module fifo_generator_v13_2_1_wr_status_flags_ss is either unconnected or has no load
WARNING: [Synth 8-7129] Port WR_PNTR_PLUS2[7] in module fifo_generator_v13_2_1_wr_status_flags_ss is either unconnected or has no load
WARNING: [Synth 8-7129] Port WR_PNTR_PLUS2[6] in module fifo_generator_v13_2_1_wr_status_flags_ss is either unconnected or has no load
WARNING: [Synth 8-7129] Port WR_PNTR_PLUS2[5] in module fifo_generator_v13_2_1_wr_status_flags_ss is either unconnected or has no load
WARNING: [Synth 8-7129] Port WR_PNTR_PLUS2[4] in module fifo_generator_v13_2_1_wr_status_flags_ss is either unconnected or has no load
WARNING: [Synth 8-7129] Port WR_PNTR_PLUS2[3] in module fifo_generator_v13_2_1_wr_status_flags_ss is either unconnected or has no load
WARNING: [Synth 8-7129] Port WR_PNTR_PLUS2[2] in module fifo_generator_v13_2_1_wr_status_flags_ss is either unconnected or has no load
WARNING: [Synth 8-7129] Port WR_PNTR_PLUS2[1] in module fifo_generator_v13_2_1_wr_status_flags_ss is either unconnected or has no load
WARNING: [Synth 8-7129] Port WR_PNTR_PLUS2[0] in module fifo_generator_v13_2_1_wr_status_flags_ss is either unconnected or has no load
WARNING: [Synth 8-7129] Port WR_PNTR_PLUS3[10] in module fifo_generator_v13_2_1_wr_status_flags_ss is either unconnected or has no load
WARNING: [Synth 8-7129] Port WR_PNTR_PLUS3[9] in module fifo_generator_v13_2_1_wr_status_flags_ss is either unconnected or has no load
WARNING: [Synth 8-7129] Port WR_PNTR_PLUS3[8] in module fifo_generator_v13_2_1_wr_status_flags_ss is either unconnected or has no load
WARNING: [Synth 8-7129] Port WR_PNTR_PLUS3[7] in module fifo_generator_v13_2_1_wr_status_flags_ss is either unconnected or has no load
WARNING: [Synth 8-7129] Port WR_PNTR_PLUS3[6] in module fifo_generator_v13_2_1_wr_status_flags_ss is either unconnected or has no load
WARNING: [Synth 8-7129] Port WR_PNTR_PLUS3[5] in module fifo_generator_v13_2_1_wr_status_flags_ss is either unconnected or has no load
WARNING: [Synth 8-7129] Port WR_PNTR_PLUS3[4] in module fifo_generator_v13_2_1_wr_status_flags_ss is either unconnected or has no load
WARNING: [Synth 8-7129] Port WR_PNTR_PLUS3[3] in module fifo_generator_v13_2_1_wr_status_flags_ss is either unconnected or has no load
WARNING: [Synth 8-7129] Port WR_PNTR_PLUS3[2] in module fifo_generator_v13_2_1_wr_status_flags_ss is either unconnected or has no load
WARNING: [Synth 8-7129] Port WR_PNTR_PLUS3[1] in module fifo_generator_v13_2_1_wr_status_flags_ss is either unconnected or has no load
WARNING: [Synth 8-7129] Port WR_PNTR_PLUS3[0] in module fifo_generator_v13_2_1_wr_status_flags_ss is either unconnected or has no load
WARNING: [Synth 8-7129] Port RST in module fifo_generator_v13_2_1_wr_bin_cntr__parameterized0 is either unconnected or has no load
WARNING: [Synth 8-7129] Port WR_EN_INTO_LOGIC in module fifo_generator_v13_2_1_wr_logic__parameterized0 is either unconnected or has no load
WARNING: [Synth 8-7129] Port WR_RST_INTO_LOGIC in module fifo_generator_v13_2_1_wr_logic__parameterized0 is either unconnected or has no load
WARNING: [Synth 8-7129] Port RD_EN in module fifo_generator_v13_2_1_wr_logic__parameterized0 is either unconnected or has no load
WARNING: [Synth 8-7129] Port WR_RST_BUSY in module fifo_generator_v13_2_1_wr_logic__parameterized0 is either unconnected or has no load
WARNING: [Synth 8-7129] Port EMPTY in module fifo_generator_v13_2_1_wr_logic__parameterized0 is either unconnected or has no load
WARNING: [Synth 8-7129] Port ALMOST_EMPTY in module fifo_generator_v13_2_1_wr_logic__parameterized0 is either unconnected or has no load
WARNING: [Synth 8-7129] Port PROG_FULL_THRESH[10] in module fifo_generator_v13_2_1_wr_logic__parameterized0 is either unconnected or has no load
WARNING: [Synth 8-7129] Port PROG_FULL_THRESH[9] in module fifo_generator_v13_2_1_wr_logic__parameterized0 is either unconnected or has no load
WARNING: [Synth 8-7129] Port PROG_FULL_THRESH[8] in module fifo_generator_v13_2_1_wr_logic__parameterized0 is either unconnected or has no load
WARNING: [Synth 8-7129] Port PROG_FULL_THRESH[7] in module fifo_generator_v13_2_1_wr_logic__parameterized0 is either unconnected or has no load
WARNING: [Synth 8-7129] Port PROG_FULL_THRESH[6] in module fifo_generator_v13_2_1_wr_logic__parameterized0 is either unconnected or has no load
WARNING: [Synth 8-7129] Port PROG_FULL_THRESH[5] in module fifo_generator_v13_2_1_wr_logic__parameterized0 is either unconnected or has no load
WARNING: [Synth 8-7129] Port PROG_FULL_THRESH[4] in module fifo_generator_v13_2_1_wr_logic__parameterized0 is either unconnected or has no load
WARNING: [Synth 8-7129] Port PROG_FULL_THRESH[3] in module fifo_generator_v13_2_1_wr_logic__parameterized0 is either unconnected or has no load
WARNING: [Synth 8-7129] Port PROG_FULL_THRESH[2] in module fifo_generator_v13_2_1_wr_logic__parameterized0 is either unconnected or has no load
WARNING: [Synth 8-7129] Port PROG_FULL_THRESH[1] in module fifo_generator_v13_2_1_wr_logic__parameterized0 is either unconnected or has no load
WARNING: [Synth 8-7129] Port PROG_FULL_THRESH[0] in module fifo_generator_v13_2_1_wr_logic__parameterized0 is either unconnected or has no load
WARNING: [Synth 8-7129] Port PROG_FULL_THRESH_ASSERT[10] in module fifo_generator_v13_2_1_wr_logic__parameterized0 is either unconnected or has no load
WARNING: [Synth 8-7129] Port PROG_FULL_THRESH_ASSERT[9] in module fifo_generator_v13_2_1_wr_logic__parameterized0 is either unconnected or has no load
WARNING: [Synth 8-7129] Port PROG_FULL_THRESH_ASSERT[8] in module fifo_generator_v13_2_1_wr_logic__parameterized0 is either unconnected or has no load
WARNING: [Synth 8-7129] Port PROG_FULL_THRESH_ASSERT[7] in module fifo_generator_v13_2_1_wr_logic__parameterized0 is either unconnected or has no load
WARNING: [Synth 8-7129] Port PROG_FULL_THRESH_ASSERT[6] in module fifo_generator_v13_2_1_wr_logic__parameterized0 is either unconnected or has no load
WARNING: [Synth 8-7129] Port PROG_FULL_THRESH_ASSERT[5] in module fifo_generator_v13_2_1_wr_logic__parameterized0 is either unconnected or has no load
WARNING: [Synth 8-7129] Port PROG_FULL_THRESH_ASSERT[4] in module fifo_generator_v13_2_1_wr_logic__parameterized0 is either unconnected or has no load
WARNING: [Synth 8-7129] Port PROG_FULL_THRESH_ASSERT[3] in module fifo_generator_v13_2_1_wr_logic__parameterized0 is either unconnected or has no load
WARNING: [Synth 8-7129] Port PROG_FULL_THRESH_ASSERT[2] in module fifo_generator_v13_2_1_wr_logic__parameterized0 is either unconnected or has no load
WARNING: [Synth 8-7129] Port PROG_FULL_THRESH_ASSERT[1] in module fifo_generator_v13_2_1_wr_logic__parameterized0 is either unconnected or has no load
WARNING: [Synth 8-7129] Port PROG_FULL_THRESH_ASSERT[0] in module fifo_generator_v13_2_1_wr_logic__parameterized0 is either unconnected or has no load
WARNING: [Synth 8-7129] Port PROG_FULL_THRESH_NEGATE[10] in module fifo_generator_v13_2_1_wr_logic__parameterized0 is either unconnected or has no load
INFO: [Common 17-14] Message 'Synth 8-7129' appears 100 times and further instances of the messages will be disabled. Use the Tcl command set_msg_config to change the current settings.
---------------------------------------------------------------------------------
Finished RTL Elaboration : Time (s): cpu = 00:00:22 ; elapsed = 00:00:27 . Memory (MB): peak = 3079.402 ; gain = 166.508 ; free physical = 2720 ; free virtual = 27811
---------------------------------------------------------------------------------
---------------------------------------------------------------------------------
Start Handling Custom Attributes
---------------------------------------------------------------------------------
---------------------------------------------------------------------------------
Finished Handling Custom Attributes : Time (s): cpu = 00:00:22 ; elapsed = 00:00:27 . Memory (MB): peak = 3079.402 ; gain = 166.508 ; free physical = 2703 ; free virtual = 27810
---------------------------------------------------------------------------------
---------------------------------------------------------------------------------
Finished RTL Optimization Phase 1 : Time (s): cpu = 00:00:22 ; elapsed = 00:00:27 . Memory (MB): peak = 3079.402 ; gain = 166.508 ; free physical = 2703 ; free virtual = 27810
---------------------------------------------------------------------------------
Netlist sorting complete. Time (s): cpu = 00:00:00.05 ; elapsed = 00:00:00.05 . Memory (MB): peak = 3079.402 ; gain = 0.000 ; free physical = 2666 ; free virtual = 27778
INFO: [Netlist 29-17] Analyzing 27 Unisim elements for replacement
INFO: [Netlist 29-28] Unisim Transformation completed in 0 CPU seconds
INFO: [Project 1-570] Preparing netlist for logic optimization

Processing XDC Constraints
Initializing timing engine
Parsing XDC File [/home/ernesto/workstation/Systems_Cleanbot/hardware/PiCAM/PiCAM.srcs/sources_1/bd/design_1/ip/design_1_MIPI_CSI_2_RX_1_0_1/hdl/mipi_csi2_rx_ooc.xdc] for cell 'U0'
Finished Parsing XDC File [/home/ernesto/workstation/Systems_Cleanbot/hardware/PiCAM/PiCAM.srcs/sources_1/bd/design_1/ip/design_1_MIPI_CSI_2_RX_1_0_1/hdl/mipi_csi2_rx_ooc.xdc] for cell 'U0'
Parsing XDC File [/home/ernesto/workstation/Systems_Cleanbot/hardware/PiCAM/PiCAM.srcs/sources_1/bd/design_1/ip/design_1_MIPI_CSI_2_RX_1_0_1/hdl/cdc_fifo/cdc_fifo.xdc] for cell 'U0/MIPI_CSI2_Rx_inst/LLP_inst/DataFIFO/U0'
Finished Parsing XDC File [/home/ernesto/workstation/Systems_Cleanbot/hardware/PiCAM/PiCAM.srcs/sources_1/bd/design_1/ip/design_1_MIPI_CSI_2_RX_1_0_1/hdl/cdc_fifo/cdc_fifo.xdc] for cell 'U0/MIPI_CSI2_Rx_inst/LLP_inst/DataFIFO/U0'
CRITICAL WARNING: [Designutils 20-1280] Could not find module 'ila_vidclk'. The XDC file /home/ernesto/workstation/Systems_Cleanbot/hardware/PiCAM/PiCAM.srcs/sources_1/bd/design_1/ip/design_1_MIPI_CSI_2_RX_1_0_1/hdl/ila_vidclk/ila_v6_2/constraints/ila.xdc will not be read for any cell of this module.
CRITICAL WARNING: [Designutils 20-1280] Could not find module 'ila_rxclk'. The XDC file /home/ernesto/workstation/Systems_Cleanbot/hardware/PiCAM/PiCAM.srcs/sources_1/bd/design_1/ip/design_1_MIPI_CSI_2_RX_1_0_1/hdl/ila_rxclk/ila_v6_2/constraints/ila.xdc will not be read for any cell of this module.
CRITICAL WARNING: [Designutils 20-1280] Could not find module 'ila_rxclk_lane'. The XDC file /home/ernesto/workstation/Systems_Cleanbot/hardware/PiCAM/PiCAM.srcs/sources_1/bd/design_1/ip/design_1_MIPI_CSI_2_RX_1_0_1/hdl/ila_rxclk_lane/ila_v6_2/constraints/ila.xdc will not be read for any cell of this module.
Parsing XDC File [/home/ernesto/workstation/Systems_Cleanbot/hardware/PiCAM/PiCAM.srcs/sources_1/bd/design_1/ip/design_1_MIPI_CSI_2_RX_1_0_1/hdl/line_buffer/line_buffer/line_buffer.xdc] for cell 'U0/MIPI_CSI2_Rx_inst/LLP_inst/LineBufferFIFO/inst'
Finished Parsing XDC File [/home/ernesto/workstation/Systems_Cleanbot/hardware/PiCAM/PiCAM.srcs/sources_1/bd/design_1/ip/design_1_MIPI_CSI_2_RX_1_0_1/hdl/line_buffer/line_buffer/line_buffer.xdc] for cell 'U0/MIPI_CSI2_Rx_inst/LLP_inst/LineBufferFIFO/inst'
Parsing XDC File [/home/ernesto/workstation/Systems_Cleanbot/hardware/PiCAM/PiCAM.srcs/sources_1/bd/design_1/ip/design_1_MIPI_CSI_2_RX_1_0_1/hdl/mipi_csi2_rx.xdc] for cell 'U0'
Finished Parsing XDC File [/home/ernesto/workstation/Systems_Cleanbot/hardware/PiCAM/PiCAM.srcs/sources_1/bd/design_1/ip/design_1_MIPI_CSI_2_RX_1_0_1/hdl/mipi_csi2_rx.xdc] for cell 'U0'
Parsing XDC File [/home/ernesto/workstation/Systems_Cleanbot/hardware/PiCAM/PiCAM.runs/design_1_MIPI_CSI_2_RX_1_0_synth_1/dont_touch.xdc]
Finished Parsing XDC File [/home/ernesto/workstation/Systems_Cleanbot/hardware/PiCAM/PiCAM.runs/design_1_MIPI_CSI_2_RX_1_0_synth_1/dont_touch.xdc]
INFO: [Project 1-236] Implementation specific constraints were found while reading constraint file [/home/ernesto/workstation/Systems_Cleanbot/hardware/PiCAM/PiCAM.runs/design_1_MIPI_CSI_2_RX_1_0_synth_1/dont_touch.xdc]. These constraints will be ignored for synthesis but will be used in implementation. Impacted constraints are listed in the file [.Xil/design_1_MIPI_CSI_2_RX_1_0_propImpl.xdc].
Resolution: To avoid this warning, move constraints listed in [.Xil/design_1_MIPI_CSI_2_RX_1_0_propImpl.xdc] to another XDC file and exclude this new file from synthesis with the used_in_synthesis property (File Properties dialog in GUI) and re-run elaboration/synthesis.
Parsing XDC File [/home/ernesto/workstation/Systems_Cleanbot/hardware/PiCAM/PiCAM.srcs/sources_1/bd/design_1/ip/design_1_MIPI_CSI_2_RX_1_0_1/hdl/cdc_fifo/cdc_fifo_clocks.xdc] for cell 'U0/MIPI_CSI2_Rx_inst/LLP_inst/DataFIFO/U0'
Finished Parsing XDC File [/home/ernesto/workstation/Systems_Cleanbot/hardware/PiCAM/PiCAM.srcs/sources_1/bd/design_1/ip/design_1_MIPI_CSI_2_RX_1_0_1/hdl/cdc_fifo/cdc_fifo_clocks.xdc] for cell 'U0/MIPI_CSI2_Rx_inst/LLP_inst/DataFIFO/U0'
INFO: [Project 1-236] Implementation specific constraints were found while reading constraint file [/home/ernesto/workstation/Systems_Cleanbot/hardware/PiCAM/PiCAM.srcs/sources_1/bd/design_1/ip/design_1_MIPI_CSI_2_RX_1_0_1/hdl/cdc_fifo/cdc_fifo_clocks.xdc]. These constraints will be ignored for synthesis but will be used in implementation. Impacted constraints are listed in the file [.Xil/design_1_MIPI_CSI_2_RX_1_0_propImpl.xdc].
Resolution: To avoid this warning, move constraints listed in [.Xil/design_1_MIPI_CSI_2_RX_1_0_propImpl.xdc] to another XDC file and exclude this new file from synthesis with the used_in_synthesis property (File Properties dialog in GUI) and re-run elaboration/synthesis.
Parsing XDC File [/home/ernesto/workstation/Systems_Cleanbot/hardware/PiCAM/PiCAM.srcs/sources_1/bd/design_1/ip/design_1_MIPI_CSI_2_RX_1_0_1/hdl/mipi_csi2_rx_clocks.xdc] for cell 'U0'
Finished Parsing XDC File [/home/ernesto/workstation/Systems_Cleanbot/hardware/PiCAM/PiCAM.srcs/sources_1/bd/design_1/ip/design_1_MIPI_CSI_2_RX_1_0_1/hdl/mipi_csi2_rx_clocks.xdc] for cell 'U0'
INFO: [Project 1-236] Implementation specific constraints were found while reading constraint file [/opt/Vivado/2022.1/data/ip/xpm/xpm_cdc/tcl/xpm_cdc_gray.tcl]. These constraints will be ignored for synthesis but will be used in implementation. Impacted constraints are listed in the file [.Xil/design_1_MIPI_CSI_2_RX_1_0_propImpl.xdc].
Resolution: To avoid this warning, move constraints listed in [.Xil/design_1_MIPI_CSI_2_RX_1_0_propImpl.xdc] to another XDC file and exclude this new file from synthesis with the used_in_synthesis property (File Properties dialog in GUI) and re-run elaboration/synthesis.
INFO: [Project 1-236] Implementation specific constraints were found while reading constraint file [/opt/Vivado/2022.1/data/ip/xpm/xpm_cdc/tcl/xpm_cdc_single.tcl]. These constraints will be ignored for synthesis but will be used in implementation. Impacted constraints are listed in the file [.Xil/design_1_MIPI_CSI_2_RX_1_0_propImpl.xdc].
Resolution: To avoid this warning, move constraints listed in [.Xil/design_1_MIPI_CSI_2_RX_1_0_propImpl.xdc] to another XDC file and exclude this new file from synthesis with the used_in_synthesis property (File Properties dialog in GUI) and re-run elaboration/synthesis.
INFO: [Project 1-1714] 7 XPM XDC files have been applied to the design.
Completed Processing XDC Constraints

Netlist sorting complete. Time (s): cpu = 00:00:00 ; elapsed = 00:00:00 . Memory (MB): peak = 3143.434 ; gain = 0.000 ; free physical = 2341 ; free virtual = 27465
INFO: [Project 1-111] Unisim Transformation Summary:
No Unisim elements were transformed.

Constraint Validation Runtime : Time (s): cpu = 00:00:00.05 ; elapsed = 00:00:00.03 . Memory (MB): peak = 3143.434 ; gain = 0.000 ; free physical = 2332 ; free virtual = 27456
INFO: [Designutils 20-5008] Incremental synthesis strategy off
---------------------------------------------------------------------------------
Finished Constraint Validation : Time (s): cpu = 00:00:30 ; elapsed = 00:00:35 . Memory (MB): peak = 3143.434 ; gain = 230.539 ; free physical = 2876 ; free virtual = 28294
---------------------------------------------------------------------------------
---------------------------------------------------------------------------------
Start Loading Part and Timing Information
---------------------------------------------------------------------------------
Loading part: xc7z020clg400-1
---------------------------------------------------------------------------------
Finished Loading Part and Timing Information : Time (s): cpu = 00:00:30 ; elapsed = 00:00:35 . Memory (MB): peak = 3143.434 ; gain = 230.539 ; free physical = 2877 ; free virtual = 28294
---------------------------------------------------------------------------------
---------------------------------------------------------------------------------
Start Applying 'set_property' XDC Constraints
---------------------------------------------------------------------------------
Applied set_property KEEP_HIERARCHY = SOFT for U0/MIPI_CSI2_Rx_inst/LLP_inst/DataFIFO/U0. (constraint file  /home/ernesto/workstation/Systems_Cleanbot/hardware/PiCAM/PiCAM.runs/design_1_MIPI_CSI_2_RX_1_0_synth_1/dont_touch.xdc, line 23).
Applied set_property KEEP_HIERARCHY = SOFT for U0/MIPI_CSI2_Rx_inst/LLP_inst/LineBufferFIFO/inst. (constraint file  /home/ernesto/workstation/Systems_Cleanbot/hardware/PiCAM/PiCAM.runs/design_1_MIPI_CSI_2_RX_1_0_synth_1/dont_touch.xdc, line 46).
Applied set_property KEEP_HIERARCHY = SOFT for U0. (constraint file  /home/ernesto/workstation/Systems_Cleanbot/hardware/PiCAM/PiCAM.runs/design_1_MIPI_CSI_2_RX_1_0_synth_1/dont_touch.xdc, line 50).
Applied set_property KEEP_HIERARCHY = SOFT for U0/MIPI_CSI2_Rx_inst/LLP_inst/DataFIFO. (constraint file  auto generated constraint).
Applied set_property KEEP_HIERARCHY = SOFT for U0/MIPI_CSI2_Rx_inst/LLP_inst/LineBufferFIFO. (constraint file  auto generated constraint).
Applied set_property KEEP_HIERARCHY = SOFT for U0/MIPI_CSI2_Rx_inst/LLP_inst/DataFIFO/U0/inst_fifo_gen/\gaxis_fifo.gaxisf.axisf /\grf.rf /rstblk/\ngwrdrst.grst.g7serrst.gnsckt_wrst.gic_rst.rst_rd_reg2_inst . (constraint file  auto generated constraint).
Applied set_property KEEP_HIERARCHY = SOFT for U0/MIPI_CSI2_Rx_inst/LLP_inst/DataFIFO/U0/inst_fifo_gen/\gaxis_fifo.gaxisf.axisf /\grf.rf /rstblk/\ngwrdrst.grst.g7serrst.gnsckt_wrst.rst_wr_reg2_inst . (constraint file  auto generated constraint).
Applied set_property KEEP_HIERARCHY = SOFT for U0/MIPI_CSI2_Rx_inst/LLP_inst/DataFIFO/U0/inst_fifo_gen/\gaxis_fifo.gaxisf.axisf /\grf.rf /\gntv_or_sync_fifo.gcx.clkx /rd_pntr_cdc_inst. (constraint file  auto generated constraint).
Applied set_property KEEP_HIERARCHY = SOFT for U0/MIPI_CSI2_Rx_inst/LLP_inst/DataFIFO/U0/inst_fifo_gen/\gaxis_fifo.gaxisf.axisf /\grf.rf /\gntv_or_sync_fifo.gcx.clkx /wr_pntr_cdc_inst. (constraint file  auto generated constraint).
Applied set_property KEEP_HIERARCHY = SOFT for U0/MIPI_CSI2_Rx_inst/LLP_inst/DataFIFO/U0/inst_fifo_gen/\gaxis_fifo.gaxisf.axisf /\grf.rf /rstblk/\ngwrdrst.grst.g7serrst.gnsckt_wrst.gic_rst.xpm_cdc_single_inst_rrst_wr . (constraint file  auto generated constraint).
Applied set_property KEEP_HIERARCHY = SOFT for U0/MIPI_CSI2_Rx_inst/LLP_inst/DataFIFO/U0/inst_fifo_gen/\gaxis_fifo.gaxisf.axisf /\grf.rf /rstblk/\ngwrdrst.grst.g7serrst.gnsckt_wrst.gic_rst.xpm_cdc_single_inst_wrst_rd . (constraint file  auto generated constraint).
Applied set_property KEEP_HIERARCHY = SOFT for U0/MIPI_CSI2_Rx_inst/LLP_inst/LineBufferFIFO/inst/\gen_fifo_generator.fifo_generator_inst /inst_fifo_gen/\gaxis_fifo.gaxisf.axisf /\grf.rf /rstblk/\ngwrdrst.grst.g7serrst.gsckt_wrst.xpm_cdc_sync_rst_inst_wrst . (constraint file  auto generated constraint).
---------------------------------------------------------------------------------
Finished applying 'set_property' XDC Constraints : Time (s): cpu = 00:00:31 ; elapsed = 00:00:35 . Memory (MB): peak = 3143.434 ; gain = 230.539 ; free physical = 2881 ; free virtual = 28296
---------------------------------------------------------------------------------
INFO: [Synth 8-802] inferred FSM for state register 'gpregsm1.curr_fwft_state_reg' in module 'fifo_generator_v13_2_1_rd_fwft'
INFO: [Synth 8-802] inferred FSM for state register 'sState_reg' in module 'ECC'
INFO: [Synth 8-802] inferred FSM for state register 'gpregsm1.curr_fwft_state_reg' in module 'fifo_generator_v13_2_1_rd_fwft__parameterized0'
INFO: [Synth 8-6159] Found Keep on FSM register 'gpregsm1.curr_fwft_state_reg' in module 'fifo_generator_v13_2_1_rd_fwft', re-encoding will not be performed
---------------------------------------------------------------------------------------------------
                   State |                     New Encoding |                Previous Encoding 
---------------------------------------------------------------------------------------------------
                 invalid |                               00 |                               00
            stage1_valid |                               10 |                               10
       both_stages_valid |                               11 |                               11
            stage2_valid |                               01 |                               01
---------------------------------------------------------------------------------------------------
---------------------------------------------------------------------------------------------------
                   State |                     New Encoding |                Previous Encoding 
---------------------------------------------------------------------------------------------------
                 streset |                             0001 |                               00
                  stidle |                             0010 |                               01
             stgenparity |                             0100 |                               10
               stcorrect |                             1000 |                               11
---------------------------------------------------------------------------------------------------
INFO: [Synth 8-3354] encoded FSM with state register 'sState_reg' using encoding 'one-hot' in module 'ECC'
INFO: [Synth 8-6159] Found Keep on FSM register 'gpregsm1.curr_fwft_state_reg' in module 'fifo_generator_v13_2_1_rd_fwft__parameterized0', re-encoding will not be performed
---------------------------------------------------------------------------------------------------
                   State |                     New Encoding |                Previous Encoding 
---------------------------------------------------------------------------------------------------
                 invalid |                               00 |                               00
            stage1_valid |                               10 |                               10
       both_stages_valid |                               11 |                               11
            stage2_valid |                               01 |                               01
---------------------------------------------------------------------------------------------------
---------------------------------------------------------------------------------
Finished RTL Optimization Phase 2 : Time (s): cpu = 00:00:32 ; elapsed = 00:00:37 . Memory (MB): peak = 3143.434 ; gain = 230.539 ; free physical = 2820 ; free virtual = 28334
---------------------------------------------------------------------------------
---------------------------------------------------------------------------------
Start RTL Component Statistics 
---------------------------------------------------------------------------------
Detailed RTL Component Info : 
+---Adders : 
	   2 Input   11 Bit       Adders := 2     
	   2 Input    6 Bit       Adders := 4     
	   2 Input    5 Bit       Adders := 6     
	   2 Input    3 Bit       Adders := 2     
	   2 Input    2 Bit       Adders := 1     
+---XORs : 
	   2 Input     16 Bit         XORs := 32    
	   2 Input      6 Bit         XORs := 2     
	   2 Input      5 Bit         XORs := 2     
	   2 Input      1 Bit         XORs := 112   
	   8 Input      1 Bit         XORs := 2     
	   7 Input      1 Bit         XORs := 1     
	  14 Input      1 Bit         XORs := 1     
	  13 Input      1 Bit         XORs := 1     
	   3 Input      1 Bit         XORs := 1     
	  12 Input      1 Bit         XORs := 1     
	  11 Input      1 Bit         XORs := 1     
+---Registers : 
	               42 Bit    Registers := 1     
	               40 Bit    Registers := 1     
	               37 Bit    Registers := 2     
	               32 Bit    Registers := 6     
	               31 Bit    Registers := 1     
	               24 Bit    Registers := 1     
	               16 Bit    Registers := 2     
	               11 Bit    Registers := 8     
	                6 Bit    Registers := 2     
	                5 Bit    Registers := 22    
	                4 Bit    Registers := 9     
	                3 Bit    Registers := 3     
	                2 Bit    Registers := 15    
	                1 Bit    Registers := 85    
+---Muxes : 
	   2 Input   32 Bit        Muxes := 8     
	  27 Input   32 Bit        Muxes := 1     
	   3 Input   32 Bit        Muxes := 1     
	   2 Input   31 Bit        Muxes := 9     
	   3 Input   31 Bit        Muxes := 3     
	   2 Input   16 Bit        Muxes := 43    
	   3 Input   16 Bit        Muxes := 1     
	   9 Input   11 Bit        Muxes := 4     
	   6 Input   11 Bit        Muxes := 4     
	   2 Input    8 Bit        Muxes := 1     
	   2 Input    5 Bit        Muxes := 6     
	  27 Input    5 Bit        Muxes := 1     
	   2 Input    4 Bit        Muxes := 9     
	   4 Input    4 Bit        Muxes := 1     
	   5 Input    4 Bit        Muxes := 1     
	   2 Input    3 Bit        Muxes := 5     
	   2 Input    2 Bit        Muxes := 23    
	   4 Input    2 Bit        Muxes := 2     
	   5 Input    2 Bit        Muxes := 2     
	   2 Input    1 Bit        Muxes := 46    
	   3 Input    1 Bit        Muxes := 3     
	   4 Input    1 Bit        Muxes := 5     
	  27 Input    1 Bit        Muxes := 1     
	   6 Input    1 Bit        Muxes := 2     
---------------------------------------------------------------------------------
Finished RTL Component Statistics 
---------------------------------------------------------------------------------
---------------------------------------------------------------------------------
Start Part Resource Summary
---------------------------------------------------------------------------------
Part Resources:
DSPs: 220 (col length:60)
BRAMs: 280 (col length: RAMB18 60 RAMB36 30)
---------------------------------------------------------------------------------
Finished Part Resource Summary
---------------------------------------------------------------------------------
---------------------------------------------------------------------------------
Start Cross Boundary and Area Optimization
---------------------------------------------------------------------------------
WARNING: [Synth 8-7080] Parallel synthesis criteria is not met
---------------------------------------------------------------------------------
Finished Cross Boundary and Area Optimization : Time (s): cpu = 00:00:35 ; elapsed = 00:00:41 . Memory (MB): peak = 3143.434 ; gain = 230.539 ; free physical = 5640 ; free virtual = 31346
---------------------------------------------------------------------------------
---------------------------------------------------------------------------------
Start ROM, RAM, DSP, Shift Register and Retiming Reporting
---------------------------------------------------------------------------------

Distributed RAM: Preliminary Mapping Report (see note below)
+--------------------------------------------+------------------------------------------------------------------------------------------+----------------+----------------------+-------------+
|Module Name                                 | RTL Object                                                                               | Inference      | Size (Depth x Width) | Primitives  | 
+--------------------------------------------+------------------------------------------------------------------------------------------+----------------+----------------------+-------------+
|U0/\MIPI_CSI2_Rx_inst/LLP_inst/DataFIFO /U0 | inst_fifo_gen/gaxis_fifo.gaxisf.axisf/grf.rf/gntv_or_sync_fifo.mem/gdm.dm_gen.dm/RAM_reg | User Attribute | 32 x 37              | RAM32M x 7  | 
|U0                                          | MIPI_CSI2_Rx_inst/LM_inst/DeskewFIFOs[0].DeskewFIFOx/FIFO_reg                            | Implied        | 32 x 11              | RAM32M x 2  | 
|U0                                          | MIPI_CSI2_Rx_inst/LM_inst/DeskewFIFOs[1].DeskewFIFOx/FIFO_reg                            | Implied        | 32 x 11              | RAM32M x 2  | 
+--------------------------------------------+------------------------------------------------------------------------------------------+----------------+----------------------+-------------+

Note: The table above is a preliminary report that shows the Distributed RAMs at the current stage of the synthesis flow. Some Distributed RAMs may be reimplemented as non Distributed RAM primitives later in the synthesis flow. Multiple instantiated RAMs are reported only once.
---------------------------------------------------------------------------------
Finished ROM, RAM, DSP, Shift Register and Retiming Reporting
---------------------------------------------------------------------------------
---------------------------------------------------------------------------------
Start Applying XDC Timing Constraints
---------------------------------------------------------------------------------
---------------------------------------------------------------------------------
Finished Applying XDC Timing Constraints : Time (s): cpu = 00:00:40 ; elapsed = 00:00:46 . Memory (MB): peak = 3143.434 ; gain = 230.539 ; free physical = 8893 ; free virtual = 35701
---------------------------------------------------------------------------------
---------------------------------------------------------------------------------
Start Timing Optimization
---------------------------------------------------------------------------------
---------------------------------------------------------------------------------
Finished Timing Optimization : Time (s): cpu = 00:00:41 ; elapsed = 00:00:46 . Memory (MB): peak = 3143.434 ; gain = 230.539 ; free physical = 8889 ; free virtual = 35698
---------------------------------------------------------------------------------
---------------------------------------------------------------------------------
Start ROM, RAM, DSP, Shift Register and Retiming Reporting
---------------------------------------------------------------------------------

Distributed RAM: Final Mapping Report
+--------------------------------------------+------------------------------------------------------------------------------------------+----------------+----------------------+-------------+
|Module Name                                 | RTL Object                                                                               | Inference      | Size (Depth x Width) | Primitives  | 
+--------------------------------------------+------------------------------------------------------------------------------------------+----------------+----------------------+-------------+
|U0/\MIPI_CSI2_Rx_inst/LLP_inst/DataFIFO /U0 | inst_fifo_gen/gaxis_fifo.gaxisf.axisf/grf.rf/gntv_or_sync_fifo.mem/gdm.dm_gen.dm/RAM_reg | User Attribute | 32 x 37              | RAM32M x 7  | 
|U0                                          | MIPI_CSI2_Rx_inst/LM_inst/DeskewFIFOs[0].DeskewFIFOx/FIFO_reg                            | Implied        | 32 x 11              | RAM32M x 2  | 
|U0                                          | MIPI_CSI2_Rx_inst/LM_inst/DeskewFIFOs[1].DeskewFIFOx/FIFO_reg                            | Implied        | 32 x 11              | RAM32M x 2  | 
+--------------------------------------------+------------------------------------------------------------------------------------------+----------------+----------------------+-------------+

---------------------------------------------------------------------------------
Finished ROM, RAM, DSP, Shift Register and Retiming Reporting
---------------------------------------------------------------------------------
---------------------------------------------------------------------------------
Start Technology Mapping
---------------------------------------------------------------------------------
---------------------------------------------------------------------------------
Finished Technology Mapping : Time (s): cpu = 00:00:41 ; elapsed = 00:00:47 . Memory (MB): peak = 3143.434 ; gain = 230.539 ; free physical = 8813 ; free virtual = 35689
---------------------------------------------------------------------------------
---------------------------------------------------------------------------------
Start IO Insertion
---------------------------------------------------------------------------------
---------------------------------------------------------------------------------
Start Flattening Before IO Insertion
---------------------------------------------------------------------------------
---------------------------------------------------------------------------------
Finished Flattening Before IO Insertion
---------------------------------------------------------------------------------
---------------------------------------------------------------------------------
Start Final Netlist Cleanup
---------------------------------------------------------------------------------
---------------------------------------------------------------------------------
Finished Final Netlist Cleanup
---------------------------------------------------------------------------------
---------------------------------------------------------------------------------
Finished IO Insertion : Time (s): cpu = 00:00:45 ; elapsed = 00:00:50 . Memory (MB): peak = 3143.434 ; gain = 230.539 ; free physical = 8766 ; free virtual = 35646
---------------------------------------------------------------------------------
---------------------------------------------------------------------------------
Start Renaming Generated Instances
---------------------------------------------------------------------------------
---------------------------------------------------------------------------------
Finished Renaming Generated Instances : Time (s): cpu = 00:00:45 ; elapsed = 00:00:50 . Memory (MB): peak = 3143.434 ; gain = 230.539 ; free physical = 8766 ; free virtual = 35646
---------------------------------------------------------------------------------
---------------------------------------------------------------------------------
Start Rebuilding User Hierarchy
---------------------------------------------------------------------------------
---------------------------------------------------------------------------------
Finished Rebuilding User Hierarchy : Time (s): cpu = 00:00:45 ; elapsed = 00:00:50 . Memory (MB): peak = 3143.434 ; gain = 230.539 ; free physical = 8765 ; free virtual = 35645
---------------------------------------------------------------------------------
---------------------------------------------------------------------------------
Start Renaming Generated Ports
---------------------------------------------------------------------------------
---------------------------------------------------------------------------------
Finished Renaming Generated Ports : Time (s): cpu = 00:00:45 ; elapsed = 00:00:50 . Memory (MB): peak = 3143.434 ; gain = 230.539 ; free physical = 8765 ; free virtual = 35645
---------------------------------------------------------------------------------
---------------------------------------------------------------------------------
Start Handling Custom Attributes
---------------------------------------------------------------------------------
---------------------------------------------------------------------------------
Finished Handling Custom Attributes : Time (s): cpu = 00:00:45 ; elapsed = 00:00:50 . Memory (MB): peak = 3143.434 ; gain = 230.539 ; free physical = 8765 ; free virtual = 35645
---------------------------------------------------------------------------------
---------------------------------------------------------------------------------
Start Renaming Generated Nets
---------------------------------------------------------------------------------
---------------------------------------------------------------------------------
Finished Renaming Generated Nets : Time (s): cpu = 00:00:45 ; elapsed = 00:00:50 . Memory (MB): peak = 3143.434 ; gain = 230.539 ; free physical = 8765 ; free virtual = 35645
---------------------------------------------------------------------------------
---------------------------------------------------------------------------------
Start ROM, RAM, DSP, Shift Register and Retiming Reporting
---------------------------------------------------------------------------------

Static Shift Register Report:
+-----------------------+-------------------------------------------------------------------------------------------------------------------------------------------------------------------------------------------------------------------+--------+-------+--------------+--------------------+-------------------+--------+---------+
|Module Name            | RTL Name                                                                                                                                                                                                          | Length | Width | Reset Signal | Pull out first Reg | Pull out last Reg | SRL16E | SRLC32E | 
+-----------------------+-------------------------------------------------------------------------------------------------------------------------------------------------------------------------------------------------------------------+--------+-------+--------------+--------------------+-------------------+--------+---------+
|fifo_generator_v13_2_1 | inst_fifo_gen/gaxis_fifo.gaxisf.axisf/grf.rf/gntv_or_sync_fifo.mem/gbm.gbmg.gbmga.ngecc.bmg/inst_blk_mem_gen/gnbram.gnativebmg.native_blk_mem_gen/valid.cstr/ramloop[2].ram.r/SAFETY_CKT_GEN.RSTA_SHFT_REG_reg[4] | 4      | 1     | NO           | NO                 | YES               | 1      | 0       | 
+-----------------------+-------------------------------------------------------------------------------------------------------------------------------------------------------------------------------------------------------------------+--------+-------+--------------+--------------------+-------------------+--------+---------+

---------------------------------------------------------------------------------
Finished ROM, RAM, DSP, Shift Register and Retiming Reporting
---------------------------------------------------------------------------------
---------------------------------------------------------------------------------
Start Writing Synthesis Report
---------------------------------------------------------------------------------

Report BlackBoxes: 
+-+--------------+----------+
| |BlackBox name |Instances |
+-+--------------+----------+
+-+--------------+----------+

Report Cell Usage: 
+------+---------+------+
|      |Cell     |Count |
+------+---------+------+
|1     |CARRY4   |     4|
|2     |LUT1     |    59|
|3     |LUT2     |    48|
|4     |LUT3     |   108|
|5     |LUT4     |    74|
|6     |LUT5     |    72|
|7     |LUT6     |   113|
|8     |MUXCY    |    24|
|9     |RAM32M   |    10|
|10    |RAM32X1D |     1|
|11    |RAMB18E1 |     1|
|12    |RAMB36E1 |     2|
|13    |SRL16E   |     1|
|14    |FDCE     |    39|
|15    |FDPE     |    29|
|16    |FDRE     |   596|
|17    |FDSE     |    21|
+------+---------+------+
---------------------------------------------------------------------------------
Finished Writing Synthesis Report : Time (s): cpu = 00:00:45 ; elapsed = 00:00:50 . Memory (MB): peak = 3143.434 ; gain = 230.539 ; free physical = 8765 ; free virtual = 35645
---------------------------------------------------------------------------------
Synthesis finished with 0 errors, 0 critical warnings and 1020 warnings.
Synthesis Optimization Runtime : Time (s): cpu = 00:00:41 ; elapsed = 00:00:47 . Memory (MB): peak = 3143.434 ; gain = 166.508 ; free physical = 8819 ; free virtual = 35700
Synthesis Optimization Complete : Time (s): cpu = 00:00:45 ; elapsed = 00:00:50 . Memory (MB): peak = 3143.434 ; gain = 230.539 ; free physical = 8819 ; free virtual = 35700
INFO: [Project 1-571] Translating synthesized netlist
Netlist sorting complete. Time (s): cpu = 00:00:00.03 ; elapsed = 00:00:00.02 . Memory (MB): peak = 3143.434 ; gain = 0.000 ; free physical = 8911 ; free virtual = 35792
INFO: [Netlist 29-17] Analyzing 42 Unisim elements for replacement
INFO: [Netlist 29-28] Unisim Transformation completed in 0 CPU seconds
INFO: [Project 1-570] Preparing netlist for logic optimization
INFO: [Opt 31-138] Pushed 0 inverter(s) to 0 load pin(s).
Netlist sorting complete. Time (s): cpu = 00:00:00 ; elapsed = 00:00:00 . Memory (MB): peak = 3167.457 ; gain = 0.000 ; free physical = 8774 ; free virtual = 35675
INFO: [Project 1-111] Unisim Transformation Summary:
  A total of 19 instances were transformed.
  (MUXCY,XORCY) => CARRY4: 8 instances
  RAM32M => RAM32M (RAMD32(x6), RAMS32(x2)): 10 instances
  RAM32X1D => RAM32X1D (RAMD32(x2)): 1 instance 

Synth Design complete, checksum: f3cf19f5
INFO: [Common 17-83] Releasing license: Synthesis
88 Infos, 135 Warnings, 3 Critical Warnings and 0 Errors encountered.
synth_design completed successfully
synth_design: Time (s): cpu = 00:00:58 ; elapsed = 00:00:57 . Memory (MB): peak = 3167.457 ; gain = 254.562 ; free physical = 8988 ; free virtual = 35888
INFO: [Common 17-1381] The checkpoint '/home/ernesto/workstation/Systems_Cleanbot/hardware/PiCAM/PiCAM.runs/design_1_MIPI_CSI_2_RX_1_0_synth_1/design_1_MIPI_CSI_2_RX_1_0.dcp' has been generated.
INFO: [runtcl-6] Synthesis results are not added to the cache due to CRITICAL_WARNING
INFO: [Coretcl 2-1174] Renamed 71 cell refs.
INFO: [Common 17-1381] The checkpoint '/home/ernesto/workstation/Systems_Cleanbot/hardware/PiCAM/PiCAM.runs/design_1_MIPI_CSI_2_RX_1_0_synth_1/design_1_MIPI_CSI_2_RX_1_0.dcp' has been generated.
INFO: [runtcl-4] Executing : report_utilization -file design_1_MIPI_CSI_2_RX_1_0_utilization_synth.rpt -pb design_1_MIPI_CSI_2_RX_1_0_utilization_synth.pb
INFO: [Common 17-206] Exiting Vivado at Mon Nov  7 23:10:15 2022...
