
*** Running vivado
    with args -log design_1_xbar_0.vds -m64 -product Vivado -mode batch -messageDb vivado.pb -notrace -source design_1_xbar_0.tcl


****** Vivado v2022.1 (64-bit)
  **** SW Build 3526262 on Mon Apr 18 15:47:01 MDT 2022
  **** IP Build 3524634 on Mon Apr 18 20:55:01 MDT 2022
    ** Copyright 1986-2022 Xilinx, Inc. All Rights Reserved.

source design_1_xbar_0.tcl -notrace
INFO: [IP_Flow 19-234] Refreshing IP repositories
INFO: [IP_Flow 19-1700] Loaded user IP repository '/home/ernesto/workstation/Systems_Cleanbot/MIPI_HDMI_IMAGER/block_compile.ipdefs/digilent_0'.
INFO: [IP_Flow 19-2313] Loaded Vivado IP repository '/opt/Vivado/2022.1/data/ip'.
Command: synth_design -top design_1_xbar_0 -part xc7z020clg400-1 -incremental_mode off -mode out_of_context
Starting synth_design
INFO: [IP_Flow 19-2162] IP 'design_1_xbar_0' is locked:
* IP definition 'AXI Crossbar (2.1)' for IP 'design_1_xbar_0' (customized with software release 2017.4) has a different revision in the IP Catalog.
Attempting to get a license for feature 'Synthesis' and/or device 'xc7z020'
INFO: [Common 17-349] Got license for feature 'Synthesis' and/or device 'xc7z020'
INFO: [Device 21-403] Loading part xc7z020clg400-1
INFO: [Synth 8-7079] Multithreading enabled for synth_design using a maximum of 4 processes.
INFO: [Synth 8-7078] Launching helper process for spawning children vivado processes
INFO: [Synth 8-7075] Helper process launched with PID 12747
WARNING: [Synth 8-9501] generate block is allowed only inside loop and conditional generate in SystemVerilog mode [/opt/Vivado/2022.1/data/ip/xpm/xpm_fifo/hdl/xpm_fifo.sv:4023]
---------------------------------------------------------------------------------
Starting RTL Elaboration : Time (s): cpu = 00:00:07 ; elapsed = 00:00:10 . Memory (MB): peak = 2910.859 ; gain = 0.000 ; free physical = 181 ; free virtual = 23211
---------------------------------------------------------------------------------
INFO: [Synth 8-6157] synthesizing module 'design_1_xbar_0' [/home/ernesto/workstation/Systems_Cleanbot/hardware/PiCAM/PiCAM.srcs/sources_1/bd/design_1/ip/design_1_xbar_0_1/synth/design_1_xbar_0.v:53]
INFO: [Synth 8-6157] synthesizing module 'axi_crossbar_v2_1_16_axi_crossbar' [/home/ernesto/workstation/Systems_Cleanbot/hardware/PiCAM/PiCAM.srcs/sources_1/bd/design_1/ipshared/c631/hdl/axi_crossbar_v2_1_vl_rfs.v:4881]
INFO: [Synth 8-6157] synthesizing module 'axi_crossbar_v2_1_16_crossbar' [/home/ernesto/workstation/Systems_Cleanbot/hardware/PiCAM/PiCAM.srcs/sources_1/bd/design_1/ipshared/c631/hdl/axi_crossbar_v2_1_vl_rfs.v:2238]
INFO: [Synth 8-6157] synthesizing module 'axi_crossbar_v2_1_16_si_transactor' [/home/ernesto/workstation/Systems_Cleanbot/hardware/PiCAM/PiCAM.srcs/sources_1/bd/design_1/ipshared/c631/hdl/axi_crossbar_v2_1_vl_rfs.v:3797]
INFO: [Synth 8-6157] synthesizing module 'axi_crossbar_v2_1_16_addr_decoder' [/home/ernesto/workstation/Systems_Cleanbot/hardware/PiCAM/PiCAM.srcs/sources_1/bd/design_1/ipshared/c631/hdl/axi_crossbar_v2_1_vl_rfs.v:793]
INFO: [Synth 8-6157] synthesizing module 'generic_baseblocks_v2_1_0_comparator_static' [/home/ernesto/workstation/Systems_Cleanbot/hardware/PiCAM/PiCAM.srcs/sources_1/bd/design_1/ipshared/b752/hdl/generic_baseblocks_v2_1_vl_rfs.v:2132]
INFO: [Synth 8-6157] synthesizing module 'generic_baseblocks_v2_1_0_carry_and' [/home/ernesto/workstation/Systems_Cleanbot/hardware/PiCAM/PiCAM.srcs/sources_1/bd/design_1/ipshared/b752/hdl/generic_baseblocks_v2_1_vl_rfs.v:61]
INFO: [Synth 8-6155] done synthesizing module 'generic_baseblocks_v2_1_0_carry_and' (0#1) [/home/ernesto/workstation/Systems_Cleanbot/hardware/PiCAM/PiCAM.srcs/sources_1/bd/design_1/ipshared/b752/hdl/generic_baseblocks_v2_1_vl_rfs.v:61]
INFO: [Synth 8-6155] done synthesizing module 'generic_baseblocks_v2_1_0_comparator_static' (0#1) [/home/ernesto/workstation/Systems_Cleanbot/hardware/PiCAM/PiCAM.srcs/sources_1/bd/design_1/ipshared/b752/hdl/generic_baseblocks_v2_1_vl_rfs.v:2132]
INFO: [Synth 8-6155] done synthesizing module 'axi_crossbar_v2_1_16_addr_decoder' (0#1) [/home/ernesto/workstation/Systems_Cleanbot/hardware/PiCAM/PiCAM.srcs/sources_1/bd/design_1/ipshared/c631/hdl/axi_crossbar_v2_1_vl_rfs.v:793]
INFO: [Synth 8-6157] synthesizing module 'axi_data_fifo_v2_1_14_axic_srl_fifo' [/home/ernesto/workstation/Systems_Cleanbot/hardware/PiCAM/PiCAM.srcs/sources_1/bd/design_1/ipshared/9909/hdl/axi_data_fifo_v2_1_vl_rfs.v:697]
INFO: [Synth 8-6157] synthesizing module 'axi_data_fifo_v2_1_14_ndeep_srl' [/home/ernesto/workstation/Systems_Cleanbot/hardware/PiCAM/PiCAM.srcs/sources_1/bd/design_1/ipshared/9909/hdl/axi_data_fifo_v2_1_vl_rfs.v:1134]
INFO: [Synth 8-6157] synthesizing module 'SRLC32E' [/opt/Vivado/2022.1/scripts/rt/data/unisim_comp.v:106148]
INFO: [Synth 8-6155] done synthesizing module 'SRLC32E' (0#1) [/opt/Vivado/2022.1/scripts/rt/data/unisim_comp.v:106148]
INFO: [Synth 8-6155] done synthesizing module 'axi_data_fifo_v2_1_14_ndeep_srl' (0#1) [/home/ernesto/workstation/Systems_Cleanbot/hardware/PiCAM/PiCAM.srcs/sources_1/bd/design_1/ipshared/9909/hdl/axi_data_fifo_v2_1_vl_rfs.v:1134]
INFO: [Synth 8-6155] done synthesizing module 'axi_data_fifo_v2_1_14_axic_srl_fifo' (0#1) [/home/ernesto/workstation/Systems_Cleanbot/hardware/PiCAM/PiCAM.srcs/sources_1/bd/design_1/ipshared/9909/hdl/axi_data_fifo_v2_1_vl_rfs.v:697]
INFO: [Synth 8-6157] synthesizing module 'generic_baseblocks_v2_1_0_mux_enc' [/home/ernesto/workstation/Systems_Cleanbot/hardware/PiCAM/PiCAM.srcs/sources_1/bd/design_1/ipshared/b752/hdl/generic_baseblocks_v2_1_vl_rfs.v:2451]
INFO: [Synth 8-6155] done synthesizing module 'generic_baseblocks_v2_1_0_mux_enc' (0#1) [/home/ernesto/workstation/Systems_Cleanbot/hardware/PiCAM/PiCAM.srcs/sources_1/bd/design_1/ipshared/b752/hdl/generic_baseblocks_v2_1_vl_rfs.v:2451]
INFO: [Synth 8-6155] done synthesizing module 'axi_crossbar_v2_1_16_si_transactor' (0#1) [/home/ernesto/workstation/Systems_Cleanbot/hardware/PiCAM/PiCAM.srcs/sources_1/bd/design_1/ipshared/c631/hdl/axi_crossbar_v2_1_vl_rfs.v:3797]
INFO: [Synth 8-6157] synthesizing module 'axi_crossbar_v2_1_16_si_transactor__parameterized0' [/home/ernesto/workstation/Systems_Cleanbot/hardware/PiCAM/PiCAM.srcs/sources_1/bd/design_1/ipshared/c631/hdl/axi_crossbar_v2_1_vl_rfs.v:3797]
INFO: [Synth 8-6157] synthesizing module 'generic_baseblocks_v2_1_0_mux_enc__parameterized0' [/home/ernesto/workstation/Systems_Cleanbot/hardware/PiCAM/PiCAM.srcs/sources_1/bd/design_1/ipshared/b752/hdl/generic_baseblocks_v2_1_vl_rfs.v:2451]
INFO: [Synth 8-6155] done synthesizing module 'generic_baseblocks_v2_1_0_mux_enc__parameterized0' (0#1) [/home/ernesto/workstation/Systems_Cleanbot/hardware/PiCAM/PiCAM.srcs/sources_1/bd/design_1/ipshared/b752/hdl/generic_baseblocks_v2_1_vl_rfs.v:2451]
INFO: [Synth 8-6155] done synthesizing module 'axi_crossbar_v2_1_16_si_transactor__parameterized0' (0#1) [/home/ernesto/workstation/Systems_Cleanbot/hardware/PiCAM/PiCAM.srcs/sources_1/bd/design_1/ipshared/c631/hdl/axi_crossbar_v2_1_vl_rfs.v:3797]
INFO: [Synth 8-6157] synthesizing module 'axi_crossbar_v2_1_16_splitter' [/home/ernesto/workstation/Systems_Cleanbot/hardware/PiCAM/PiCAM.srcs/sources_1/bd/design_1/ipshared/c631/hdl/axi_crossbar_v2_1_vl_rfs.v:4458]
INFO: [Synth 8-6155] done synthesizing module 'axi_crossbar_v2_1_16_splitter' (0#1) [/home/ernesto/workstation/Systems_Cleanbot/hardware/PiCAM/PiCAM.srcs/sources_1/bd/design_1/ipshared/c631/hdl/axi_crossbar_v2_1_vl_rfs.v:4458]
INFO: [Synth 8-6157] synthesizing module 'axi_crossbar_v2_1_16_wdata_router' [/home/ernesto/workstation/Systems_Cleanbot/hardware/PiCAM/PiCAM.srcs/sources_1/bd/design_1/ipshared/c631/hdl/axi_crossbar_v2_1_vl_rfs.v:4733]
INFO: [Synth 8-6157] synthesizing module 'axi_data_fifo_v2_1_14_axic_reg_srl_fifo' [/home/ernesto/workstation/Systems_Cleanbot/hardware/PiCAM/PiCAM.srcs/sources_1/bd/design_1/ipshared/9909/hdl/axi_data_fifo_v2_1_vl_rfs.v:888]
INFO: [Synth 8-155] case statement is not full and has no default [/home/ernesto/workstation/Systems_Cleanbot/hardware/PiCAM/PiCAM.srcs/sources_1/bd/design_1/ipshared/9909/hdl/axi_data_fifo_v2_1_vl_rfs.v:986]
INFO: [Synth 8-6155] done synthesizing module 'axi_data_fifo_v2_1_14_axic_reg_srl_fifo' (0#1) [/home/ernesto/workstation/Systems_Cleanbot/hardware/PiCAM/PiCAM.srcs/sources_1/bd/design_1/ipshared/9909/hdl/axi_data_fifo_v2_1_vl_rfs.v:888]
INFO: [Synth 8-6155] done synthesizing module 'axi_crossbar_v2_1_16_wdata_router' (0#1) [/home/ernesto/workstation/Systems_Cleanbot/hardware/PiCAM/PiCAM.srcs/sources_1/bd/design_1/ipshared/c631/hdl/axi_crossbar_v2_1_vl_rfs.v:4733]
INFO: [Synth 8-6157] synthesizing module 'axi_crossbar_v2_1_16_addr_decoder__parameterized0' [/home/ernesto/workstation/Systems_Cleanbot/hardware/PiCAM/PiCAM.srcs/sources_1/bd/design_1/ipshared/c631/hdl/axi_crossbar_v2_1_vl_rfs.v:793]
INFO: [Synth 8-6155] done synthesizing module 'axi_crossbar_v2_1_16_addr_decoder__parameterized0' (0#1) [/home/ernesto/workstation/Systems_Cleanbot/hardware/PiCAM/PiCAM.srcs/sources_1/bd/design_1/ipshared/c631/hdl/axi_crossbar_v2_1_vl_rfs.v:793]
INFO: [Synth 8-6157] synthesizing module 'axi_crossbar_v2_1_16_addr_decoder__parameterized1' [/home/ernesto/workstation/Systems_Cleanbot/hardware/PiCAM/PiCAM.srcs/sources_1/bd/design_1/ipshared/c631/hdl/axi_crossbar_v2_1_vl_rfs.v:793]
INFO: [Synth 8-6155] done synthesizing module 'axi_crossbar_v2_1_16_addr_decoder__parameterized1' (0#1) [/home/ernesto/workstation/Systems_Cleanbot/hardware/PiCAM/PiCAM.srcs/sources_1/bd/design_1/ipshared/c631/hdl/axi_crossbar_v2_1_vl_rfs.v:793]
INFO: [Synth 8-6157] synthesizing module 'axi_data_fifo_v2_1_14_axic_srl_fifo__parameterized0' [/home/ernesto/workstation/Systems_Cleanbot/hardware/PiCAM/PiCAM.srcs/sources_1/bd/design_1/ipshared/9909/hdl/axi_data_fifo_v2_1_vl_rfs.v:697]
INFO: [Synth 8-6157] synthesizing module 'axi_data_fifo_v2_1_14_ndeep_srl__parameterized0' [/home/ernesto/workstation/Systems_Cleanbot/hardware/PiCAM/PiCAM.srcs/sources_1/bd/design_1/ipshared/9909/hdl/axi_data_fifo_v2_1_vl_rfs.v:1134]
INFO: [Synth 8-6155] done synthesizing module 'axi_data_fifo_v2_1_14_ndeep_srl__parameterized0' (0#1) [/home/ernesto/workstation/Systems_Cleanbot/hardware/PiCAM/PiCAM.srcs/sources_1/bd/design_1/ipshared/9909/hdl/axi_data_fifo_v2_1_vl_rfs.v:1134]
INFO: [Synth 8-6155] done synthesizing module 'axi_data_fifo_v2_1_14_axic_srl_fifo__parameterized0' (0#1) [/home/ernesto/workstation/Systems_Cleanbot/hardware/PiCAM/PiCAM.srcs/sources_1/bd/design_1/ipshared/9909/hdl/axi_data_fifo_v2_1_vl_rfs.v:697]
INFO: [Synth 8-6157] synthesizing module 'axi_crossbar_v2_1_16_wdata_mux' [/home/ernesto/workstation/Systems_Cleanbot/hardware/PiCAM/PiCAM.srcs/sources_1/bd/design_1/ipshared/c631/hdl/axi_crossbar_v2_1_vl_rfs.v:4558]
INFO: [Synth 8-6157] synthesizing module 'axi_data_fifo_v2_1_14_axic_reg_srl_fifo__parameterized0' [/home/ernesto/workstation/Systems_Cleanbot/hardware/PiCAM/PiCAM.srcs/sources_1/bd/design_1/ipshared/9909/hdl/axi_data_fifo_v2_1_vl_rfs.v:888]
INFO: [Synth 8-155] case statement is not full and has no default [/home/ernesto/workstation/Systems_Cleanbot/hardware/PiCAM/PiCAM.srcs/sources_1/bd/design_1/ipshared/9909/hdl/axi_data_fifo_v2_1_vl_rfs.v:986]
INFO: [Synth 8-6155] done synthesizing module 'axi_data_fifo_v2_1_14_axic_reg_srl_fifo__parameterized0' (0#1) [/home/ernesto/workstation/Systems_Cleanbot/hardware/PiCAM/PiCAM.srcs/sources_1/bd/design_1/ipshared/9909/hdl/axi_data_fifo_v2_1_vl_rfs.v:888]
INFO: [Synth 8-6157] synthesizing module 'generic_baseblocks_v2_1_0_mux_enc__parameterized1' [/home/ernesto/workstation/Systems_Cleanbot/hardware/PiCAM/PiCAM.srcs/sources_1/bd/design_1/ipshared/b752/hdl/generic_baseblocks_v2_1_vl_rfs.v:2451]
INFO: [Synth 8-6155] done synthesizing module 'generic_baseblocks_v2_1_0_mux_enc__parameterized1' (0#1) [/home/ernesto/workstation/Systems_Cleanbot/hardware/PiCAM/PiCAM.srcs/sources_1/bd/design_1/ipshared/b752/hdl/generic_baseblocks_v2_1_vl_rfs.v:2451]
INFO: [Synth 8-6155] done synthesizing module 'axi_crossbar_v2_1_16_wdata_mux' (0#1) [/home/ernesto/workstation/Systems_Cleanbot/hardware/PiCAM/PiCAM.srcs/sources_1/bd/design_1/ipshared/c631/hdl/axi_crossbar_v2_1_vl_rfs.v:4558]
INFO: [Synth 8-6157] synthesizing module 'axi_register_slice_v2_1_15_axi_register_slice' [/home/ernesto/workstation/Systems_Cleanbot/hardware/PiCAM/PiCAM.srcs/sources_1/bd/design_1/ipshared/3ed1/hdl/axi_register_slice_v2_1_vl_rfs.v:2299]
INFO: [Synth 8-6157] synthesizing module 'axi_register_slice_v2_1_15_axic_register_slice' [/home/ernesto/workstation/Systems_Cleanbot/hardware/PiCAM/PiCAM.srcs/sources_1/bd/design_1/ipshared/3ed1/hdl/axi_register_slice_v2_1_vl_rfs.v:188]
INFO: [Synth 8-6155] done synthesizing module 'axi_register_slice_v2_1_15_axic_register_slice' (0#1) [/home/ernesto/workstation/Systems_Cleanbot/hardware/PiCAM/PiCAM.srcs/sources_1/bd/design_1/ipshared/3ed1/hdl/axi_register_slice_v2_1_vl_rfs.v:188]
INFO: [Synth 8-6157] synthesizing module 'axi_register_slice_v2_1_15_axic_register_slice__parameterized0' [/home/ernesto/workstation/Systems_Cleanbot/hardware/PiCAM/PiCAM.srcs/sources_1/bd/design_1/ipshared/3ed1/hdl/axi_register_slice_v2_1_vl_rfs.v:188]
INFO: [Synth 8-6155] done synthesizing module 'axi_register_slice_v2_1_15_axic_register_slice__parameterized0' (0#1) [/home/ernesto/workstation/Systems_Cleanbot/hardware/PiCAM/PiCAM.srcs/sources_1/bd/design_1/ipshared/3ed1/hdl/axi_register_slice_v2_1_vl_rfs.v:188]
INFO: [Synth 8-6157] synthesizing module 'axi_register_slice_v2_1_15_axic_register_slice__parameterized1' [/home/ernesto/workstation/Systems_Cleanbot/hardware/PiCAM/PiCAM.srcs/sources_1/bd/design_1/ipshared/3ed1/hdl/axi_register_slice_v2_1_vl_rfs.v:188]
INFO: [Synth 8-6155] done synthesizing module 'axi_register_slice_v2_1_15_axic_register_slice__parameterized1' (0#1) [/home/ernesto/workstation/Systems_Cleanbot/hardware/PiCAM/PiCAM.srcs/sources_1/bd/design_1/ipshared/3ed1/hdl/axi_register_slice_v2_1_vl_rfs.v:188]
INFO: [Synth 8-6157] synthesizing module 'axi_register_slice_v2_1_15_axic_register_slice__parameterized2' [/home/ernesto/workstation/Systems_Cleanbot/hardware/PiCAM/PiCAM.srcs/sources_1/bd/design_1/ipshared/3ed1/hdl/axi_register_slice_v2_1_vl_rfs.v:188]
INFO: [Synth 8-6155] done synthesizing module 'axi_register_slice_v2_1_15_axic_register_slice__parameterized2' (0#1) [/home/ernesto/workstation/Systems_Cleanbot/hardware/PiCAM/PiCAM.srcs/sources_1/bd/design_1/ipshared/3ed1/hdl/axi_register_slice_v2_1_vl_rfs.v:188]
INFO: [Synth 8-6157] synthesizing module 'axi_infrastructure_v1_1_0_axi2vector' [/home/ernesto/workstation/Systems_Cleanbot/hardware/PiCAM/PiCAM.srcs/sources_1/bd/design_1/ipshared/ec67/hdl/axi_infrastructure_v1_1_vl_rfs.v:59]
INFO: [Synth 8-6155] done synthesizing module 'axi_infrastructure_v1_1_0_axi2vector' (0#1) [/home/ernesto/workstation/Systems_Cleanbot/hardware/PiCAM/PiCAM.srcs/sources_1/bd/design_1/ipshared/ec67/hdl/axi_infrastructure_v1_1_vl_rfs.v:59]
INFO: [Synth 8-6157] synthesizing module 'axi_infrastructure_v1_1_0_vector2axi' [/home/ernesto/workstation/Systems_Cleanbot/hardware/PiCAM/PiCAM.srcs/sources_1/bd/design_1/ipshared/ec67/hdl/axi_infrastructure_v1_1_vl_rfs.v:473]
INFO: [Synth 8-6155] done synthesizing module 'axi_infrastructure_v1_1_0_vector2axi' (0#1) [/home/ernesto/workstation/Systems_Cleanbot/hardware/PiCAM/PiCAM.srcs/sources_1/bd/design_1/ipshared/ec67/hdl/axi_infrastructure_v1_1_vl_rfs.v:473]
INFO: [Synth 8-6155] done synthesizing module 'axi_register_slice_v2_1_15_axi_register_slice' (0#1) [/home/ernesto/workstation/Systems_Cleanbot/hardware/PiCAM/PiCAM.srcs/sources_1/bd/design_1/ipshared/3ed1/hdl/axi_register_slice_v2_1_vl_rfs.v:2299]
WARNING: [Synth 8-7071] port 'aclk2x' of module 'axi_register_slice_v2_1_15_axi_register_slice' is unconnected for instance 'reg_slice_mi' [/home/ernesto/workstation/Systems_Cleanbot/hardware/PiCAM/PiCAM.srcs/sources_1/bd/design_1/ipshared/c631/hdl/axi_crossbar_v2_1_vl_rfs.v:3121]
WARNING: [Synth 8-7023] instance 'reg_slice_mi' of module 'axi_register_slice_v2_1_15_axi_register_slice' has 93 connections declared, but only 92 given [/home/ernesto/workstation/Systems_Cleanbot/hardware/PiCAM/PiCAM.srcs/sources_1/bd/design_1/ipshared/c631/hdl/axi_crossbar_v2_1_vl_rfs.v:3121]
INFO: [Synth 8-6157] synthesizing module 'axi_crossbar_v2_1_16_addr_decoder__parameterized2' [/home/ernesto/workstation/Systems_Cleanbot/hardware/PiCAM/PiCAM.srcs/sources_1/bd/design_1/ipshared/c631/hdl/axi_crossbar_v2_1_vl_rfs.v:793]
INFO: [Synth 8-6155] done synthesizing module 'axi_crossbar_v2_1_16_addr_decoder__parameterized2' (0#1) [/home/ernesto/workstation/Systems_Cleanbot/hardware/PiCAM/PiCAM.srcs/sources_1/bd/design_1/ipshared/c631/hdl/axi_crossbar_v2_1_vl_rfs.v:793]
INFO: [Synth 8-6157] synthesizing module 'axi_data_fifo_v2_1_14_axic_srl_fifo__parameterized1' [/home/ernesto/workstation/Systems_Cleanbot/hardware/PiCAM/PiCAM.srcs/sources_1/bd/design_1/ipshared/9909/hdl/axi_data_fifo_v2_1_vl_rfs.v:697]
INFO: [Synth 8-6155] done synthesizing module 'axi_data_fifo_v2_1_14_axic_srl_fifo__parameterized1' (0#1) [/home/ernesto/workstation/Systems_Cleanbot/hardware/PiCAM/PiCAM.srcs/sources_1/bd/design_1/ipshared/9909/hdl/axi_data_fifo_v2_1_vl_rfs.v:697]
INFO: [Synth 8-6157] synthesizing module 'axi_crossbar_v2_1_16_wdata_mux__parameterized0' [/home/ernesto/workstation/Systems_Cleanbot/hardware/PiCAM/PiCAM.srcs/sources_1/bd/design_1/ipshared/c631/hdl/axi_crossbar_v2_1_vl_rfs.v:4558]
INFO: [Synth 8-6157] synthesizing module 'axi_data_fifo_v2_1_14_axic_reg_srl_fifo__parameterized1' [/home/ernesto/workstation/Systems_Cleanbot/hardware/PiCAM/PiCAM.srcs/sources_1/bd/design_1/ipshared/9909/hdl/axi_data_fifo_v2_1_vl_rfs.v:888]
INFO: [Synth 8-155] case statement is not full and has no default [/home/ernesto/workstation/Systems_Cleanbot/hardware/PiCAM/PiCAM.srcs/sources_1/bd/design_1/ipshared/9909/hdl/axi_data_fifo_v2_1_vl_rfs.v:986]
INFO: [Synth 8-6155] done synthesizing module 'axi_data_fifo_v2_1_14_axic_reg_srl_fifo__parameterized1' (0#1) [/home/ernesto/workstation/Systems_Cleanbot/hardware/PiCAM/PiCAM.srcs/sources_1/bd/design_1/ipshared/9909/hdl/axi_data_fifo_v2_1_vl_rfs.v:888]
INFO: [Synth 8-6155] done synthesizing module 'axi_crossbar_v2_1_16_wdata_mux__parameterized0' (0#1) [/home/ernesto/workstation/Systems_Cleanbot/hardware/PiCAM/PiCAM.srcs/sources_1/bd/design_1/ipshared/c631/hdl/axi_crossbar_v2_1_vl_rfs.v:4558]
WARNING: [Synth 8-7071] port 'aclk2x' of module 'axi_register_slice_v2_1_15_axi_register_slice' is unconnected for instance 'reg_slice_mi' [/home/ernesto/workstation/Systems_Cleanbot/hardware/PiCAM/PiCAM.srcs/sources_1/bd/design_1/ipshared/c631/hdl/axi_crossbar_v2_1_vl_rfs.v:3121]
WARNING: [Synth 8-7023] instance 'reg_slice_mi' of module 'axi_register_slice_v2_1_15_axi_register_slice' has 93 connections declared, but only 92 given [/home/ernesto/workstation/Systems_Cleanbot/hardware/PiCAM/PiCAM.srcs/sources_1/bd/design_1/ipshared/c631/hdl/axi_crossbar_v2_1_vl_rfs.v:3121]
INFO: [Synth 8-6157] synthesizing module 'axi_crossbar_v2_1_16_decerr_slave' [/home/ernesto/workstation/Systems_Cleanbot/hardware/PiCAM/PiCAM.srcs/sources_1/bd/design_1/ipshared/c631/hdl/axi_crossbar_v2_1_vl_rfs.v:3499]
INFO: [Synth 8-155] case statement is not full and has no default [/home/ernesto/workstation/Systems_Cleanbot/hardware/PiCAM/PiCAM.srcs/sources_1/bd/design_1/ipshared/c631/hdl/axi_crossbar_v2_1_vl_rfs.v:3631]
INFO: [Synth 8-6155] done synthesizing module 'axi_crossbar_v2_1_16_decerr_slave' (0#1) [/home/ernesto/workstation/Systems_Cleanbot/hardware/PiCAM/PiCAM.srcs/sources_1/bd/design_1/ipshared/c631/hdl/axi_crossbar_v2_1_vl_rfs.v:3499]
INFO: [Synth 8-6157] synthesizing module 'axi_crossbar_v2_1_16_addr_arbiter' [/home/ernesto/workstation/Systems_Cleanbot/hardware/PiCAM/PiCAM.srcs/sources_1/bd/design_1/ipshared/c631/hdl/axi_crossbar_v2_1_vl_rfs.v:422]
INFO: [Synth 8-6157] synthesizing module 'generic_baseblocks_v2_1_0_mux_enc__parameterized2' [/home/ernesto/workstation/Systems_Cleanbot/hardware/PiCAM/PiCAM.srcs/sources_1/bd/design_1/ipshared/b752/hdl/generic_baseblocks_v2_1_vl_rfs.v:2451]
INFO: [Synth 8-6155] done synthesizing module 'generic_baseblocks_v2_1_0_mux_enc__parameterized2' (0#1) [/home/ernesto/workstation/Systems_Cleanbot/hardware/PiCAM/PiCAM.srcs/sources_1/bd/design_1/ipshared/b752/hdl/generic_baseblocks_v2_1_vl_rfs.v:2451]
INFO: [Synth 8-6157] synthesizing module 'generic_baseblocks_v2_1_0_mux_enc__parameterized3' [/home/ernesto/workstation/Systems_Cleanbot/hardware/PiCAM/PiCAM.srcs/sources_1/bd/design_1/ipshared/b752/hdl/generic_baseblocks_v2_1_vl_rfs.v:2451]
INFO: [Synth 8-6155] done synthesizing module 'generic_baseblocks_v2_1_0_mux_enc__parameterized3' (0#1) [/home/ernesto/workstation/Systems_Cleanbot/hardware/PiCAM/PiCAM.srcs/sources_1/bd/design_1/ipshared/b752/hdl/generic_baseblocks_v2_1_vl_rfs.v:2451]
INFO: [Synth 8-6155] done synthesizing module 'axi_crossbar_v2_1_16_addr_arbiter' (0#1) [/home/ernesto/workstation/Systems_Cleanbot/hardware/PiCAM/PiCAM.srcs/sources_1/bd/design_1/ipshared/c631/hdl/axi_crossbar_v2_1_vl_rfs.v:422]
INFO: [Synth 8-6155] done synthesizing module 'axi_crossbar_v2_1_16_crossbar' (0#1) [/home/ernesto/workstation/Systems_Cleanbot/hardware/PiCAM/PiCAM.srcs/sources_1/bd/design_1/ipshared/c631/hdl/axi_crossbar_v2_1_vl_rfs.v:2238]
INFO: [Synth 8-6155] done synthesizing module 'axi_crossbar_v2_1_16_axi_crossbar' (0#1) [/home/ernesto/workstation/Systems_Cleanbot/hardware/PiCAM/PiCAM.srcs/sources_1/bd/design_1/ipshared/c631/hdl/axi_crossbar_v2_1_vl_rfs.v:4881]
INFO: [Synth 8-6155] done synthesizing module 'design_1_xbar_0' (0#1) [/home/ernesto/workstation/Systems_Cleanbot/hardware/PiCAM/PiCAM.srcs/sources_1/bd/design_1/ip/design_1_xbar_0_1/synth/design_1_xbar_0.v:53]
WARNING: [Synth 8-6014] Unused sequential element areset_d1_reg was removed.  [/home/ernesto/workstation/Systems_Cleanbot/hardware/PiCAM/PiCAM.srcs/sources_1/bd/design_1/ipshared/9909/hdl/axi_data_fifo_v2_1_vl_rfs.v:750]
WARNING: [Synth 8-6014] Unused sequential element S_READY_i_reg was removed.  [/home/ernesto/workstation/Systems_Cleanbot/hardware/PiCAM/PiCAM.srcs/sources_1/bd/design_1/ipshared/9909/hdl/axi_data_fifo_v2_1_vl_rfs.v:789]
WARNING: [Synth 8-6014] Unused sequential element gen_single_thread.debug_r_beat_cnt_i_reg was removed.  [/home/ernesto/workstation/Systems_Cleanbot/hardware/PiCAM/PiCAM.srcs/sources_1/bd/design_1/ipshared/c631/hdl/axi_crossbar_v2_1_vl_rfs.v:4190]
WARNING: [Synth 8-6014] Unused sequential element gen_single_thread.active_id_reg was removed.  [/home/ernesto/workstation/Systems_Cleanbot/hardware/PiCAM/PiCAM.srcs/sources_1/bd/design_1/ipshared/c631/hdl/axi_crossbar_v2_1_vl_rfs.v:4148]
WARNING: [Synth 8-6014] Unused sequential element gen_single_thread.debug_r_beat_cnt_i_reg was removed.  [/home/ernesto/workstation/Systems_Cleanbot/hardware/PiCAM/PiCAM.srcs/sources_1/bd/design_1/ipshared/c631/hdl/axi_crossbar_v2_1_vl_rfs.v:4190]
WARNING: [Synth 8-6014] Unused sequential element gen_single_thread.active_id_reg was removed.  [/home/ernesto/workstation/Systems_Cleanbot/hardware/PiCAM/PiCAM.srcs/sources_1/bd/design_1/ipshared/c631/hdl/axi_crossbar_v2_1_vl_rfs.v:4148]
WARNING: [Synth 8-6014] Unused sequential element areset_d1_reg was removed.  [/home/ernesto/workstation/Systems_Cleanbot/hardware/PiCAM/PiCAM.srcs/sources_1/bd/design_1/ipshared/9909/hdl/axi_data_fifo_v2_1_vl_rfs.v:750]
WARNING: [Synth 8-6014] Unused sequential element S_READY_i_reg was removed.  [/home/ernesto/workstation/Systems_Cleanbot/hardware/PiCAM/PiCAM.srcs/sources_1/bd/design_1/ipshared/9909/hdl/axi_data_fifo_v2_1_vl_rfs.v:789]
WARNING: [Synth 8-6014] Unused sequential element s_ready_i_reg was removed.  [/home/ernesto/workstation/Systems_Cleanbot/hardware/PiCAM/PiCAM.srcs/sources_1/bd/design_1/ipshared/9909/hdl/axi_data_fifo_v2_1_vl_rfs.v:1038]
WARNING: [Synth 8-6014] Unused sequential element areset_d1_reg was removed.  [/home/ernesto/workstation/Systems_Cleanbot/hardware/PiCAM/PiCAM.srcs/sources_1/bd/design_1/ipshared/9909/hdl/axi_data_fifo_v2_1_vl_rfs.v:750]
WARNING: [Synth 8-6014] Unused sequential element S_READY_i_reg was removed.  [/home/ernesto/workstation/Systems_Cleanbot/hardware/PiCAM/PiCAM.srcs/sources_1/bd/design_1/ipshared/9909/hdl/axi_data_fifo_v2_1_vl_rfs.v:789]
WARNING: [Synth 8-6014] Unused sequential element s_ready_i_reg was removed.  [/home/ernesto/workstation/Systems_Cleanbot/hardware/PiCAM/PiCAM.srcs/sources_1/bd/design_1/ipshared/9909/hdl/axi_data_fifo_v2_1_vl_rfs.v:1038]
WARNING: [Synth 8-6014] Unused sequential element gen_master_slots[0].gen_mi_write.gen_debug_w.debug_w_beat_cnt_i_reg was removed.  [/home/ernesto/workstation/Systems_Cleanbot/hardware/PiCAM/PiCAM.srcs/sources_1/bd/design_1/ipshared/c631/hdl/axi_crossbar_v2_1_vl_rfs.v:2996]
WARNING: [Synth 8-6014] Unused sequential element gen_master_slots[1].gen_mi_write.gen_debug_w.debug_w_beat_cnt_i_reg was removed.  [/home/ernesto/workstation/Systems_Cleanbot/hardware/PiCAM/PiCAM.srcs/sources_1/bd/design_1/ipshared/c631/hdl/axi_crossbar_v2_1_vl_rfs.v:2996]
WARNING: [Synth 8-7129] Port m_axi_buser[0] in module axi_infrastructure_v1_1_0_vector2axi is either unconnected or has no load
WARNING: [Synth 8-7129] Port m_axi_ruser[0] in module axi_infrastructure_v1_1_0_vector2axi is either unconnected or has no load
WARNING: [Synth 8-7129] Port s_axi_awuser[0] in module axi_infrastructure_v1_1_0_axi2vector is either unconnected or has no load
WARNING: [Synth 8-7129] Port s_axi_wid[0] in module axi_infrastructure_v1_1_0_axi2vector is either unconnected or has no load
WARNING: [Synth 8-7129] Port s_axi_wuser[0] in module axi_infrastructure_v1_1_0_axi2vector is either unconnected or has no load
WARNING: [Synth 8-7129] Port s_axi_aruser[0] in module axi_infrastructure_v1_1_0_axi2vector is either unconnected or has no load
WARNING: [Synth 8-7129] Port ACLK in module axi_register_slice_v2_1_15_axic_register_slice is either unconnected or has no load
WARNING: [Synth 8-7129] Port ARESET in module axi_register_slice_v2_1_15_axic_register_slice is either unconnected or has no load
WARNING: [Synth 8-7129] Port ACLK in module axi_register_slice_v2_1_15_axic_register_slice__parameterized0 is either unconnected or has no load
WARNING: [Synth 8-7129] Port ARESET in module axi_register_slice_v2_1_15_axic_register_slice__parameterized0 is either unconnected or has no load
WARNING: [Synth 8-7129] Port aclk2x in module axi_register_slice_v2_1_15_axi_register_slice is either unconnected or has no load
WARNING: [Synth 8-7129] Port ADDR[1] in module axi_crossbar_v2_1_16_addr_decoder is either unconnected or has no load
WARNING: [Synth 8-7129] Port ADDR[0] in module axi_crossbar_v2_1_16_addr_decoder is either unconnected or has no load
WARNING: [Synth 8-7129] Port S_ABURST[1] in module axi_crossbar_v2_1_16_si_transactor__parameterized0 is either unconnected or has no load
WARNING: [Synth 8-7129] Port S_ABURST[0] in module axi_crossbar_v2_1_16_si_transactor__parameterized0 is either unconnected or has no load
WARNING: [Synth 8-7129] Port S_ABURST[1] in module axi_crossbar_v2_1_16_si_transactor is either unconnected or has no load
WARNING: [Synth 8-7129] Port S_ABURST[0] in module axi_crossbar_v2_1_16_si_transactor is either unconnected or has no load
WARNING: [Synth 8-7129] Port S_AXI_AWID[1] in module axi_crossbar_v2_1_16_crossbar is either unconnected or has no load
WARNING: [Synth 8-7129] Port S_AXI_AWID[0] in module axi_crossbar_v2_1_16_crossbar is either unconnected or has no load
WARNING: [Synth 8-7129] Port S_AXI_AWADDR[31] in module axi_crossbar_v2_1_16_crossbar is either unconnected or has no load
WARNING: [Synth 8-7129] Port S_AXI_AWADDR[30] in module axi_crossbar_v2_1_16_crossbar is either unconnected or has no load
WARNING: [Synth 8-7129] Port S_AXI_AWADDR[29] in module axi_crossbar_v2_1_16_crossbar is either unconnected or has no load
WARNING: [Synth 8-7129] Port S_AXI_AWADDR[28] in module axi_crossbar_v2_1_16_crossbar is either unconnected or has no load
WARNING: [Synth 8-7129] Port S_AXI_AWADDR[27] in module axi_crossbar_v2_1_16_crossbar is either unconnected or has no load
WARNING: [Synth 8-7129] Port S_AXI_AWADDR[26] in module axi_crossbar_v2_1_16_crossbar is either unconnected or has no load
WARNING: [Synth 8-7129] Port S_AXI_AWADDR[25] in module axi_crossbar_v2_1_16_crossbar is either unconnected or has no load
WARNING: [Synth 8-7129] Port S_AXI_AWADDR[24] in module axi_crossbar_v2_1_16_crossbar is either unconnected or has no load
WARNING: [Synth 8-7129] Port S_AXI_AWADDR[23] in module axi_crossbar_v2_1_16_crossbar is either unconnected or has no load
WARNING: [Synth 8-7129] Port S_AXI_AWADDR[22] in module axi_crossbar_v2_1_16_crossbar is either unconnected or has no load
WARNING: [Synth 8-7129] Port S_AXI_AWADDR[21] in module axi_crossbar_v2_1_16_crossbar is either unconnected or has no load
WARNING: [Synth 8-7129] Port S_AXI_AWADDR[20] in module axi_crossbar_v2_1_16_crossbar is either unconnected or has no load
WARNING: [Synth 8-7129] Port S_AXI_AWADDR[19] in module axi_crossbar_v2_1_16_crossbar is either unconnected or has no load
WARNING: [Synth 8-7129] Port S_AXI_AWADDR[18] in module axi_crossbar_v2_1_16_crossbar is either unconnected or has no load
WARNING: [Synth 8-7129] Port S_AXI_AWADDR[17] in module axi_crossbar_v2_1_16_crossbar is either unconnected or has no load
WARNING: [Synth 8-7129] Port S_AXI_AWADDR[16] in module axi_crossbar_v2_1_16_crossbar is either unconnected or has no load
WARNING: [Synth 8-7129] Port S_AXI_AWADDR[15] in module axi_crossbar_v2_1_16_crossbar is either unconnected or has no load
WARNING: [Synth 8-7129] Port S_AXI_AWADDR[14] in module axi_crossbar_v2_1_16_crossbar is either unconnected or has no load
WARNING: [Synth 8-7129] Port S_AXI_AWADDR[13] in module axi_crossbar_v2_1_16_crossbar is either unconnected or has no load
WARNING: [Synth 8-7129] Port S_AXI_AWADDR[12] in module axi_crossbar_v2_1_16_crossbar is either unconnected or has no load
WARNING: [Synth 8-7129] Port S_AXI_AWADDR[11] in module axi_crossbar_v2_1_16_crossbar is either unconnected or has no load
WARNING: [Synth 8-7129] Port S_AXI_AWADDR[10] in module axi_crossbar_v2_1_16_crossbar is either unconnected or has no load
WARNING: [Synth 8-7129] Port S_AXI_AWADDR[9] in module axi_crossbar_v2_1_16_crossbar is either unconnected or has no load
WARNING: [Synth 8-7129] Port S_AXI_AWADDR[8] in module axi_crossbar_v2_1_16_crossbar is either unconnected or has no load
WARNING: [Synth 8-7129] Port S_AXI_AWADDR[7] in module axi_crossbar_v2_1_16_crossbar is either unconnected or has no load
WARNING: [Synth 8-7129] Port S_AXI_AWADDR[6] in module axi_crossbar_v2_1_16_crossbar is either unconnected or has no load
WARNING: [Synth 8-7129] Port S_AXI_AWADDR[5] in module axi_crossbar_v2_1_16_crossbar is either unconnected or has no load
WARNING: [Synth 8-7129] Port S_AXI_AWADDR[4] in module axi_crossbar_v2_1_16_crossbar is either unconnected or has no load
WARNING: [Synth 8-7129] Port S_AXI_AWADDR[3] in module axi_crossbar_v2_1_16_crossbar is either unconnected or has no load
WARNING: [Synth 8-7129] Port S_AXI_AWADDR[2] in module axi_crossbar_v2_1_16_crossbar is either unconnected or has no load
WARNING: [Synth 8-7129] Port S_AXI_AWADDR[1] in module axi_crossbar_v2_1_16_crossbar is either unconnected or has no load
WARNING: [Synth 8-7129] Port S_AXI_AWADDR[0] in module axi_crossbar_v2_1_16_crossbar is either unconnected or has no load
WARNING: [Synth 8-7129] Port S_AXI_AWLEN[7] in module axi_crossbar_v2_1_16_crossbar is either unconnected or has no load
WARNING: [Synth 8-7129] Port S_AXI_AWLEN[6] in module axi_crossbar_v2_1_16_crossbar is either unconnected or has no load
WARNING: [Synth 8-7129] Port S_AXI_AWLEN[5] in module axi_crossbar_v2_1_16_crossbar is either unconnected or has no load
WARNING: [Synth 8-7129] Port S_AXI_AWLEN[4] in module axi_crossbar_v2_1_16_crossbar is either unconnected or has no load
WARNING: [Synth 8-7129] Port S_AXI_AWLEN[3] in module axi_crossbar_v2_1_16_crossbar is either unconnected or has no load
WARNING: [Synth 8-7129] Port S_AXI_AWLEN[2] in module axi_crossbar_v2_1_16_crossbar is either unconnected or has no load
WARNING: [Synth 8-7129] Port S_AXI_AWLEN[1] in module axi_crossbar_v2_1_16_crossbar is either unconnected or has no load
WARNING: [Synth 8-7129] Port S_AXI_AWLEN[0] in module axi_crossbar_v2_1_16_crossbar is either unconnected or has no load
WARNING: [Synth 8-7129] Port S_AXI_AWSIZE[2] in module axi_crossbar_v2_1_16_crossbar is either unconnected or has no load
WARNING: [Synth 8-7129] Port S_AXI_AWSIZE[1] in module axi_crossbar_v2_1_16_crossbar is either unconnected or has no load
WARNING: [Synth 8-7129] Port S_AXI_AWSIZE[0] in module axi_crossbar_v2_1_16_crossbar is either unconnected or has no load
WARNING: [Synth 8-7129] Port S_AXI_AWBURST[1] in module axi_crossbar_v2_1_16_crossbar is either unconnected or has no load
WARNING: [Synth 8-7129] Port S_AXI_AWBURST[0] in module axi_crossbar_v2_1_16_crossbar is either unconnected or has no load
WARNING: [Synth 8-7129] Port S_AXI_AWLOCK[1] in module axi_crossbar_v2_1_16_crossbar is either unconnected or has no load
WARNING: [Synth 8-7129] Port S_AXI_AWLOCK[0] in module axi_crossbar_v2_1_16_crossbar is either unconnected or has no load
WARNING: [Synth 8-7129] Port S_AXI_AWCACHE[3] in module axi_crossbar_v2_1_16_crossbar is either unconnected or has no load
WARNING: [Synth 8-7129] Port S_AXI_AWCACHE[2] in module axi_crossbar_v2_1_16_crossbar is either unconnected or has no load
WARNING: [Synth 8-7129] Port S_AXI_AWCACHE[1] in module axi_crossbar_v2_1_16_crossbar is either unconnected or has no load
WARNING: [Synth 8-7129] Port S_AXI_AWCACHE[0] in module axi_crossbar_v2_1_16_crossbar is either unconnected or has no load
WARNING: [Synth 8-7129] Port S_AXI_AWPROT[2] in module axi_crossbar_v2_1_16_crossbar is either unconnected or has no load
WARNING: [Synth 8-7129] Port S_AXI_AWPROT[1] in module axi_crossbar_v2_1_16_crossbar is either unconnected or has no load
WARNING: [Synth 8-7129] Port S_AXI_AWPROT[0] in module axi_crossbar_v2_1_16_crossbar is either unconnected or has no load
WARNING: [Synth 8-7129] Port S_AXI_AWQOS[3] in module axi_crossbar_v2_1_16_crossbar is either unconnected or has no load
WARNING: [Synth 8-7129] Port S_AXI_AWQOS[2] in module axi_crossbar_v2_1_16_crossbar is either unconnected or has no load
WARNING: [Synth 8-7129] Port S_AXI_AWQOS[1] in module axi_crossbar_v2_1_16_crossbar is either unconnected or has no load
WARNING: [Synth 8-7129] Port S_AXI_AWQOS[0] in module axi_crossbar_v2_1_16_crossbar is either unconnected or has no load
WARNING: [Synth 8-7129] Port S_AXI_AWUSER[0] in module axi_crossbar_v2_1_16_crossbar is either unconnected or has no load
WARNING: [Synth 8-7129] Port S_AXI_AWVALID[0] in module axi_crossbar_v2_1_16_crossbar is either unconnected or has no load
WARNING: [Synth 8-7129] Port S_AXI_WID[1] in module axi_crossbar_v2_1_16_crossbar is either unconnected or has no load
WARNING: [Synth 8-7129] Port S_AXI_WID[0] in module axi_crossbar_v2_1_16_crossbar is either unconnected or has no load
WARNING: [Synth 8-7129] Port S_AXI_WDATA[63] in module axi_crossbar_v2_1_16_crossbar is either unconnected or has no load
WARNING: [Synth 8-7129] Port S_AXI_WDATA[62] in module axi_crossbar_v2_1_16_crossbar is either unconnected or has no load
WARNING: [Synth 8-7129] Port S_AXI_WDATA[61] in module axi_crossbar_v2_1_16_crossbar is either unconnected or has no load
WARNING: [Synth 8-7129] Port S_AXI_WDATA[60] in module axi_crossbar_v2_1_16_crossbar is either unconnected or has no load
WARNING: [Synth 8-7129] Port S_AXI_WDATA[59] in module axi_crossbar_v2_1_16_crossbar is either unconnected or has no load
WARNING: [Synth 8-7129] Port S_AXI_WDATA[58] in module axi_crossbar_v2_1_16_crossbar is either unconnected or has no load
WARNING: [Synth 8-7129] Port S_AXI_WDATA[57] in module axi_crossbar_v2_1_16_crossbar is either unconnected or has no load
WARNING: [Synth 8-7129] Port S_AXI_WDATA[56] in module axi_crossbar_v2_1_16_crossbar is either unconnected or has no load
WARNING: [Synth 8-7129] Port S_AXI_WDATA[55] in module axi_crossbar_v2_1_16_crossbar is either unconnected or has no load
WARNING: [Synth 8-7129] Port S_AXI_WDATA[54] in module axi_crossbar_v2_1_16_crossbar is either unconnected or has no load
WARNING: [Synth 8-7129] Port S_AXI_WDATA[53] in module axi_crossbar_v2_1_16_crossbar is either unconnected or has no load
WARNING: [Synth 8-7129] Port S_AXI_WDATA[52] in module axi_crossbar_v2_1_16_crossbar is either unconnected or has no load
WARNING: [Synth 8-7129] Port S_AXI_WDATA[51] in module axi_crossbar_v2_1_16_crossbar is either unconnected or has no load
WARNING: [Synth 8-7129] Port S_AXI_WDATA[50] in module axi_crossbar_v2_1_16_crossbar is either unconnected or has no load
WARNING: [Synth 8-7129] Port S_AXI_WDATA[49] in module axi_crossbar_v2_1_16_crossbar is either unconnected or has no load
WARNING: [Synth 8-7129] Port S_AXI_WDATA[48] in module axi_crossbar_v2_1_16_crossbar is either unconnected or has no load
WARNING: [Synth 8-7129] Port S_AXI_WDATA[47] in module axi_crossbar_v2_1_16_crossbar is either unconnected or has no load
WARNING: [Synth 8-7129] Port S_AXI_WDATA[46] in module axi_crossbar_v2_1_16_crossbar is either unconnected or has no load
WARNING: [Synth 8-7129] Port S_AXI_WDATA[45] in module axi_crossbar_v2_1_16_crossbar is either unconnected or has no load
INFO: [Common 17-14] Message 'Synth 8-7129' appears 100 times and further instances of the messages will be disabled. Use the Tcl command set_msg_config to change the current settings.
---------------------------------------------------------------------------------
Finished RTL Elaboration : Time (s): cpu = 00:00:12 ; elapsed = 00:00:15 . Memory (MB): peak = 2910.859 ; gain = 0.000 ; free physical = 2659 ; free virtual = 25977
---------------------------------------------------------------------------------
---------------------------------------------------------------------------------
Start Handling Custom Attributes
---------------------------------------------------------------------------------
---------------------------------------------------------------------------------
Finished Handling Custom Attributes : Time (s): cpu = 00:00:12 ; elapsed = 00:00:15 . Memory (MB): peak = 2910.859 ; gain = 0.000 ; free physical = 2631 ; free virtual = 25953
---------------------------------------------------------------------------------
---------------------------------------------------------------------------------
Finished RTL Optimization Phase 1 : Time (s): cpu = 00:00:12 ; elapsed = 00:00:15 . Memory (MB): peak = 2910.859 ; gain = 0.000 ; free physical = 2630 ; free virtual = 25952
---------------------------------------------------------------------------------
Netlist sorting complete. Time (s): cpu = 00:00:00.05 ; elapsed = 00:00:00.04 . Memory (MB): peak = 2910.859 ; gain = 0.000 ; free physical = 2557 ; free virtual = 25890
INFO: [Project 1-570] Preparing netlist for logic optimization

Processing XDC Constraints
Initializing timing engine
Parsing XDC File [/home/ernesto/workstation/Systems_Cleanbot/hardware/PiCAM/PiCAM.srcs/sources_1/bd/design_1/ip/design_1_xbar_0_1/design_1_xbar_0_ooc.xdc] for cell 'inst'
Finished Parsing XDC File [/home/ernesto/workstation/Systems_Cleanbot/hardware/PiCAM/PiCAM.srcs/sources_1/bd/design_1/ip/design_1_xbar_0_1/design_1_xbar_0_ooc.xdc] for cell 'inst'
Parsing XDC File [/home/ernesto/workstation/Systems_Cleanbot/hardware/PiCAM/PiCAM.runs/design_1_xbar_0_synth_1/dont_touch.xdc]
Finished Parsing XDC File [/home/ernesto/workstation/Systems_Cleanbot/hardware/PiCAM/PiCAM.runs/design_1_xbar_0_synth_1/dont_touch.xdc]
Completed Processing XDC Constraints

Netlist sorting complete. Time (s): cpu = 00:00:00 ; elapsed = 00:00:00 . Memory (MB): peak = 2996.703 ; gain = 0.000 ; free physical = 2628 ; free virtual = 26065
INFO: [Project 1-111] Unisim Transformation Summary:
No Unisim elements were transformed.

Constraint Validation Runtime : Time (s): cpu = 00:00:00.06 ; elapsed = 00:00:00.04 . Memory (MB): peak = 2996.703 ; gain = 0.000 ; free physical = 2646 ; free virtual = 26085
INFO: [Designutils 20-5008] Incremental synthesis strategy off
---------------------------------------------------------------------------------
Finished Constraint Validation : Time (s): cpu = 00:00:19 ; elapsed = 00:00:23 . Memory (MB): peak = 2996.703 ; gain = 85.844 ; free physical = 2351 ; free virtual = 26768
---------------------------------------------------------------------------------
---------------------------------------------------------------------------------
Start Loading Part and Timing Information
---------------------------------------------------------------------------------
Loading part: xc7z020clg400-1
---------------------------------------------------------------------------------
Finished Loading Part and Timing Information : Time (s): cpu = 00:00:19 ; elapsed = 00:00:23 . Memory (MB): peak = 2996.703 ; gain = 85.844 ; free physical = 2344 ; free virtual = 26761
---------------------------------------------------------------------------------
---------------------------------------------------------------------------------
Start Applying 'set_property' XDC Constraints
---------------------------------------------------------------------------------
Applied set_property KEEP_HIERARCHY = SOFT for inst. (constraint file  /home/ernesto/workstation/Systems_Cleanbot/hardware/PiCAM/PiCAM.runs/design_1_xbar_0_synth_1/dont_touch.xdc, line 9).
---------------------------------------------------------------------------------
Finished applying 'set_property' XDC Constraints : Time (s): cpu = 00:00:19 ; elapsed = 00:00:23 . Memory (MB): peak = 2996.703 ; gain = 85.844 ; free physical = 2338 ; free virtual = 26755
---------------------------------------------------------------------------------
INFO: [Synth 8-802] inferred FSM for state register 'state_reg' in module 'axi_data_fifo_v2_1_14_axic_reg_srl_fifo'
INFO: [Synth 8-802] inferred FSM for state register 'state_reg' in module 'axi_data_fifo_v2_1_14_axic_reg_srl_fifo__parameterized0'
INFO: [Synth 8-802] inferred FSM for state register 'state_reg' in module 'axi_data_fifo_v2_1_14_axic_reg_srl_fifo__parameterized1'
INFO: [Synth 8-802] inferred FSM for state register 'gen_axi.write_cs_reg' in module 'axi_crossbar_v2_1_16_decerr_slave'
---------------------------------------------------------------------------------------------------
                   State |                     New Encoding |                Previous Encoding 
---------------------------------------------------------------------------------------------------
                    ZERO |                             1000 |                               10
                     ONE |                             0010 |                               11
                     TWO |                             0001 |                               01
                  iSTATE |                             0100 |                               00
---------------------------------------------------------------------------------------------------
INFO: [Synth 8-3354] encoded FSM with state register 'state_reg' using encoding 'one-hot' in module 'axi_data_fifo_v2_1_14_axic_reg_srl_fifo'
---------------------------------------------------------------------------------------------------
                   State |                     New Encoding |                Previous Encoding 
---------------------------------------------------------------------------------------------------
                    ZERO |                             1000 |                               10
                     ONE |                             0010 |                               11
                     TWO |                             0001 |                               01
                  iSTATE |                             0100 |                               00
---------------------------------------------------------------------------------------------------
INFO: [Synth 8-3354] encoded FSM with state register 'state_reg' using encoding 'one-hot' in module 'axi_data_fifo_v2_1_14_axic_reg_srl_fifo__parameterized0'
---------------------------------------------------------------------------------------------------
                   State |                     New Encoding |                Previous Encoding 
---------------------------------------------------------------------------------------------------
                    ZERO |                             1000 |                               10
                     ONE |                             0010 |                               11
                     TWO |                             0001 |                               01
                  iSTATE |                             0100 |                               00
---------------------------------------------------------------------------------------------------
INFO: [Synth 8-3354] encoded FSM with state register 'state_reg' using encoding 'one-hot' in module 'axi_data_fifo_v2_1_14_axic_reg_srl_fifo__parameterized1'
---------------------------------------------------------------------------------------------------
                   State |                     New Encoding |                Previous Encoding 
---------------------------------------------------------------------------------------------------
            P_WRITE_IDLE |                              001 |                               00
            P_WRITE_DATA |                              010 |                               01
            P_WRITE_RESP |                              100 |                               10
---------------------------------------------------------------------------------------------------
INFO: [Synth 8-3354] encoded FSM with state register 'gen_axi.write_cs_reg' using encoding 'one-hot' in module 'axi_crossbar_v2_1_16_decerr_slave'
---------------------------------------------------------------------------------
Finished RTL Optimization Phase 2 : Time (s): cpu = 00:00:20 ; elapsed = 00:00:24 . Memory (MB): peak = 2996.703 ; gain = 85.844 ; free physical = 2167 ; free virtual = 26643
---------------------------------------------------------------------------------
---------------------------------------------------------------------------------
Start RTL Component Statistics 
---------------------------------------------------------------------------------
Detailed RTL Component Info : 
+---Adders : 
	   2 Input    8 Bit       Adders := 3     
	   2 Input    4 Bit       Adders := 2     
	   2 Input    3 Bit       Adders := 3     
	   2 Input    2 Bit       Adders := 9     
	   2 Input    1 Bit       Adders := 2     
+---XORs : 
	   2 Input      1 Bit         XORs := 7     
+---Registers : 
	               68 Bit    Registers := 4     
	               64 Bit    Registers := 2     
	                8 Bit    Registers := 3     
	                4 Bit    Registers := 2     
	                3 Bit    Registers := 4     
	                2 Bit    Registers := 25    
	                1 Bit    Registers := 39    
+---Muxes : 
	   2 Input   68 Bit        Muxes := 4     
	   2 Input   16 Bit        Muxes := 4     
	   2 Input    8 Bit        Muxes := 1     
	   3 Input    4 Bit        Muxes := 3     
	   2 Input    4 Bit        Muxes := 11    
	   2 Input    3 Bit        Muxes := 1     
	   2 Input    2 Bit        Muxes := 17    
	   2 Input    1 Bit        Muxes := 50    
	   4 Input    1 Bit        Muxes := 9     
	   3 Input    1 Bit        Muxes := 9     
---------------------------------------------------------------------------------
Finished RTL Component Statistics 
---------------------------------------------------------------------------------
---------------------------------------------------------------------------------
Start Part Resource Summary
---------------------------------------------------------------------------------
Part Resources:
DSPs: 220 (col length:60)
BRAMs: 280 (col length: RAMB18 60 RAMB36 30)
---------------------------------------------------------------------------------
Finished Part Resource Summary
---------------------------------------------------------------------------------
---------------------------------------------------------------------------------
Start Cross Boundary and Area Optimization
---------------------------------------------------------------------------------
WARNING: [Synth 8-7080] Parallel synthesis criteria is not met
INFO: [Synth 8-3332] Sequential element (gen_samd.crossbar_samd/gen_slave_slots[1].gen_si_write.wdata_router_w/wrouter_aw_fifo/FSM_onehot_state_reg[2]) is unused and will be removed from module axi_crossbar_v2_1_16_axi_crossbar.
INFO: [Synth 8-3332] Sequential element (gen_samd.crossbar_samd/gen_master_slots[0].gen_mi_write.wdata_mux_w/gen_wmux.wmux_aw_fifo/FSM_onehot_state_reg[2]) is unused and will be removed from module axi_crossbar_v2_1_16_axi_crossbar.
INFO: [Synth 8-3332] Sequential element (gen_samd.crossbar_samd/gen_master_slots[1].gen_mi_write.wdata_mux_w/gen_wmux.wmux_aw_fifo/FSM_onehot_state_reg[2]) is unused and will be removed from module axi_crossbar_v2_1_16_axi_crossbar.
---------------------------------------------------------------------------------
Finished Cross Boundary and Area Optimization : Time (s): cpu = 00:00:22 ; elapsed = 00:00:26 . Memory (MB): peak = 2996.703 ; gain = 85.844 ; free physical = 1936 ; free virtual = 26661
---------------------------------------------------------------------------------
---------------------------------------------------------------------------------
Start Applying XDC Timing Constraints
---------------------------------------------------------------------------------
---------------------------------------------------------------------------------
Finished Applying XDC Timing Constraints : Time (s): cpu = 00:00:27 ; elapsed = 00:00:32 . Memory (MB): peak = 2996.703 ; gain = 85.844 ; free physical = 2415 ; free virtual = 27539
---------------------------------------------------------------------------------
---------------------------------------------------------------------------------
Start Timing Optimization
---------------------------------------------------------------------------------
---------------------------------------------------------------------------------
Finished Timing Optimization : Time (s): cpu = 00:00:29 ; elapsed = 00:00:33 . Memory (MB): peak = 2996.703 ; gain = 85.844 ; free physical = 2474 ; free virtual = 27654
---------------------------------------------------------------------------------
---------------------------------------------------------------------------------
Start Technology Mapping
---------------------------------------------------------------------------------
---------------------------------------------------------------------------------
Finished Technology Mapping : Time (s): cpu = 00:00:29 ; elapsed = 00:00:33 . Memory (MB): peak = 2996.703 ; gain = 85.844 ; free physical = 2434 ; free virtual = 27614
---------------------------------------------------------------------------------
---------------------------------------------------------------------------------
Start IO Insertion
---------------------------------------------------------------------------------
---------------------------------------------------------------------------------
Start Flattening Before IO Insertion
---------------------------------------------------------------------------------
---------------------------------------------------------------------------------
Finished Flattening Before IO Insertion
---------------------------------------------------------------------------------
---------------------------------------------------------------------------------
Start Final Netlist Cleanup
---------------------------------------------------------------------------------
---------------------------------------------------------------------------------
Finished Final Netlist Cleanup
---------------------------------------------------------------------------------
---------------------------------------------------------------------------------
Finished IO Insertion : Time (s): cpu = 00:00:32 ; elapsed = 00:00:36 . Memory (MB): peak = 2996.703 ; gain = 85.844 ; free physical = 2475 ; free virtual = 27787
---------------------------------------------------------------------------------
---------------------------------------------------------------------------------
Start Renaming Generated Instances
---------------------------------------------------------------------------------
---------------------------------------------------------------------------------
Finished Renaming Generated Instances : Time (s): cpu = 00:00:32 ; elapsed = 00:00:36 . Memory (MB): peak = 2996.703 ; gain = 85.844 ; free physical = 2474 ; free virtual = 27786
---------------------------------------------------------------------------------
---------------------------------------------------------------------------------
Start Rebuilding User Hierarchy
---------------------------------------------------------------------------------
---------------------------------------------------------------------------------
Finished Rebuilding User Hierarchy : Time (s): cpu = 00:00:32 ; elapsed = 00:00:37 . Memory (MB): peak = 2996.703 ; gain = 85.844 ; free physical = 2467 ; free virtual = 27785
---------------------------------------------------------------------------------
---------------------------------------------------------------------------------
Start Renaming Generated Ports
---------------------------------------------------------------------------------
---------------------------------------------------------------------------------
Finished Renaming Generated Ports : Time (s): cpu = 00:00:32 ; elapsed = 00:00:37 . Memory (MB): peak = 2996.703 ; gain = 85.844 ; free physical = 2466 ; free virtual = 27785
---------------------------------------------------------------------------------
---------------------------------------------------------------------------------
Start Handling Custom Attributes
---------------------------------------------------------------------------------
---------------------------------------------------------------------------------
Finished Handling Custom Attributes : Time (s): cpu = 00:00:32 ; elapsed = 00:00:37 . Memory (MB): peak = 2996.703 ; gain = 85.844 ; free physical = 2466 ; free virtual = 27786
---------------------------------------------------------------------------------
---------------------------------------------------------------------------------
Start Renaming Generated Nets
---------------------------------------------------------------------------------
---------------------------------------------------------------------------------
Finished Renaming Generated Nets : Time (s): cpu = 00:00:32 ; elapsed = 00:00:37 . Memory (MB): peak = 2996.703 ; gain = 85.844 ; free physical = 2465 ; free virtual = 27786
---------------------------------------------------------------------------------
---------------------------------------------------------------------------------
Start Writing Synthesis Report
---------------------------------------------------------------------------------

Report BlackBoxes: 
+-+--------------+----------+
| |BlackBox name |Instances |
+-+--------------+----------+
+-+--------------+----------+

Report Cell Usage: 
+------+--------+------+
|      |Cell    |Count |
+------+--------+------+
|1     |LUT1    |     5|
|2     |LUT2    |   207|
|3     |LUT3    |   103|
|4     |LUT4    |    31|
|5     |LUT5    |    45|
|6     |LUT6    |    56|
|7     |SRLC32E |     3|
|8     |FDRE    |   337|
|9     |FDSE    |    15|
+------+--------+------+
---------------------------------------------------------------------------------
Finished Writing Synthesis Report : Time (s): cpu = 00:00:32 ; elapsed = 00:00:37 . Memory (MB): peak = 2996.703 ; gain = 85.844 ; free physical = 2468 ; free virtual = 27789
---------------------------------------------------------------------------------
Synthesis finished with 0 errors, 0 critical warnings and 421 warnings.
Synthesis Optimization Runtime : Time (s): cpu = 00:00:30 ; elapsed = 00:00:34 . Memory (MB): peak = 2996.703 ; gain = 0.000 ; free physical = 2512 ; free virtual = 27842
Synthesis Optimization Complete : Time (s): cpu = 00:00:33 ; elapsed = 00:00:37 . Memory (MB): peak = 2996.703 ; gain = 85.844 ; free physical = 2518 ; free virtual = 27848
INFO: [Project 1-571] Translating synthesized netlist
Netlist sorting complete. Time (s): cpu = 00:00:00.01 ; elapsed = 00:00:00.01 . Memory (MB): peak = 2996.703 ; gain = 0.000 ; free physical = 2672 ; free virtual = 28012
INFO: [Project 1-570] Preparing netlist for logic optimization
INFO: [Opt 31-138] Pushed 0 inverter(s) to 0 load pin(s).
Netlist sorting complete. Time (s): cpu = 00:00:00 ; elapsed = 00:00:00 . Memory (MB): peak = 2996.703 ; gain = 0.000 ; free physical = 2674 ; free virtual = 28072
INFO: [Project 1-111] Unisim Transformation Summary:
No Unisim elements were transformed.

Synth Design complete, checksum: f7664abb
INFO: [Common 17-83] Releasing license: Synthesis
109 Infos, 120 Warnings, 0 Critical Warnings and 0 Errors encountered.
synth_design completed successfully
synth_design: Time (s): cpu = 00:00:44 ; elapsed = 00:00:42 . Memory (MB): peak = 2996.703 ; gain = 85.844 ; free physical = 2875 ; free virtual = 28290
INFO: [Common 17-1381] The checkpoint '/home/ernesto/workstation/Systems_Cleanbot/hardware/PiCAM/PiCAM.runs/design_1_xbar_0_synth_1/design_1_xbar_0.dcp' has been generated.
INFO: [Coretcl 2-1648] Added synthesis output to IP cache for IP design_1_xbar_0, cache-ID = 634590d5a245f9cd
INFO: [Coretcl 2-1174] Renamed 24 cell refs.
INFO: [Common 17-1381] The checkpoint '/home/ernesto/workstation/Systems_Cleanbot/hardware/PiCAM/PiCAM.runs/design_1_xbar_0_synth_1/design_1_xbar_0.dcp' has been generated.
INFO: [runtcl-4] Executing : report_utilization -file design_1_xbar_0_utilization_synth.rpt -pb design_1_xbar_0_utilization_synth.pb
INFO: [Common 17-206] Exiting Vivado at Mon Nov  7 23:09:58 2022...
